[Mon Apr 07 10:20:12 EDT 2014]Bundle opened in Visualization Customizer version 1.1.
[Mon Apr 07 10:20:12 EDT 2014]SHAs for vis bundle entries:
[Mon Apr 07 10:20:12 EDT 2014]definitionXml: 50720eeeb92ab7e44bcad43c5dba9af5aad867d2
[Mon Apr 07 10:20:12 EDT 2014]vizJson: 31f285d8e56a5285a4355fbb8f9e61a0e604e6cb
[Mon Apr 07 10:20:12 EDT 2014]msg.properties: 35b7a2a9e4ebfe6c5d51dc068672898b12c581a9
[Mon Apr 07 10:20:12 EDT 2014]msg_ca.properties: 35b7a2a9e4ebfe6c5d51dc068672898b12c581a9
[Mon Apr 07 10:20:12 EDT 2014]msg_cs.properties: d79fdaf00b01c68ceef3f775a78d4a64ac5e7aba
[Mon Apr 07 10:20:12 EDT 2014]msg_da.properties: e89785971129a8547b70d7d4d3693f03f9a96e82
[Mon Apr 07 10:20:12 EDT 2014]msg_de.properties: 27a13de204ba2eaaceb791612908cd44fa31eb12
[Mon Apr 07 10:20:12 EDT 2014]msg_el.properties: 35b7a2a9e4ebfe6c5d51dc068672898b12c581a9
[Mon Apr 07 10:20:12 EDT 2014]msg_en.properties: 35b7a2a9e4ebfe6c5d51dc068672898b12c581a9
[Mon Apr 07 10:20:12 EDT 2014]msg_es.properties: 0236fd69efdf7cff227e92571183329b1fc27565
[Mon Apr 07 10:20:12 EDT 2014]msg_fi.properties: 0aab7e21da858743a75fb1335ac077ce38317ae5
[Mon Apr 07 10:20:12 EDT 2014]msg_fr.properties: 5998d872c3bc0301f5ee0299117f44e45367655a
[Mon Apr 07 10:20:12 EDT 2014]msg_hr.properties: 8a0f83fe96548a0567eaefb8d1e3752bb96c934a
[Mon Apr 07 10:20:12 EDT 2014]msg_hu.properties: 8479190761d943d8ff0d93c9d3760c5a5e2d9d7c
[Mon Apr 07 10:20:12 EDT 2014]msg_id.properties: 35b7a2a9e4ebfe6c5d51dc068672898b12c581a9
[Mon Apr 07 10:20:12 EDT 2014]msg_in.properties: 35b7a2a9e4ebfe6c5d51dc068672898b12c581a9
[Mon Apr 07 10:20:12 EDT 2014]msg_it.properties: 3c11134fa1fa8266de2ebc1ea5328d9a763c21af
[Mon Apr 07 10:20:12 EDT 2014]msg_ja.properties: 22a0e30518ad1dea12ac99a83690f6ad6ce97c93
[Mon Apr 07 10:20:12 EDT 2014]msg_kk.properties: 819e43186c79533468cf21a2accb91c8af4c79c5
[Mon Apr 07 10:20:12 EDT 2014]msg_ko.properties: bc9d1e11ba5505d4aff051ed894ebc48d3625421
[Mon Apr 07 10:20:12 EDT 2014]msg_ms.properties: 35b7a2a9e4ebfe6c5d51dc068672898b12c581a9
[Mon Apr 07 10:20:12 EDT 2014]msg_nb.properties: c6b26e991e6ade08cbbc9cc6d80e72b5b840c3de
[Mon Apr 07 10:20:12 EDT 2014]msg_nl.properties: 7cac2125b13694be2fd63bde00a38a449926efbd
[Mon Apr 07 10:20:12 EDT 2014]msg_no.properties: c6b26e991e6ade08cbbc9cc6d80e72b5b840c3de
[Mon Apr 07 10:20:12 EDT 2014]msg_pl.properties: aa363be97ce9ea64e17bd37a7f7e4cc0ebfafd8d
[Mon Apr 07 10:20:12 EDT 2014]msg_pt.properties: 82bbf19ae78b6e80025b550b3c3a1d2b3c8a15a5
[Mon Apr 07 10:20:12 EDT 2014]msg_ro.properties: 00597de588b1703ad62b0cc41c3f114dd7dd5110
[Mon Apr 07 10:20:12 EDT 2014]msg_ru.properties: 1c722418b205c73986bae9db4f25a2cff82e487d
[Mon Apr 07 10:20:12 EDT 2014]msg_sk.properties: 35b7a2a9e4ebfe6c5d51dc068672898b12c581a9
[Mon Apr 07 10:20:12 EDT 2014]msg_sl.properties: b52a1d133577aa73ec14a4874cc07a012108233e
[Mon Apr 07 10:20:12 EDT 2014]msg_sv.properties: 09346b1d4eb23c9cf40f8ebc89db2abcc47fd408
[Mon Apr 07 10:20:12 EDT 2014]msg_th.properties: 42b92bf9cc05d01929409a826099c6f28bfa444c
[Mon Apr 07 10:20:12 EDT 2014]msg_tr.properties: 45e7ce9c3e362f871154dd4dd2797e11ca35bcd7
[Mon Apr 07 10:20:12 EDT 2014]msg_zh_CN.properties: 4115ca6a9bbf798a6b534d10381ad347d94ece2c
[Mon Apr 07 10:20:12 EDT 2014]msg_zh_HK.properties: 35b7a2a9e4ebfe6c5d51dc068672898b12c581a9
[Mon Apr 07 10:20:12 EDT 2014]msg_zh_MO.properties: 35b7a2a9e4ebfe6c5d51dc068672898b12c581a9
[Mon Apr 07 10:20:12 EDT 2014]msg_zh_SG.properties: 35b7a2a9e4ebfe6c5d51dc068672898b12c581a9
[Mon Apr 07 10:20:12 EDT 2014]msg_zh_TW.properties: f7d656c4fdcf945f2db3345f14513de1e8f6e44b
[Mon Apr 07 10:20:12 EDT 2014]icon_48x48: bfa4b4a901dd776c2c2ff97755e46a04f4a742f0
[Mon Apr 07 10:20:12 EDT 2014]preview_500x500: 197c40f9bd752f82f38ca705b45dfeb1c8a62e47
[Mon Apr 07 10:20:12 EDT 2014]preview_320x320: fd7682124e372f2e05e5bd820b2d3eaeca6b16b8
[Mon Apr 07 10:20:12 EDT 2014]preview_200x200: ce8b27aec5865cafca83318a33fdb072e68f2db1
[Mon Apr 07 10:20:12 EDT 2014]preview_270x200: 685e5c24bcd79ab9bd88b85b5af628d57a9d3268
[Mon Apr 07 12:33:02 EDT 2014]Bundle saved by Visualization Customizer version 1.1.
[Mon Apr 07 12:33:02 EDT 2014]SHAs for vis bundle entries:
[Mon Apr 07 12:33:02 EDT 2014]definitionXml: 1cd2160fd5930a60032fe61507a57b8257f34d6f
[Mon Apr 07 12:33:02 EDT 2014]vizJson: e0cafca6475ccd93295762dab5cd5e04b1836a8f
[Mon Apr 07 12:33:02 EDT 2014]msg.properties: 7248a331e453b06b8caeab02ac7fc5e4c0da8e04
[Mon Apr 07 12:33:02 EDT 2014]msg_ca.properties: 35b7a2a9e4ebfe6c5d51dc068672898b12c581a9
[Mon Apr 07 12:33:02 EDT 2014]msg_cs.properties: d79fdaf00b01c68ceef3f775a78d4a64ac5e7aba
[Mon Apr 07 12:33:02 EDT 2014]msg_da.properties: e89785971129a8547b70d7d4d3693f03f9a96e82
[Mon Apr 07 12:33:02 EDT 2014]msg_de.properties: 27a13de204ba2eaaceb791612908cd44fa31eb12
[Mon Apr 07 12:33:02 EDT 2014]msg_el.properties: 35b7a2a9e4ebfe6c5d51dc068672898b12c581a9
[Mon Apr 07 12:33:02 EDT 2014]msg_en.properties: 35b7a2a9e4ebfe6c5d51dc068672898b12c581a9
[Mon Apr 07 12:33:02 EDT 2014]msg_es.properties: 0236fd69efdf7cff227e92571183329b1fc27565
[Mon Apr 07 12:33:02 EDT 2014]msg_fi.properties: 0aab7e21da858743a75fb1335ac077ce38317ae5
[Mon Apr 07 12:33:02 EDT 2014]msg_fr.properties: 5998d872c3bc0301f5ee0299117f44e45367655a
[Mon Apr 07 12:33:02 EDT 2014]msg_hr.properties: 8a0f83fe96548a0567eaefb8d1e3752bb96c934a
[Mon Apr 07 12:33:02 EDT 2014]msg_hu.properties: 8479190761d943d8ff0d93c9d3760c5a5e2d9d7c
[Mon Apr 07 12:33:02 EDT 2014]msg_id.properties: 35b7a2a9e4ebfe6c5d51dc068672898b12c581a9
[Mon Apr 07 12:33:02 EDT 2014]msg_in.properties: 35b7a2a9e4ebfe6c5d51dc068672898b12c581a9
[Mon Apr 07 12:33:02 EDT 2014]msg_it.properties: 3c11134fa1fa8266de2ebc1ea5328d9a763c21af
[Mon Apr 07 12:33:02 EDT 2014]msg_ja.properties: 22a0e30518ad1dea12ac99a83690f6ad6ce97c93
[Mon Apr 07 12:33:02 EDT 2014]msg_kk.properties: 819e43186c79533468cf21a2accb91c8af4c79c5
[Mon Apr 07 12:33:02 EDT 2014]msg_ko.properties: bc9d1e11ba5505d4aff051ed894ebc48d3625421
[Mon Apr 07 12:33:02 EDT 2014]msg_ms.properties: 35b7a2a9e4ebfe6c5d51dc068672898b12c581a9
[Mon Apr 07 12:33:02 EDT 2014]msg_nb.properties: c6b26e991e6ade08cbbc9cc6d80e72b5b840c3de
[Mon Apr 07 12:33:02 EDT 2014]msg_nl.properties: 7cac2125b13694be2fd63bde00a38a449926efbd
[Mon Apr 07 12:33:02 EDT 2014]msg_no.properties: c6b26e991e6ade08cbbc9cc6d80e72b5b840c3de
[Mon Apr 07 12:33:02 EDT 2014]msg_pl.properties: aa363be97ce9ea64e17bd37a7f7e4cc0ebfafd8d
[Mon Apr 07 12:33:02 EDT 2014]msg_pt.properties: 82bbf19ae78b6e80025b550b3c3a1d2b3c8a15a5
[Mon Apr 07 12:33:02 EDT 2014]msg_ro.properties: 00597de588b1703ad62b0cc41c3f114dd7dd5110
[Mon Apr 07 12:33:02 EDT 2014]msg_ru.properties: 1c722418b205c73986bae9db4f25a2cff82e487d
[Mon Apr 07 12:33:02 EDT 2014]msg_sk.properties: 35b7a2a9e4ebfe6c5d51dc068672898b12c581a9
[Mon Apr 07 12:33:02 EDT 2014]msg_sl.properties: b52a1d133577aa73ec14a4874cc07a012108233e
[Mon Apr 07 12:33:02 EDT 2014]msg_sv.properties: 09346b1d4eb23c9cf40f8ebc89db2abcc47fd408
[Mon Apr 07 12:33:02 EDT 2014]msg_th.properties: 42b92bf9cc05d01929409a826099c6f28bfa444c
[Mon Apr 07 12:33:02 EDT 2014]msg_tr.properties: 45e7ce9c3e362f871154dd4dd2797e11ca35bcd7
[Mon Apr 07 12:33:02 EDT 2014]msg_zh_CN.properties: 4115ca6a9bbf798a6b534d10381ad347d94ece2c
[Mon Apr 07 12:33:02 EDT 2014]msg_zh_HK.properties: 35b7a2a9e4ebfe6c5d51dc068672898b12c581a9
[Mon Apr 07 12:33:02 EDT 2014]msg_zh_MO.properties: 35b7a2a9e4ebfe6c5d51dc068672898b12c581a9
[Mon Apr 07 12:33:02 EDT 2014]msg_zh_SG.properties: 35b7a2a9e4ebfe6c5d51dc068672898b12c581a9
[Mon Apr 07 12:33:02 EDT 2014]msg_zh_TW.properties: f7d656c4fdcf945f2db3345f14513de1e8f6e44b
[Mon Apr 07 12:33:02 EDT 2014]icon_48x48: 218f7f1a2873ea80f71cb1eeda17c086121ff876
[Mon Apr 07 12:33:02 EDT 2014]preview_500x500: a6585abd9f2a2a7b32e9384f27b739d957f85a97
[Mon Apr 07 12:33:02 EDT 2014]preview_320x320: 0bd1bfc218af76a658d67a4dc1a77cb7dfee94a4
[Mon Apr 07 12:33:02 EDT 2014]preview_200x200: ce8b27aec5865cafca83318a33fdb072e68f2db1
[Mon Apr 07 12:33:02 EDT 2014]preview_270x200: bd61309132ce3e455435056f4469a6f8345a970e
[Mon Apr 07 12:37:05 EDT 2014]Bundle opened in Visualization Customizer version 1.1.
[Mon Apr 07 12:37:05 EDT 2014]SHAs for vis bundle entries:
[Mon Apr 07 12:37:05 EDT 2014]definitionXml: 1cd2160fd5930a60032fe61507a57b8257f34d6f
[Mon Apr 07 12:37:05 EDT 2014]vizJson: 03a11585e88cdf2c42c913374afadc27ff52183f
[Mon Apr 07 12:37:05 EDT 2014]msg.properties: d8397bf7f247a0fad11823eab6273f42a8da6c6f
[Mon Apr 07 12:37:05 EDT 2014]msg_ca.properties: 040728b9fec15d0b15bb33f77aeb0cf6d746ead9
[Mon Apr 07 12:37:05 EDT 2014]msg_cs.properties: 15b6a05ef1af0edca075c41fa59e5c074361636c
[Mon Apr 07 12:37:05 EDT 2014]msg_da.properties: c3e144bb47e5e7e59daa7cafdca4743c9150d7da
[Mon Apr 07 12:37:05 EDT 2014]msg_de.properties: 25127e8f72f4162ebb063f0853039c7b90dfd84f
[Mon Apr 07 12:37:05 EDT 2014]msg_el.properties: 040728b9fec15d0b15bb33f77aeb0cf6d746ead9
[Mon Apr 07 12:37:05 EDT 2014]msg_en.properties: 040728b9fec15d0b15bb33f77aeb0cf6d746ead9
[Mon Apr 07 12:37:05 EDT 2014]msg_es.properties: 09a9385d43cf1a7860cdd3d447faae55a88e0ac0
[Mon Apr 07 12:37:05 EDT 2014]msg_fi.properties: 7c425f574bd09fe4169f0fe59911a8d076b23211
[Mon Apr 07 12:37:05 EDT 2014]msg_fr.properties: d1982bd79156ae73023dec2feeda572358760682
[Mon Apr 07 12:37:05 EDT 2014]msg_hr.properties: d01c98ed595b3f776738a6e29851ffaad0d3b3e8
[Mon Apr 07 12:37:05 EDT 2014]msg_hu.properties: 0ba7cd72e57ccef598b85a90f965cea95ea7add9
[Mon Apr 07 12:37:05 EDT 2014]msg_id.properties: 040728b9fec15d0b15bb33f77aeb0cf6d746ead9
[Mon Apr 07 12:37:05 EDT 2014]msg_in.properties: 040728b9fec15d0b15bb33f77aeb0cf6d746ead9
[Mon Apr 07 12:37:05 EDT 2014]msg_it.properties: dac7b9c81c24a4da663129535ffd1dcfa69b0d5d
[Mon Apr 07 12:37:05 EDT 2014]msg_ja.properties: 8debd7b2267f55aa3330609b00f5bc1fdae7cefc
[Mon Apr 07 12:37:05 EDT 2014]msg_kk.properties: 5b27fcd0f8d068eca53fcee74889c3fa28018d78
[Mon Apr 07 12:37:05 EDT 2014]msg_ko.properties: 055de4c570133fe02846e2af2719713e78cdb4b4
[Mon Apr 07 12:37:05 EDT 2014]msg_ms.properties: 040728b9fec15d0b15bb33f77aeb0cf6d746ead9
[Mon Apr 07 12:37:05 EDT 2014]msg_nb.properties: 90823a8949538912e0962b87d6a55f901a705550
[Mon Apr 07 12:37:05 EDT 2014]msg_nl.properties: a54368e59ce4f0384aa769b7de5208981aa36e72
[Mon Apr 07 12:37:05 EDT 2014]msg_no.properties: 90823a8949538912e0962b87d6a55f901a705550
[Mon Apr 07 12:37:05 EDT 2014]msg_pl.properties: 21ead444297a0b548a7922290cd333fa7874a5b8
[Mon Apr 07 12:37:05 EDT 2014]msg_pt.properties: 7d69495ca77d984cc7b190fe29cba7b7ebc0481f
[Mon Apr 07 12:37:05 EDT 2014]msg_ro.properties: 5ff430c3fb24bcf8944b07ca1679c3c56c16cf7b
[Mon Apr 07 12:37:05 EDT 2014]msg_ru.properties: 02aafcde21f27c708fca3262b10d5d549fdacc57
[Mon Apr 07 12:37:05 EDT 2014]msg_sk.properties: 040728b9fec15d0b15bb33f77aeb0cf6d746ead9
[Mon Apr 07 12:37:05 EDT 2014]msg_sl.properties: a9f69e79e2037a23da4f0038b7b2dec2711dc4dd
[Mon Apr 07 12:37:05 EDT 2014]msg_sv.properties: 9aaca9e0dfcb7bb5bac40038382bddb86cc068c1
[Mon Apr 07 12:37:05 EDT 2014]msg_th.properties: f7e1bba78de06d5825b8d6c7533ffce29d41e6dc
[Mon Apr 07 12:37:05 EDT 2014]msg_tr.properties: 8304e9659709877b8e3db61dcd8bddc60cf5b842
[Mon Apr 07 12:37:05 EDT 2014]msg_zh_CN.properties: 4dee9f654a2d41c2f450b5237c0cbbd3a5ab733b
[Mon Apr 07 12:37:05 EDT 2014]msg_zh_HK.properties: 040728b9fec15d0b15bb33f77aeb0cf6d746ead9
[Mon Apr 07 12:37:05 EDT 2014]msg_zh_MO.properties: 040728b9fec15d0b15bb33f77aeb0cf6d746ead9
[Mon Apr 07 12:37:05 EDT 2014]msg_zh_SG.properties: 040728b9fec15d0b15bb33f77aeb0cf6d746ead9
[Mon Apr 07 12:37:05 EDT 2014]msg_zh_TW.properties: f522bc09dd2c06ad6f8d13ecee8f4c101aebf2c5
[Mon Apr 07 12:37:05 EDT 2014]icon_48x48: 218f7f1a2873ea80f71cb1eeda17c086121ff876
[Mon Apr 07 12:37:05 EDT 2014]preview_500x500: a6585abd9f2a2a7b32e9384f27b739d957f85a97
[Mon Apr 07 12:37:05 EDT 2014]preview_320x320: 0bd1bfc218af76a658d67a4dc1a77cb7dfee94a4
[Mon Apr 07 12:37:05 EDT 2014]preview_200x200: ce8b27aec5865cafca83318a33fdb072e68f2db1
[Mon Apr 07 12:37:05 EDT 2014]preview_270x200: bd61309132ce3e455435056f4469a6f8345a970e
[Mon Apr 07 12:37:17 EDT 2014]Bundle saved by Visualization Customizer version 1.1.
[Mon Apr 07 12:37:17 EDT 2014]SHAs for vis bundle entries:
[Mon Apr 07 12:37:17 EDT 2014]definitionXml: 1cd2160fd5930a60032fe61507a57b8257f34d6f
[Mon Apr 07 12:37:17 EDT 2014]vizJson: 03a11585e88cdf2c42c913374afadc27ff52183f
[Mon Apr 07 12:37:17 EDT 2014]msg.properties: d8397bf7f247a0fad11823eab6273f42a8da6c6f
[Mon Apr 07 12:37:17 EDT 2014]msg_ca.properties: 040728b9fec15d0b15bb33f77aeb0cf6d746ead9
[Mon Apr 07 12:37:17 EDT 2014]msg_cs.properties: 15b6a05ef1af0edca075c41fa59e5c074361636c
[Mon Apr 07 12:37:17 EDT 2014]msg_da.properties: c3e144bb47e5e7e59daa7cafdca4743c9150d7da
[Mon Apr 07 12:37:17 EDT 2014]msg_de.properties: 25127e8f72f4162ebb063f0853039c7b90dfd84f
[Mon Apr 07 12:37:17 EDT 2014]msg_el.properties: 040728b9fec15d0b15bb33f77aeb0cf6d746ead9
[Mon Apr 07 12:37:17 EDT 2014]msg_en.properties: 040728b9fec15d0b15bb33f77aeb0cf6d746ead9
[Mon Apr 07 12:37:17 EDT 2014]msg_es.properties: 09a9385d43cf1a7860cdd3d447faae55a88e0ac0
[Mon Apr 07 12:37:17 EDT 2014]msg_fi.properties: 7c425f574bd09fe4169f0fe59911a8d076b23211
[Mon Apr 07 12:37:17 EDT 2014]msg_fr.properties: d1982bd79156ae73023dec2feeda572358760682
[Mon Apr 07 12:37:17 EDT 2014]msg_hr.properties: d01c98ed595b3f776738a6e29851ffaad0d3b3e8
[Mon Apr 07 12:37:17 EDT 2014]msg_hu.properties: 0ba7cd72e57ccef598b85a90f965cea95ea7add9
[Mon Apr 07 12:37:17 EDT 2014]msg_id.properties: 040728b9fec15d0b15bb33f77aeb0cf6d746ead9
[Mon Apr 07 12:37:17 EDT 2014]msg_in.properties: 040728b9fec15d0b15bb33f77aeb0cf6d746ead9
[Mon Apr 07 12:37:17 EDT 2014]msg_it.properties: dac7b9c81c24a4da663129535ffd1dcfa69b0d5d
[Mon Apr 07 12:37:17 EDT 2014]msg_ja.properties: 8debd7b2267f55aa3330609b00f5bc1fdae7cefc
[Mon Apr 07 12:37:17 EDT 2014]msg_kk.properties: 5b27fcd0f8d068eca53fcee74889c3fa28018d78
[Mon Apr 07 12:37:17 EDT 2014]msg_ko.properties: 055de4c570133fe02846e2af2719713e78cdb4b4
[Mon Apr 07 12:37:17 EDT 2014]msg_ms.properties: 040728b9fec15d0b15bb33f77aeb0cf6d746ead9
[Mon Apr 07 12:37:17 EDT 2014]msg_nb.properties: 90823a8949538912e0962b87d6a55f901a705550
[Mon Apr 07 12:37:17 EDT 2014]msg_nl.properties: a54368e59ce4f0384aa769b7de5208981aa36e72
[Mon Apr 07 12:37:17 EDT 2014]msg_no.properties: 90823a8949538912e0962b87d6a55f901a705550
[Mon Apr 07 12:37:17 EDT 2014]msg_pl.properties: 21ead444297a0b548a7922290cd333fa7874a5b8
[Mon Apr 07 12:37:17 EDT 2014]msg_pt.properties: 7d69495ca77d984cc7b190fe29cba7b7ebc0481f
[Mon Apr 07 12:37:17 EDT 2014]msg_ro.properties: 5ff430c3fb24bcf8944b07ca1679c3c56c16cf7b
[Mon Apr 07 12:37:17 EDT 2014]msg_ru.properties: 02aafcde21f27c708fca3262b10d5d549fdacc57
[Mon Apr 07 12:37:17 EDT 2014]msg_sk.properties: 040728b9fec15d0b15bb33f77aeb0cf6d746ead9
[Mon Apr 07 12:37:17 EDT 2014]msg_sl.properties: a9f69e79e2037a23da4f0038b7b2dec2711dc4dd
[Mon Apr 07 12:37:17 EDT 2014]msg_sv.properties: 9aaca9e0dfcb7bb5bac40038382bddb86cc068c1
[Mon Apr 07 12:37:17 EDT 2014]msg_th.properties: f7e1bba78de06d5825b8d6c7533ffce29d41e6dc
[Mon Apr 07 12:37:17 EDT 2014]msg_tr.properties: 8304e9659709877b8e3db61dcd8bddc60cf5b842
[Mon Apr 07 12:37:17 EDT 2014]msg_zh_CN.properties: 4dee9f654a2d41c2f450b5237c0cbbd3a5ab733b
[Mon Apr 07 12:37:17 EDT 2014]msg_zh_HK.properties: 040728b9fec15d0b15bb33f77aeb0cf6d746ead9
[Mon Apr 07 12:37:17 EDT 2014]msg_zh_MO.properties: 040728b9fec15d0b15bb33f77aeb0cf6d746ead9
[Mon Apr 07 12:37:17 EDT 2014]msg_zh_SG.properties: 040728b9fec15d0b15bb33f77aeb0cf6d746ead9
[Mon Apr 07 12:37:17 EDT 2014]msg_zh_TW.properties: f522bc09dd2c06ad6f8d13ecee8f4c101aebf2c5
[Mon Apr 07 12:37:17 EDT 2014]icon_48x48: 218f7f1a2873ea80f71cb1eeda17c086121ff876
[Mon Apr 07 12:37:17 EDT 2014]preview_500x500: b992bb59b2aa00f0d09aeff5ef602db5d0385320
[Mon Apr 07 12:37:17 EDT 2014]preview_320x320: 276eed73d0169e96f6f1ed9195b6f9a996e9076a
[Mon Apr 07 12:37:17 EDT 2014]preview_200x200: ce8b27aec5865cafca83318a33fdb072e68f2db1
[Mon Apr 07 12:37:17 EDT 2014]preview_270x200: 77994c6371d69f78c534f9517480193d5b8c8c15
