[Mon May 12 14:16:23 EDT 2014]Bundle opened in Visualization Customizer version 1.1.
[Mon May 12 14:16:23 EDT 2014]SHAs for vis bundle entries:
[Mon May 12 14:16:23 EDT 2014]definitionXml: 844f5a0e60950114eecc9a5fc298030143c1d15e
[Mon May 12 14:16:23 EDT 2014]vizJson: e7f6ca86d2150a98c544ccfb008f644fed1e71c2
[Mon May 12 14:16:23 EDT 2014]msg.properties: 2d2b8e047331aaa8e01880e59f134e5019893942
[Mon May 12 14:16:23 EDT 2014]msg_ca.properties: 2d2b8e047331aaa8e01880e59f134e5019893942
[Mon May 12 14:16:23 EDT 2014]msg_cs.properties: 285cbc8a22d513393bba3e10b2eb68c8400d3a90
[Mon May 12 14:16:23 EDT 2014]msg_da.properties: 639c02965065ec73a49120c8aa492d683f17d2ac
[Mon May 12 14:16:23 EDT 2014]msg_de.properties: bb4e2f8c485e73427ab703b314f271bf62510bf8
[Mon May 12 14:16:23 EDT 2014]msg_el.properties: 2d2b8e047331aaa8e01880e59f134e5019893942
[Mon May 12 14:16:23 EDT 2014]msg_en.properties: 2d2b8e047331aaa8e01880e59f134e5019893942
[Mon May 12 14:16:23 EDT 2014]msg_es.properties: f71820ba7499d85cb301080a4ddb5a36638db3a2
[Mon May 12 14:16:23 EDT 2014]msg_fi.properties: 041844ada7b8a07afe33dc96b949ca1b7bef4421
[Mon May 12 14:16:23 EDT 2014]msg_fr.properties: e28b997ad6dbcf94de1627daf2f0efd1472cc1be
[Mon May 12 14:16:23 EDT 2014]msg_hr.properties: 610ec04a8cfd332b4a12a14356b2cd6f808a2be1
[Mon May 12 14:16:23 EDT 2014]msg_hu.properties: 3f0c80f14f180a8e5f94cdbf0167904e336bf00d
[Mon May 12 14:16:23 EDT 2014]msg_id.properties: 2d2b8e047331aaa8e01880e59f134e5019893942
[Mon May 12 14:16:23 EDT 2014]msg_in.properties: 2d2b8e047331aaa8e01880e59f134e5019893942
[Mon May 12 14:16:23 EDT 2014]msg_it.properties: f4a0f71fdc35a5d5d74c934eb854fa0290912ead
[Mon May 12 14:16:23 EDT 2014]msg_ja.properties: 72acf7821193fd263c14d17bc25307b7490ceedf
[Mon May 12 14:16:23 EDT 2014]msg_kk.properties: 7983606252d0019c88bd55ed4056389b4542212b
[Mon May 12 14:16:23 EDT 2014]msg_ko.properties: 2a40237a8c444d95a8d659ee00cbf602f5f9898b
[Mon May 12 14:16:23 EDT 2014]msg_ms.properties: 2d2b8e047331aaa8e01880e59f134e5019893942
[Mon May 12 14:16:23 EDT 2014]msg_nb.properties: 0cd89a2b39b6ff7c8d403a5f140ce776c8634fda
[Mon May 12 14:16:23 EDT 2014]msg_nl.properties: fbc53f08c3accc61f14a9108c87ffc91c6981f11
[Mon May 12 14:16:23 EDT 2014]msg_no.properties: 0cd89a2b39b6ff7c8d403a5f140ce776c8634fda
[Mon May 12 14:16:23 EDT 2014]msg_pl.properties: 798ea0ce162368044b94255d2481b1d0e3cc21d8
[Mon May 12 14:16:23 EDT 2014]msg_pt.properties: 8a72be268e91219306b27b870a24fa6a50a01a65
[Mon May 12 14:16:23 EDT 2014]msg_ro.properties: 3546287af9d4c5c00f9fbad1c5bd156c09db8754
[Mon May 12 14:16:23 EDT 2014]msg_ru.properties: f483de880e8459aead94e2b947872e5914e4587e
[Mon May 12 14:16:23 EDT 2014]msg_sk.properties: 2d2b8e047331aaa8e01880e59f134e5019893942
[Mon May 12 14:16:23 EDT 2014]msg_sl.properties: 053be81480e8d2c74ef83939fc4c14f4f0f9ad0a
[Mon May 12 14:16:23 EDT 2014]msg_sv.properties: 87341e142c6b92c6f9427bbb7ee06ab6bfab1c30
[Mon May 12 14:16:23 EDT 2014]msg_th.properties: 25a955c68e851ff365d339c4dd468f4685acaace
[Mon May 12 14:16:23 EDT 2014]msg_tr.properties: a42cd9e3263a6a065417116048ec73b094c06b75
[Mon May 12 14:16:23 EDT 2014]msg_zh_CN.properties: f020d3f500e58f0e431d50ad38b17874f23a4560
[Mon May 12 14:16:23 EDT 2014]msg_zh_HK.properties: 2d2b8e047331aaa8e01880e59f134e5019893942
[Mon May 12 14:16:23 EDT 2014]msg_zh_MO.properties: 2d2b8e047331aaa8e01880e59f134e5019893942
[Mon May 12 14:16:23 EDT 2014]msg_zh_SG.properties: 2d2b8e047331aaa8e01880e59f134e5019893942
[Mon May 12 14:16:23 EDT 2014]msg_zh_TW.properties: ae6b5f79121badf1bb7ff0f0f5ea8674f950ec68
[Mon May 12 14:16:23 EDT 2014]icon_48x48: 36336157241c28066a9115e8e4b6c8ecad92fb08
[Mon May 12 14:16:23 EDT 2014]preview_500x500: 357cd9118de70b6c565616a59ec34dfb83ecedfc
[Mon May 12 14:16:23 EDT 2014]preview_320x320: ed40ec5d8e54d04ad714feda7d90d10f60d503d1
[Mon May 12 14:16:23 EDT 2014]preview_200x200: bcc6d81ede3845daa8ea4feed5432fe90d2c0ba6
[Mon May 12 14:16:23 EDT 2014]preview_270x200: c2002f0c5ac38f16c87b3dc794e42f61574f60fd
