[Tue May 13 14:57:21 EDT 2014]Bundle opened in Visualization Customizer version 1.1.
[Tue May 13 14:57:21 EDT 2014]SHAs for vis bundle entries:
[Tue May 13 14:57:21 EDT 2014]definitionXml: a2327c6314814906aaaacf84789a14336fc641ef
[Tue May 13 14:57:21 EDT 2014]vizJson: 35b4a3c2745bd17daee9a9a43ba863c6eb6e5ccf
[Tue May 13 14:57:21 EDT 2014]msg.properties: 029833c34eb33138e7c83140f9ad42711453816c
[Tue May 13 14:57:21 EDT 2014]msg_ca.properties: 029833c34eb33138e7c83140f9ad42711453816c
[Tue May 13 14:57:21 EDT 2014]msg_cs.properties: ec366e48d7e5a35069f9979a037de6a99b27666a
[Tue May 13 14:57:21 EDT 2014]msg_da.properties: d893bda64a6c56756ed1545d0b5709fba963311f
[Tue May 13 14:57:21 EDT 2014]msg_de.properties: f5112f755a2047c89b8ed5981c5585f83b2f632a
[Tue May 13 14:57:21 EDT 2014]msg_el.properties: 029833c34eb33138e7c83140f9ad42711453816c
[Tue May 13 14:57:21 EDT 2014]msg_en.properties: 029833c34eb33138e7c83140f9ad42711453816c
[Tue May 13 14:57:21 EDT 2014]msg_es.properties: 42385d4f734ebeecbfc20afe09234dbc6eec45a1
[Tue May 13 14:57:21 EDT 2014]msg_fi.properties: 4b8bdea7938a673dd752efc5879318dfc2287368
[Tue May 13 14:57:21 EDT 2014]msg_fr.properties: d15702bf689fd5397461250a805465b25ab59723
[Tue May 13 14:57:21 EDT 2014]msg_hr.properties: 2de1b6d7fb30dfc16f2b55fe561c5998b19f4e66
[Tue May 13 14:57:21 EDT 2014]msg_hu.properties: 05cf0a6f69c68446a51bf548a9909e70495246db
[Tue May 13 14:57:21 EDT 2014]msg_id.properties: 029833c34eb33138e7c83140f9ad42711453816c
[Tue May 13 14:57:21 EDT 2014]msg_in.properties: 029833c34eb33138e7c83140f9ad42711453816c
[Tue May 13 14:57:21 EDT 2014]msg_it.properties: f2118ba857a2a003b4d03c102364f67809a51c6e
[Tue May 13 14:57:21 EDT 2014]msg_ja.properties: b6444dc9e8f578e036543af71e058b5cffaafd9e
[Tue May 13 14:57:21 EDT 2014]msg_kk.properties: cec8f9b9935949c276de0a1fc23b31b667254d3f
[Tue May 13 14:57:21 EDT 2014]msg_ko.properties: 10847e9aeb27b473e8b071ea0822d9517d616cc2
[Tue May 13 14:57:21 EDT 2014]msg_ms.properties: 029833c34eb33138e7c83140f9ad42711453816c
[Tue May 13 14:57:21 EDT 2014]msg_nb.properties: b3ce7758da419dacc9f48e9bffe0c3fa7aceaa13
[Tue May 13 14:57:21 EDT 2014]msg_nl.properties: 96df12d5d9023a6c681320dc95c965a3128a3cbb
[Tue May 13 14:57:21 EDT 2014]msg_no.properties: b3ce7758da419dacc9f48e9bffe0c3fa7aceaa13
[Tue May 13 14:57:21 EDT 2014]msg_pl.properties: 08e77d5de814c29b0114a16da79207d41462935c
[Tue May 13 14:57:21 EDT 2014]msg_pt.properties: 3ac4cbc9b82a2d9a27efe6c5dc226cddecc4d867
[Tue May 13 14:57:21 EDT 2014]msg_ro.properties: 8a4776a24f6c3c89592847335970f09f1924f7c7
[Tue May 13 14:57:21 EDT 2014]msg_ru.properties: 9c9b7a0712ff18ebb7e7a99e9c2ed9c46b412270
[Tue May 13 14:57:21 EDT 2014]msg_sk.properties: 029833c34eb33138e7c83140f9ad42711453816c
[Tue May 13 14:57:21 EDT 2014]msg_sl.properties: 0e954dd861fc4bd8cadbc5ec38e9021faf724a80
[Tue May 13 14:57:21 EDT 2014]msg_sv.properties: e465c231762f75d84983328dd4eeddc7937f9b51
[Tue May 13 14:57:21 EDT 2014]msg_th.properties: cfb2d5ede9a349c4ed4e24108216b3cc0cbaf90f
[Tue May 13 14:57:21 EDT 2014]msg_tr.properties: dc68b9ec8cb400136015cfd31f12a9c56ffb9dfa
[Tue May 13 14:57:21 EDT 2014]msg_zh_CN.properties: 4ac4d467cc7e992bc1810999e3b1066025ef9cfd
[Tue May 13 14:57:21 EDT 2014]msg_zh_HK.properties: 029833c34eb33138e7c83140f9ad42711453816c
[Tue May 13 14:57:21 EDT 2014]msg_zh_MO.properties: 029833c34eb33138e7c83140f9ad42711453816c
[Tue May 13 14:57:21 EDT 2014]msg_zh_SG.properties: 029833c34eb33138e7c83140f9ad42711453816c
[Tue May 13 14:57:21 EDT 2014]msg_zh_TW.properties: e15ee3f42d9091cd226dc8b63539a97d3f6ac64e
[Tue May 13 14:57:21 EDT 2014]icon_48x48: 0369e5f3605dde4874fc8c6688fe79516e52049e
[Tue May 13 14:57:21 EDT 2014]preview_500x500: dc6e5a6cddc3852f7f6adef5f10a817c2180923c
[Tue May 13 14:57:21 EDT 2014]preview_320x320: a3293a72efd723600aa1b1d615306b832ee4a879
[Tue May 13 14:57:21 EDT 2014]preview_200x200: e78b5e93640ae73225ec75f4b16c0651a614ea38
[Tue May 13 14:57:21 EDT 2014]preview_270x200: 78e9521c46b145b21f03d130ed19555960a1267f
[Tue May 13 16:43:53 EDT 2014]Bundle saved by Visualization Customizer version 1.1.
[Tue May 13 16:43:53 EDT 2014]SHAs for vis bundle entries:
[Tue May 13 16:43:53 EDT 2014]definitionXml: c2be82c36af0c54bc016299a5849946e3a84014e
[Tue May 13 16:43:53 EDT 2014]vizJson: bb3ad5912159c4d8e0bc4e0e9bb81d8ab8fbe624
[Tue May 13 16:43:53 EDT 2014]msg.properties: 509eb4105aeaf42aefd87008379ea42da7070267
[Tue May 13 16:43:53 EDT 2014]msg_ca.properties: 029833c34eb33138e7c83140f9ad42711453816c
[Tue May 13 16:43:53 EDT 2014]msg_cs.properties: ec366e48d7e5a35069f9979a037de6a99b27666a
[Tue May 13 16:43:53 EDT 2014]msg_da.properties: d893bda64a6c56756ed1545d0b5709fba963311f
[Tue May 13 16:43:53 EDT 2014]msg_de.properties: f5112f755a2047c89b8ed5981c5585f83b2f632a
[Tue May 13 16:43:53 EDT 2014]msg_el.properties: 029833c34eb33138e7c83140f9ad42711453816c
[Tue May 13 16:43:53 EDT 2014]msg_en.properties: 029833c34eb33138e7c83140f9ad42711453816c
[Tue May 13 16:43:53 EDT 2014]msg_es.properties: 42385d4f734ebeecbfc20afe09234dbc6eec45a1
[Tue May 13 16:43:53 EDT 2014]msg_fi.properties: 4b8bdea7938a673dd752efc5879318dfc2287368
[Tue May 13 16:43:53 EDT 2014]msg_fr.properties: d15702bf689fd5397461250a805465b25ab59723
[Tue May 13 16:43:53 EDT 2014]msg_hr.properties: 2de1b6d7fb30dfc16f2b55fe561c5998b19f4e66
[Tue May 13 16:43:53 EDT 2014]msg_hu.properties: 05cf0a6f69c68446a51bf548a9909e70495246db
[Tue May 13 16:43:53 EDT 2014]msg_id.properties: 029833c34eb33138e7c83140f9ad42711453816c
[Tue May 13 16:43:53 EDT 2014]msg_in.properties: 029833c34eb33138e7c83140f9ad42711453816c
[Tue May 13 16:43:53 EDT 2014]msg_it.properties: f2118ba857a2a003b4d03c102364f67809a51c6e
[Tue May 13 16:43:53 EDT 2014]msg_ja.properties: b6444dc9e8f578e036543af71e058b5cffaafd9e
[Tue May 13 16:43:53 EDT 2014]msg_kk.properties: cec8f9b9935949c276de0a1fc23b31b667254d3f
[Tue May 13 16:43:53 EDT 2014]msg_ko.properties: 10847e9aeb27b473e8b071ea0822d9517d616cc2
[Tue May 13 16:43:53 EDT 2014]msg_ms.properties: 029833c34eb33138e7c83140f9ad42711453816c
[Tue May 13 16:43:53 EDT 2014]msg_nb.properties: b3ce7758da419dacc9f48e9bffe0c3fa7aceaa13
[Tue May 13 16:43:53 EDT 2014]msg_nl.properties: 96df12d5d9023a6c681320dc95c965a3128a3cbb
[Tue May 13 16:43:53 EDT 2014]msg_no.properties: b3ce7758da419dacc9f48e9bffe0c3fa7aceaa13
[Tue May 13 16:43:53 EDT 2014]msg_pl.properties: 08e77d5de814c29b0114a16da79207d41462935c
[Tue May 13 16:43:53 EDT 2014]msg_pt.properties: 3ac4cbc9b82a2d9a27efe6c5dc226cddecc4d867
[Tue May 13 16:43:53 EDT 2014]msg_ro.properties: 8a4776a24f6c3c89592847335970f09f1924f7c7
[Tue May 13 16:43:53 EDT 2014]msg_ru.properties: 9c9b7a0712ff18ebb7e7a99e9c2ed9c46b412270
[Tue May 13 16:43:53 EDT 2014]msg_sk.properties: 029833c34eb33138e7c83140f9ad42711453816c
[Tue May 13 16:43:53 EDT 2014]msg_sl.properties: 0e954dd861fc4bd8cadbc5ec38e9021faf724a80
[Tue May 13 16:43:53 EDT 2014]msg_sv.properties: e465c231762f75d84983328dd4eeddc7937f9b51
[Tue May 13 16:43:53 EDT 2014]msg_th.properties: cfb2d5ede9a349c4ed4e24108216b3cc0cbaf90f
[Tue May 13 16:43:53 EDT 2014]msg_tr.properties: dc68b9ec8cb400136015cfd31f12a9c56ffb9dfa
[Tue May 13 16:43:53 EDT 2014]msg_zh_CN.properties: 4ac4d467cc7e992bc1810999e3b1066025ef9cfd
[Tue May 13 16:43:53 EDT 2014]msg_zh_HK.properties: 029833c34eb33138e7c83140f9ad42711453816c
[Tue May 13 16:43:53 EDT 2014]msg_zh_MO.properties: 029833c34eb33138e7c83140f9ad42711453816c
[Tue May 13 16:43:53 EDT 2014]msg_zh_SG.properties: 029833c34eb33138e7c83140f9ad42711453816c
[Tue May 13 16:43:53 EDT 2014]msg_zh_TW.properties: e15ee3f42d9091cd226dc8b63539a97d3f6ac64e
[Tue May 13 16:43:53 EDT 2014]icon_48x48: db0706c3672aeba94c2a5b43df9c3d76c934fdc7
[Tue May 13 16:43:53 EDT 2014]preview_500x500: 9d2fd6efd40e01060603f5acda497e498595bd69
[Tue May 13 16:43:53 EDT 2014]preview_320x320: c1f6f87501b6d62be04fadc3d559bfb9db0bea3b
[Tue May 13 16:43:53 EDT 2014]preview_200x200: e78b5e93640ae73225ec75f4b16c0651a614ea38
[Tue May 13 16:43:53 EDT 2014]preview_270x200: 2ae7fd89533783f99da8a0fd057db614b06242bf
