[Mon May 12 16:57:52 EDT 2014]Bundle opened in Visualization Customizer version 1.1.
[Mon May 12 16:57:52 EDT 2014]SHAs for vis bundle entries:
[Mon May 12 16:57:52 EDT 2014]definitionXml: 56a166c42e76d7a1c76a83377a8bf148b236e275
[Mon May 12 16:57:52 EDT 2014]vizJson: 510d9dfd0e26e88a68d64cd87c502e49964700b2
[Mon May 12 16:57:52 EDT 2014]msg.properties: d0543b25c55e025de32ca0667376482a8f02b0ac
[Mon May 12 16:57:52 EDT 2014]msg_ca.properties: d0543b25c55e025de32ca0667376482a8f02b0ac
[Mon May 12 16:57:52 EDT 2014]msg_cs.properties: 8fdf95589b601749a49dae0f07174f1ff59a2a8b
[Mon May 12 16:57:52 EDT 2014]msg_da.properties: aec3b6aa4d40db321b2c5c5ceb8b0fb95893ef8a
[Mon May 12 16:57:52 EDT 2014]msg_de.properties: 1090038a5b2d0ac9837d7d1ceecb604ee7ddb241
[Mon May 12 16:57:52 EDT 2014]msg_el.properties: d0543b25c55e025de32ca0667376482a8f02b0ac
[Mon May 12 16:57:52 EDT 2014]msg_en.properties: d0543b25c55e025de32ca0667376482a8f02b0ac
[Mon May 12 16:57:52 EDT 2014]msg_es.properties: ca309f55d3afb97ce3f07a4fbeda43360a6e0872
[Mon May 12 16:57:52 EDT 2014]msg_fi.properties: 3b86c425aa76dc041587c2a32df7bddb01767001
[Mon May 12 16:57:52 EDT 2014]msg_fr.properties: ca707b73375341b1940a98c37b419fcc835e4e79
[Mon May 12 16:57:52 EDT 2014]msg_hr.properties: 1a2630ebf7b552f5e5c5859ab90b4e3d51d0c456
[Mon May 12 16:57:52 EDT 2014]msg_hu.properties: b0af1121e6d091a443595594a9408f729bc69319
[Mon May 12 16:57:52 EDT 2014]msg_id.properties: d0543b25c55e025de32ca0667376482a8f02b0ac
[Mon May 12 16:57:52 EDT 2014]msg_in.properties: d0543b25c55e025de32ca0667376482a8f02b0ac
[Mon May 12 16:57:52 EDT 2014]msg_it.properties: cb8e56f8b41631a2eeceaeacea2065b7d1eda719
[Mon May 12 16:57:52 EDT 2014]msg_ja.properties: d9a6c5bee52fdcc4579f9c7c6df15de5a4bde3ba
[Mon May 12 16:57:52 EDT 2014]msg_kk.properties: cf9e295d191b0f089daac27496357883c24d5ddd
[Mon May 12 16:57:52 EDT 2014]msg_ko.properties: 738a4d64e83913f0768159e88b074edf228df2c6
[Mon May 12 16:57:52 EDT 2014]msg_ms.properties: d0543b25c55e025de32ca0667376482a8f02b0ac
[Mon May 12 16:57:52 EDT 2014]msg_nb.properties: f1344d423c6631359e8d79997b7118bfc155ed9b
[Mon May 12 16:57:52 EDT 2014]msg_nl.properties: cc15b4c4238d59822fa2314f5549c3dad9e05606
[Mon May 12 16:57:52 EDT 2014]msg_no.properties: f1344d423c6631359e8d79997b7118bfc155ed9b
[Mon May 12 16:57:52 EDT 2014]msg_pl.properties: 531442e28a99f6cd5a4d3485cbd8d5b9596d0c77
[Mon May 12 16:57:52 EDT 2014]msg_pt.properties: 5e199a2f8b8e541b7a4ca68838b479c2878b635a
[Mon May 12 16:57:52 EDT 2014]msg_ro.properties: 208618326503c94d33b4b4239e81693dc74a4e94
[Mon May 12 16:57:52 EDT 2014]msg_ru.properties: 3932575d78f7c65cc0d3980cddfce2c3d7e163f9
[Mon May 12 16:57:52 EDT 2014]msg_sk.properties: d0543b25c55e025de32ca0667376482a8f02b0ac
[Mon May 12 16:57:52 EDT 2014]msg_sl.properties: 997e075905134b67b5780c52a6a741070b76b621
[Mon May 12 16:57:52 EDT 2014]msg_sv.properties: 2fdf988c9b17e3252e3667a9bdf9e69bccd616d9
[Mon May 12 16:57:52 EDT 2014]msg_th.properties: 5a24f2e30b202778e838f213f859aa101e8dd0a4
[Mon May 12 16:57:52 EDT 2014]msg_tr.properties: 2f3ad62268b6a3f9d398280c59a807a79b6000db
[Mon May 12 16:57:52 EDT 2014]msg_zh_CN.properties: 1279619e3cfc47a551a41d603c0882a3afa264bd
[Mon May 12 16:57:52 EDT 2014]msg_zh_HK.properties: d0543b25c55e025de32ca0667376482a8f02b0ac
[Mon May 12 16:57:52 EDT 2014]msg_zh_MO.properties: d0543b25c55e025de32ca0667376482a8f02b0ac
[Mon May 12 16:57:52 EDT 2014]msg_zh_SG.properties: d0543b25c55e025de32ca0667376482a8f02b0ac
[Mon May 12 16:57:52 EDT 2014]msg_zh_TW.properties: 8a5561e2aa409b18a5ca77b8b874a3dd35b9ce8e
[Mon May 12 16:57:52 EDT 2014]icon_48x48: 71327c3165daf863df4a02fe50617ad4b548abd6
[Mon May 12 16:57:52 EDT 2014]preview_500x500: 715830fa926bbe58b9db57be6625f5e030cbffb0
[Mon May 12 16:57:52 EDT 2014]preview_320x320: 1402259bc09c7d197b5f7228ed74728b342e054e
[Mon May 12 16:57:52 EDT 2014]preview_200x200: 314cf71a214a1a505a7099436424648c0c237c66
[Mon May 12 16:57:52 EDT 2014]preview_270x200: bd50ca0251530fe94ceee3591a09fa9cb6540c05
[Tue May 13 08:22:21 EDT 2014]Bundle saved by Visualization Customizer version 1.1.
[Tue May 13 08:22:21 EDT 2014]SHAs for vis bundle entries:
[Tue May 13 08:22:21 EDT 2014]definitionXml: 47934f0af688f9a9ccd588122381bc505036f7bb
[Tue May 13 08:22:21 EDT 2014]vizJson: 48bf845c59ffa043b7a2738db0b48bcf05eb874c
[Tue May 13 08:22:21 EDT 2014]msg.properties: a1fe39be28682b9759a81ac05426d7405ddc3ca4
[Tue May 13 08:22:21 EDT 2014]msg_ca.properties: d0543b25c55e025de32ca0667376482a8f02b0ac
[Tue May 13 08:22:21 EDT 2014]msg_cs.properties: 8fdf95589b601749a49dae0f07174f1ff59a2a8b
[Tue May 13 08:22:21 EDT 2014]msg_da.properties: aec3b6aa4d40db321b2c5c5ceb8b0fb95893ef8a
[Tue May 13 08:22:21 EDT 2014]msg_de.properties: 1090038a5b2d0ac9837d7d1ceecb604ee7ddb241
[Tue May 13 08:22:21 EDT 2014]msg_el.properties: d0543b25c55e025de32ca0667376482a8f02b0ac
[Tue May 13 08:22:21 EDT 2014]msg_en.properties: d0543b25c55e025de32ca0667376482a8f02b0ac
[Tue May 13 08:22:21 EDT 2014]msg_es.properties: ca309f55d3afb97ce3f07a4fbeda43360a6e0872
[Tue May 13 08:22:21 EDT 2014]msg_fi.properties: 3b86c425aa76dc041587c2a32df7bddb01767001
[Tue May 13 08:22:21 EDT 2014]msg_fr.properties: ca707b73375341b1940a98c37b419fcc835e4e79
[Tue May 13 08:22:21 EDT 2014]msg_hr.properties: 1a2630ebf7b552f5e5c5859ab90b4e3d51d0c456
[Tue May 13 08:22:21 EDT 2014]msg_hu.properties: b0af1121e6d091a443595594a9408f729bc69319
[Tue May 13 08:22:21 EDT 2014]msg_id.properties: d0543b25c55e025de32ca0667376482a8f02b0ac
[Tue May 13 08:22:21 EDT 2014]msg_in.properties: d0543b25c55e025de32ca0667376482a8f02b0ac
[Tue May 13 08:22:21 EDT 2014]msg_it.properties: cb8e56f8b41631a2eeceaeacea2065b7d1eda719
[Tue May 13 08:22:21 EDT 2014]msg_ja.properties: d9a6c5bee52fdcc4579f9c7c6df15de5a4bde3ba
[Tue May 13 08:22:21 EDT 2014]msg_kk.properties: cf9e295d191b0f089daac27496357883c24d5ddd
[Tue May 13 08:22:21 EDT 2014]msg_ko.properties: 738a4d64e83913f0768159e88b074edf228df2c6
[Tue May 13 08:22:21 EDT 2014]msg_ms.properties: d0543b25c55e025de32ca0667376482a8f02b0ac
[Tue May 13 08:22:21 EDT 2014]msg_nb.properties: f1344d423c6631359e8d79997b7118bfc155ed9b
[Tue May 13 08:22:21 EDT 2014]msg_nl.properties: cc15b4c4238d59822fa2314f5549c3dad9e05606
[Tue May 13 08:22:21 EDT 2014]msg_no.properties: f1344d423c6631359e8d79997b7118bfc155ed9b
[Tue May 13 08:22:21 EDT 2014]msg_pl.properties: 531442e28a99f6cd5a4d3485cbd8d5b9596d0c77
[Tue May 13 08:22:21 EDT 2014]msg_pt.properties: 5e199a2f8b8e541b7a4ca68838b479c2878b635a
[Tue May 13 08:22:21 EDT 2014]msg_ro.properties: 208618326503c94d33b4b4239e81693dc74a4e94
[Tue May 13 08:22:21 EDT 2014]msg_ru.properties: 3932575d78f7c65cc0d3980cddfce2c3d7e163f9
[Tue May 13 08:22:21 EDT 2014]msg_sk.properties: d0543b25c55e025de32ca0667376482a8f02b0ac
[Tue May 13 08:22:21 EDT 2014]msg_sl.properties: 997e075905134b67b5780c52a6a741070b76b621
[Tue May 13 08:22:21 EDT 2014]msg_sv.properties: 2fdf988c9b17e3252e3667a9bdf9e69bccd616d9
[Tue May 13 08:22:21 EDT 2014]msg_th.properties: 5a24f2e30b202778e838f213f859aa101e8dd0a4
[Tue May 13 08:22:21 EDT 2014]msg_tr.properties: 2f3ad62268b6a3f9d398280c59a807a79b6000db
[Tue May 13 08:22:21 EDT 2014]msg_zh_CN.properties: 1279619e3cfc47a551a41d603c0882a3afa264bd
[Tue May 13 08:22:21 EDT 2014]msg_zh_HK.properties: d0543b25c55e025de32ca0667376482a8f02b0ac
[Tue May 13 08:22:21 EDT 2014]msg_zh_MO.properties: d0543b25c55e025de32ca0667376482a8f02b0ac
[Tue May 13 08:22:21 EDT 2014]msg_zh_SG.properties: d0543b25c55e025de32ca0667376482a8f02b0ac
[Tue May 13 08:22:21 EDT 2014]msg_zh_TW.properties: 8a5561e2aa409b18a5ca77b8b874a3dd35b9ce8e
[Tue May 13 08:22:21 EDT 2014]icon_48x48: 71327c3165daf863df4a02fe50617ad4b548abd6
[Tue May 13 08:22:21 EDT 2014]preview_500x500: 715830fa926bbe58b9db57be6625f5e030cbffb0
[Tue May 13 08:22:21 EDT 2014]preview_320x320: 1402259bc09c7d197b5f7228ed74728b342e054e
[Tue May 13 08:22:21 EDT 2014]preview_200x200: 314cf71a214a1a505a7099436424648c0c237c66
[Tue May 13 08:22:21 EDT 2014]preview_270x200: bd50ca0251530fe94ceee3591a09fa9cb6540c05
