[Wed Mar 26 16:33:47 EDT 2014]Bundle opened in Visualization Customizer version 1.1.
[Wed Mar 26 16:33:48 EDT 2014]SHAs for vis bundle entries:
[Wed Mar 26 16:33:48 EDT 2014]definitionXml: 5da25cb635fe9b84ee9a231379cce9545cc9ff90
[Wed Mar 26 16:33:48 EDT 2014]vizJson: 34f902b2745d477dc556692c6f6ac21d9e5590ee
[Wed Mar 26 16:33:48 EDT 2014]msg.properties: d856a10f71311abd5c20ebe1319c25d6646cb75f
[Wed Mar 26 16:33:48 EDT 2014]msg_ca.properties: d856a10f71311abd5c20ebe1319c25d6646cb75f
[Wed Mar 26 16:33:48 EDT 2014]msg_cs.properties: b44847ae25329e202910784d3846bd8622becd13
[Wed Mar 26 16:33:48 EDT 2014]msg_da.properties: fb1527c11fde8166cf9a8af7c4543f0602e8807d
[Wed Mar 26 16:33:48 EDT 2014]msg_de.properties: a661a9b5e011b1ee0846786284570168ae985840
[Wed Mar 26 16:33:48 EDT 2014]msg_el.properties: d856a10f71311abd5c20ebe1319c25d6646cb75f
[Wed Mar 26 16:33:48 EDT 2014]msg_en.properties: d856a10f71311abd5c20ebe1319c25d6646cb75f
[Wed Mar 26 16:33:48 EDT 2014]msg_es.properties: 8e3331fe7dc5fc5e2371ecec9211068ad5e5a206
[Wed Mar 26 16:33:48 EDT 2014]msg_fi.properties: 0c2202d6fa469ec4989c9341fd2678bbed2d3df5
[Wed Mar 26 16:33:48 EDT 2014]msg_fr.properties: 319dca06aee60ff4a77e55bf5cff85e6fc7c4184
[Wed Mar 26 16:33:48 EDT 2014]msg_hr.properties: 32f5e44f2c0e0b192b846ae816a430be0b215145
[Wed Mar 26 16:33:48 EDT 2014]msg_hu.properties: 013ca3caf32f540acaac4f573690dd977e125cc9
[Wed Mar 26 16:33:48 EDT 2014]msg_id.properties: d856a10f71311abd5c20ebe1319c25d6646cb75f
[Wed Mar 26 16:33:48 EDT 2014]msg_in.properties: d856a10f71311abd5c20ebe1319c25d6646cb75f
[Wed Mar 26 16:33:48 EDT 2014]msg_it.properties: 694634762bf3297bd8a5074cabbc2176aa30dd63
[Wed Mar 26 16:33:48 EDT 2014]msg_ja.properties: d456081f39e029cbc577a29dd493028d1dad6e5a
[Wed Mar 26 16:33:48 EDT 2014]msg_kk.properties: fb0d2a0e5ea7da0692e75f4862ddaae87bfe7d23
[Wed Mar 26 16:33:48 EDT 2014]msg_ko.properties: 837f13b715264d4a3ba050310b8601e501ae28b5
[Wed Mar 26 16:33:48 EDT 2014]msg_ms.properties: d856a10f71311abd5c20ebe1319c25d6646cb75f
[Wed Mar 26 16:33:48 EDT 2014]msg_nb.properties: 67a18508e964f3508ddc9f83695cf3fcd48e0004
[Wed Mar 26 16:33:48 EDT 2014]msg_nl.properties: 5daa0a7ae5338d3476160271ee3138a3db4ec488
[Wed Mar 26 16:33:48 EDT 2014]msg_no.properties: 67a18508e964f3508ddc9f83695cf3fcd48e0004
[Wed Mar 26 16:33:48 EDT 2014]msg_pl.properties: c0e41389f3f167bc195752a8b497b092a17cf05c
[Wed Mar 26 16:33:48 EDT 2014]msg_pt.properties: 40d3893c7c618fc52fb05f6b32302489235466a0
[Wed Mar 26 16:33:48 EDT 2014]msg_ro.properties: 7ad65c33e3dd6e1a42400bfac76402abc02c3722
[Wed Mar 26 16:33:48 EDT 2014]msg_ru.properties: f75127509e6a7f9701fb518a41cc9458121ef030
[Wed Mar 26 16:33:48 EDT 2014]msg_sk.properties: d856a10f71311abd5c20ebe1319c25d6646cb75f
[Wed Mar 26 16:33:48 EDT 2014]msg_sl.properties: d116e334f288fec83aa7a578f0670b63a23d0872
[Wed Mar 26 16:33:48 EDT 2014]msg_sv.properties: 4e2acfd5006496320e05db314d36e4515ed0a350
[Wed Mar 26 16:33:48 EDT 2014]msg_th.properties: 4c910cf93c6a8607e27c3e86cffb8492ac36ca7e
[Wed Mar 26 16:33:48 EDT 2014]msg_tr.properties: d9e5fa7e207ae1291cf9df502edf218a5cee5da7
[Wed Mar 26 16:33:48 EDT 2014]msg_zh_CN.properties: bcd49ac9ca6577ca8585fa7a290a3e5ee6fd3ea5
[Wed Mar 26 16:33:48 EDT 2014]msg_zh_HK.properties: d856a10f71311abd5c20ebe1319c25d6646cb75f
[Wed Mar 26 16:33:48 EDT 2014]msg_zh_MO.properties: d856a10f71311abd5c20ebe1319c25d6646cb75f
[Wed Mar 26 16:33:48 EDT 2014]msg_zh_SG.properties: d856a10f71311abd5c20ebe1319c25d6646cb75f
[Wed Mar 26 16:33:48 EDT 2014]msg_zh_TW.properties: 1008bd7e08873e86a836f7cb9c174ca4704dde29
[Wed Mar 26 16:33:48 EDT 2014]icon_48x48: d3b4ca2ea8eaa74a0e5e344a60cea6411be7954f
[Wed Mar 26 16:33:48 EDT 2014]preview_500x500: b117c68b9e853e56f9a03eeee023ab4492b260cc
[Wed Mar 26 16:33:48 EDT 2014]preview_320x320: 44576cc7d801aa88b4bc8867cd0906c8035927d1
[Wed Mar 26 16:33:48 EDT 2014]preview_200x200: 13b66710662bf9def6117fa8083521e2bcdde7fe
[Wed Mar 26 16:33:48 EDT 2014]preview_270x200: 379481fa8b0e4b160c1ecb3ced270863fb221d1b
[Thu Mar 27 09:32:00 EDT 2014]Bundle opened in Visualization Customizer version 1.1.
[Thu Mar 27 09:32:00 EDT 2014]SHAs for vis bundle entries:
[Thu Mar 27 09:32:00 EDT 2014]definitionXml: 7c4650bbfb2d79887aeabf6cd2548d53ff490d23
[Thu Mar 27 09:32:00 EDT 2014]vizJson: a1b5285d86e90010b79a7606bcdbf9edaaee2dd7
[Thu Mar 27 09:32:00 EDT 2014]msg.properties: 3d9c9d898d50090a59d71aca0eca3bd2b8aea407
[Thu Mar 27 09:32:00 EDT 2014]msg_ca.properties: f51615d7a83e057df1a3f5e017c8994d6462809b
[Thu Mar 27 09:32:00 EDT 2014]msg_cs.properties: 279e2aece625375a5b699c47bbe44e358b6de318
[Thu Mar 27 09:32:00 EDT 2014]msg_da.properties: b64261e2a30fb27c47b680b708f77995833eae57
[Thu Mar 27 09:32:00 EDT 2014]msg_de.properties: 47b46ebe5a4cd816594b566f40aa0c0dc45fff73
[Thu Mar 27 09:32:00 EDT 2014]msg_el.properties: f51615d7a83e057df1a3f5e017c8994d6462809b
[Thu Mar 27 09:32:00 EDT 2014]msg_en.properties: f51615d7a83e057df1a3f5e017c8994d6462809b
[Thu Mar 27 09:32:00 EDT 2014]msg_es.properties: 6d9367f00d0225995241bf2111057f95b3ed7629
[Thu Mar 27 09:32:00 EDT 2014]msg_fi.properties: 20c74055086bf6a77ea76dd28491b662e42da710
[Thu Mar 27 09:32:00 EDT 2014]msg_fr.properties: 30692c83392357cc92383c17090d3752d8efec6a
[Thu Mar 27 09:32:00 EDT 2014]msg_hr.properties: 83716aaa197f7afa6d017114719c8a8827eaa209
[Thu Mar 27 09:32:00 EDT 2014]msg_hu.properties: 591315275374a30b7a140e5b252f9db47420c202
[Thu Mar 27 09:32:00 EDT 2014]msg_id.properties: f51615d7a83e057df1a3f5e017c8994d6462809b
[Thu Mar 27 09:32:00 EDT 2014]msg_in.properties: f51615d7a83e057df1a3f5e017c8994d6462809b
[Thu Mar 27 09:32:00 EDT 2014]msg_it.properties: a7ec7a603831ff893380c9100c05fe0c42b72b69
[Thu Mar 27 09:32:00 EDT 2014]msg_ja.properties: a909da807f16c44f4658ebb55d4c07173895971e
[Thu Mar 27 09:32:00 EDT 2014]msg_kk.properties: fb7dfe30e2a361ef458aa8b9f752dac99d6b7ea3
[Thu Mar 27 09:32:00 EDT 2014]msg_ko.properties: 26b8af2bf51b8c85b12a8913406ebc81a02a0531
[Thu Mar 27 09:32:00 EDT 2014]msg_ms.properties: f51615d7a83e057df1a3f5e017c8994d6462809b
[Thu Mar 27 09:32:00 EDT 2014]msg_nb.properties: 0dbe4445771566ae23c1158031ad90e2f9115baf
[Thu Mar 27 09:32:00 EDT 2014]msg_nl.properties: ad02b409e52b6541ed2ad5476e9444e066078aae
[Thu Mar 27 09:32:00 EDT 2014]msg_no.properties: 0dbe4445771566ae23c1158031ad90e2f9115baf
[Thu Mar 27 09:32:00 EDT 2014]msg_pl.properties: da9c77dda776d35bb742eaa1b7ef8554b4da821c
[Thu Mar 27 09:32:00 EDT 2014]msg_pt.properties: f0ab0d7dd68d676642b6a9f3d8e190616fb8c852
[Thu Mar 27 09:32:00 EDT 2014]msg_ro.properties: 5f3111b9cfc58ad67246ec78acdb938f232ddc9d
[Thu Mar 27 09:32:00 EDT 2014]msg_ru.properties: a17dcfa50dff230a2316dc3df5428d81c9d23a14
[Thu Mar 27 09:32:00 EDT 2014]msg_sk.properties: f51615d7a83e057df1a3f5e017c8994d6462809b
[Thu Mar 27 09:32:00 EDT 2014]msg_sl.properties: 1264d640e0dac3ca742fc0f7da86ba10206221a7
[Thu Mar 27 09:32:00 EDT 2014]msg_sv.properties: 51b43a66e8591b9cc35d4f8ff6e81db4484e3f27
[Thu Mar 27 09:32:00 EDT 2014]msg_th.properties: 28a8747d3bcd7e3b715648646688956fad5d2c3c
[Thu Mar 27 09:32:00 EDT 2014]msg_tr.properties: 2b6f204452828e2b5cc0cb05120091c569a7665f
[Thu Mar 27 09:32:00 EDT 2014]msg_zh_CN.properties: f371df338c028477eced0b5e4f2d1351e8361fc8
[Thu Mar 27 09:32:00 EDT 2014]msg_zh_HK.properties: f51615d7a83e057df1a3f5e017c8994d6462809b
[Thu Mar 27 09:32:00 EDT 2014]msg_zh_MO.properties: f51615d7a83e057df1a3f5e017c8994d6462809b
[Thu Mar 27 09:32:00 EDT 2014]msg_zh_SG.properties: f51615d7a83e057df1a3f5e017c8994d6462809b
[Thu Mar 27 09:32:00 EDT 2014]msg_zh_TW.properties: 3552bd45c5ed946a9017d0e64242514245b38923
[Thu Mar 27 09:32:00 EDT 2014]icon_48x48: 058241519fddf219e239e0d94e6a67dce4d7f2e5
[Thu Mar 27 09:32:00 EDT 2014]preview_500x500: 2470b4b17a5d93368e7778b093032717b4a8783e
[Thu Mar 27 09:32:00 EDT 2014]preview_320x320: 9ccee23a6d12d2dc26bb280155dd23cc864dd9fe
[Thu Mar 27 09:32:00 EDT 2014]preview_200x200: 13b66710662bf9def6117fa8083521e2bcdde7fe
[Thu Mar 27 09:32:00 EDT 2014]preview_270x200: 25f75537e8f14daa60768189d29861e1d886271c
[Thu Mar 27 09:43:04 EDT 2014]Bundle saved by Visualization Customizer version 1.1.
[Thu Mar 27 09:43:04 EDT 2014]SHAs for vis bundle entries:
[Thu Mar 27 09:43:04 EDT 2014]definitionXml: 7c4650bbfb2d79887aeabf6cd2548d53ff490d23
[Thu Mar 27 09:43:04 EDT 2014]vizJson: dd60d6db06a81c14be930d81293d80f20ceaa8cf
[Thu Mar 27 09:43:04 EDT 2014]msg.properties: 3d9c9d898d50090a59d71aca0eca3bd2b8aea407
[Thu Mar 27 09:43:04 EDT 2014]msg_ca.properties: f51615d7a83e057df1a3f5e017c8994d6462809b
[Thu Mar 27 09:43:04 EDT 2014]msg_cs.properties: 279e2aece625375a5b699c47bbe44e358b6de318
[Thu Mar 27 09:43:04 EDT 2014]msg_da.properties: b64261e2a30fb27c47b680b708f77995833eae57
[Thu Mar 27 09:43:04 EDT 2014]msg_de.properties: 47b46ebe5a4cd816594b566f40aa0c0dc45fff73
[Thu Mar 27 09:43:04 EDT 2014]msg_el.properties: f51615d7a83e057df1a3f5e017c8994d6462809b
[Thu Mar 27 09:43:04 EDT 2014]msg_en.properties: f51615d7a83e057df1a3f5e017c8994d6462809b
[Thu Mar 27 09:43:04 EDT 2014]msg_es.properties: 6d9367f00d0225995241bf2111057f95b3ed7629
[Thu Mar 27 09:43:04 EDT 2014]msg_fi.properties: 20c74055086bf6a77ea76dd28491b662e42da710
[Thu Mar 27 09:43:04 EDT 2014]msg_fr.properties: 30692c83392357cc92383c17090d3752d8efec6a
[Thu Mar 27 09:43:04 EDT 2014]msg_hr.properties: 83716aaa197f7afa6d017114719c8a8827eaa209
[Thu Mar 27 09:43:04 EDT 2014]msg_hu.properties: 591315275374a30b7a140e5b252f9db47420c202
[Thu Mar 27 09:43:04 EDT 2014]msg_id.properties: f51615d7a83e057df1a3f5e017c8994d6462809b
[Thu Mar 27 09:43:04 EDT 2014]msg_in.properties: f51615d7a83e057df1a3f5e017c8994d6462809b
[Thu Mar 27 09:43:04 EDT 2014]msg_it.properties: a7ec7a603831ff893380c9100c05fe0c42b72b69
[Thu Mar 27 09:43:04 EDT 2014]msg_ja.properties: a909da807f16c44f4658ebb55d4c07173895971e
[Thu Mar 27 09:43:04 EDT 2014]msg_kk.properties: fb7dfe30e2a361ef458aa8b9f752dac99d6b7ea3
[Thu Mar 27 09:43:04 EDT 2014]msg_ko.properties: 26b8af2bf51b8c85b12a8913406ebc81a02a0531
[Thu Mar 27 09:43:04 EDT 2014]msg_ms.properties: f51615d7a83e057df1a3f5e017c8994d6462809b
[Thu Mar 27 09:43:04 EDT 2014]msg_nb.properties: 0dbe4445771566ae23c1158031ad90e2f9115baf
[Thu Mar 27 09:43:04 EDT 2014]msg_nl.properties: ad02b409e52b6541ed2ad5476e9444e066078aae
[Thu Mar 27 09:43:04 EDT 2014]msg_no.properties: 0dbe4445771566ae23c1158031ad90e2f9115baf
[Thu Mar 27 09:43:04 EDT 2014]msg_pl.properties: da9c77dda776d35bb742eaa1b7ef8554b4da821c
[Thu Mar 27 09:43:04 EDT 2014]msg_pt.properties: f0ab0d7dd68d676642b6a9f3d8e190616fb8c852
[Thu Mar 27 09:43:04 EDT 2014]msg_ro.properties: 5f3111b9cfc58ad67246ec78acdb938f232ddc9d
[Thu Mar 27 09:43:04 EDT 2014]msg_ru.properties: a17dcfa50dff230a2316dc3df5428d81c9d23a14
[Thu Mar 27 09:43:04 EDT 2014]msg_sk.properties: f51615d7a83e057df1a3f5e017c8994d6462809b
[Thu Mar 27 09:43:04 EDT 2014]msg_sl.properties: 1264d640e0dac3ca742fc0f7da86ba10206221a7
[Thu Mar 27 09:43:04 EDT 2014]msg_sv.properties: 51b43a66e8591b9cc35d4f8ff6e81db4484e3f27
[Thu Mar 27 09:43:04 EDT 2014]msg_th.properties: 28a8747d3bcd7e3b715648646688956fad5d2c3c
[Thu Mar 27 09:43:04 EDT 2014]msg_tr.properties: 2b6f204452828e2b5cc0cb05120091c569a7665f
[Thu Mar 27 09:43:04 EDT 2014]msg_zh_CN.properties: f371df338c028477eced0b5e4f2d1351e8361fc8
[Thu Mar 27 09:43:04 EDT 2014]msg_zh_HK.properties: f51615d7a83e057df1a3f5e017c8994d6462809b
[Thu Mar 27 09:43:04 EDT 2014]msg_zh_MO.properties: f51615d7a83e057df1a3f5e017c8994d6462809b
[Thu Mar 27 09:43:04 EDT 2014]msg_zh_SG.properties: f51615d7a83e057df1a3f5e017c8994d6462809b
[Thu Mar 27 09:43:04 EDT 2014]msg_zh_TW.properties: 3552bd45c5ed946a9017d0e64242514245b38923
[Thu Mar 27 09:43:04 EDT 2014]icon_48x48: 058241519fddf219e239e0d94e6a67dce4d7f2e5
[Thu Mar 27 09:43:04 EDT 2014]preview_500x500: 2470b4b17a5d93368e7778b093032717b4a8783e
[Thu Mar 27 09:43:04 EDT 2014]preview_320x320: 9ccee23a6d12d2dc26bb280155dd23cc864dd9fe
[Thu Mar 27 09:43:04 EDT 2014]preview_200x200: 13b66710662bf9def6117fa8083521e2bcdde7fe
[Thu Mar 27 09:43:04 EDT 2014]preview_270x200: 25f75537e8f14daa60768189d29861e1d886271c
[Thu Apr 03 15:01:12 EDT 2014]Bundle opened in Visualization Customizer version 1.1.
[Thu Apr 03 15:01:12 EDT 2014]SHAs for vis bundle entries:
[Thu Apr 03 15:01:12 EDT 2014]definitionXml: c29cd35b2d576128dd776b79375147685de0968a
[Thu Apr 03 15:01:12 EDT 2014]vizJson: dd60d6db06a81c14be930d81293d80f20ceaa8cf
[Thu Apr 03 15:01:12 EDT 2014]msg.properties: 31692da5b93ff5b2f22e37e78e7a1cfb7833eb24
[Thu Apr 03 15:01:12 EDT 2014]msg_ca.properties: d856a10f71311abd5c20ebe1319c25d6646cb75f
[Thu Apr 03 15:01:12 EDT 2014]msg_cs.properties: b44847ae25329e202910784d3846bd8622becd13
[Thu Apr 03 15:01:12 EDT 2014]msg_da.properties: fb1527c11fde8166cf9a8af7c4543f0602e8807d
[Thu Apr 03 15:01:12 EDT 2014]msg_de.properties: a661a9b5e011b1ee0846786284570168ae985840
[Thu Apr 03 15:01:12 EDT 2014]msg_el.properties: d856a10f71311abd5c20ebe1319c25d6646cb75f
[Thu Apr 03 15:01:12 EDT 2014]msg_en.properties: d856a10f71311abd5c20ebe1319c25d6646cb75f
[Thu Apr 03 15:01:12 EDT 2014]msg_es.properties: 8e3331fe7dc5fc5e2371ecec9211068ad5e5a206
[Thu Apr 03 15:01:12 EDT 2014]msg_fi.properties: 0c2202d6fa469ec4989c9341fd2678bbed2d3df5
[Thu Apr 03 15:01:12 EDT 2014]msg_fr.properties: 319dca06aee60ff4a77e55bf5cff85e6fc7c4184
[Thu Apr 03 15:01:12 EDT 2014]msg_hr.properties: 32f5e44f2c0e0b192b846ae816a430be0b215145
[Thu Apr 03 15:01:12 EDT 2014]msg_hu.properties: 013ca3caf32f540acaac4f573690dd977e125cc9
[Thu Apr 03 15:01:12 EDT 2014]msg_id.properties: d856a10f71311abd5c20ebe1319c25d6646cb75f
[Thu Apr 03 15:01:12 EDT 2014]msg_in.properties: d856a10f71311abd5c20ebe1319c25d6646cb75f
[Thu Apr 03 15:01:12 EDT 2014]msg_it.properties: 694634762bf3297bd8a5074cabbc2176aa30dd63
[Thu Apr 03 15:01:12 EDT 2014]msg_ja.properties: d456081f39e029cbc577a29dd493028d1dad6e5a
[Thu Apr 03 15:01:12 EDT 2014]msg_kk.properties: fb0d2a0e5ea7da0692e75f4862ddaae87bfe7d23
[Thu Apr 03 15:01:12 EDT 2014]msg_ko.properties: 837f13b715264d4a3ba050310b8601e501ae28b5
[Thu Apr 03 15:01:12 EDT 2014]msg_ms.properties: d856a10f71311abd5c20ebe1319c25d6646cb75f
[Thu Apr 03 15:01:12 EDT 2014]msg_nb.properties: 67a18508e964f3508ddc9f83695cf3fcd48e0004
[Thu Apr 03 15:01:12 EDT 2014]msg_nl.properties: 5daa0a7ae5338d3476160271ee3138a3db4ec488
[Thu Apr 03 15:01:12 EDT 2014]msg_no.properties: 67a18508e964f3508ddc9f83695cf3fcd48e0004
[Thu Apr 03 15:01:12 EDT 2014]msg_pl.properties: c0e41389f3f167bc195752a8b497b092a17cf05c
[Thu Apr 03 15:01:12 EDT 2014]msg_pt.properties: 40d3893c7c618fc52fb05f6b32302489235466a0
[Thu Apr 03 15:01:12 EDT 2014]msg_ro.properties: 7ad65c33e3dd6e1a42400bfac76402abc02c3722
[Thu Apr 03 15:01:12 EDT 2014]msg_ru.properties: f75127509e6a7f9701fb518a41cc9458121ef030
[Thu Apr 03 15:01:12 EDT 2014]msg_sk.properties: d856a10f71311abd5c20ebe1319c25d6646cb75f
[Thu Apr 03 15:01:12 EDT 2014]msg_sl.properties: d116e334f288fec83aa7a578f0670b63a23d0872
[Thu Apr 03 15:01:12 EDT 2014]msg_sv.properties: 4e2acfd5006496320e05db314d36e4515ed0a350
[Thu Apr 03 15:01:12 EDT 2014]msg_th.properties: 4c910cf93c6a8607e27c3e86cffb8492ac36ca7e
[Thu Apr 03 15:01:12 EDT 2014]msg_tr.properties: d9e5fa7e207ae1291cf9df502edf218a5cee5da7
[Thu Apr 03 15:01:12 EDT 2014]msg_zh_CN.properties: bcd49ac9ca6577ca8585fa7a290a3e5ee6fd3ea5
[Thu Apr 03 15:01:12 EDT 2014]msg_zh_HK.properties: d856a10f71311abd5c20ebe1319c25d6646cb75f
[Thu Apr 03 15:01:12 EDT 2014]msg_zh_MO.properties: d856a10f71311abd5c20ebe1319c25d6646cb75f
[Thu Apr 03 15:01:12 EDT 2014]msg_zh_SG.properties: d856a10f71311abd5c20ebe1319c25d6646cb75f
[Thu Apr 03 15:01:12 EDT 2014]msg_zh_TW.properties: 1008bd7e08873e86a836f7cb9c174ca4704dde29
[Thu Apr 03 15:01:12 EDT 2014]icon_48x48: f7dcab7d6a69813a9a06b94703180e181351cf22
[Thu Apr 03 15:01:12 EDT 2014]preview_500x500: 741ff06a83a82e4b7b5189fcb8e211afd4be2c5e
[Thu Apr 03 15:01:12 EDT 2014]preview_320x320: ff182dea1658de1ad29d826a32a8c928123631ce
[Thu Apr 03 15:01:12 EDT 2014]preview_200x200: 13b66710662bf9def6117fa8083521e2bcdde7fe
[Thu Apr 03 15:01:12 EDT 2014]preview_270x200: b9abcade0414d267f0054a76bff17a910fac03cb
[Thu Apr 03 15:13:38 EDT 2014]Bundle saved by Visualization Customizer version 1.1.
[Thu Apr 03 15:13:38 EDT 2014]SHAs for vis bundle entries:
[Thu Apr 03 15:13:38 EDT 2014]definitionXml: c29cd35b2d576128dd776b79375147685de0968a
[Thu Apr 03 15:13:38 EDT 2014]vizJson: 925fa649183ccd239110043bf217f3d4ddd37937
[Thu Apr 03 15:13:38 EDT 2014]msg.properties: 31692da5b93ff5b2f22e37e78e7a1cfb7833eb24
[Thu Apr 03 15:13:38 EDT 2014]msg_ca.properties: d856a10f71311abd5c20ebe1319c25d6646cb75f
[Thu Apr 03 15:13:38 EDT 2014]msg_cs.properties: b44847ae25329e202910784d3846bd8622becd13
[Thu Apr 03 15:13:38 EDT 2014]msg_da.properties: fb1527c11fde8166cf9a8af7c4543f0602e8807d
[Thu Apr 03 15:13:38 EDT 2014]msg_de.properties: a661a9b5e011b1ee0846786284570168ae985840
[Thu Apr 03 15:13:38 EDT 2014]msg_el.properties: d856a10f71311abd5c20ebe1319c25d6646cb75f
[Thu Apr 03 15:13:38 EDT 2014]msg_en.properties: d856a10f71311abd5c20ebe1319c25d6646cb75f
[Thu Apr 03 15:13:38 EDT 2014]msg_es.properties: 8e3331fe7dc5fc5e2371ecec9211068ad5e5a206
[Thu Apr 03 15:13:38 EDT 2014]msg_fi.properties: 0c2202d6fa469ec4989c9341fd2678bbed2d3df5
[Thu Apr 03 15:13:38 EDT 2014]msg_fr.properties: 319dca06aee60ff4a77e55bf5cff85e6fc7c4184
[Thu Apr 03 15:13:38 EDT 2014]msg_hr.properties: 32f5e44f2c0e0b192b846ae816a430be0b215145
[Thu Apr 03 15:13:38 EDT 2014]msg_hu.properties: 013ca3caf32f540acaac4f573690dd977e125cc9
[Thu Apr 03 15:13:38 EDT 2014]msg_id.properties: d856a10f71311abd5c20ebe1319c25d6646cb75f
[Thu Apr 03 15:13:38 EDT 2014]msg_in.properties: d856a10f71311abd5c20ebe1319c25d6646cb75f
[Thu Apr 03 15:13:38 EDT 2014]msg_it.properties: 694634762bf3297bd8a5074cabbc2176aa30dd63
[Thu Apr 03 15:13:38 EDT 2014]msg_ja.properties: d456081f39e029cbc577a29dd493028d1dad6e5a
[Thu Apr 03 15:13:38 EDT 2014]msg_kk.properties: fb0d2a0e5ea7da0692e75f4862ddaae87bfe7d23
[Thu Apr 03 15:13:38 EDT 2014]msg_ko.properties: 837f13b715264d4a3ba050310b8601e501ae28b5
[Thu Apr 03 15:13:38 EDT 2014]msg_ms.properties: d856a10f71311abd5c20ebe1319c25d6646cb75f
[Thu Apr 03 15:13:38 EDT 2014]msg_nb.properties: 67a18508e964f3508ddc9f83695cf3fcd48e0004
[Thu Apr 03 15:13:38 EDT 2014]msg_nl.properties: 5daa0a7ae5338d3476160271ee3138a3db4ec488
[Thu Apr 03 15:13:38 EDT 2014]msg_no.properties: 67a18508e964f3508ddc9f83695cf3fcd48e0004
[Thu Apr 03 15:13:38 EDT 2014]msg_pl.properties: c0e41389f3f167bc195752a8b497b092a17cf05c
[Thu Apr 03 15:13:38 EDT 2014]msg_pt.properties: 40d3893c7c618fc52fb05f6b32302489235466a0
[Thu Apr 03 15:13:38 EDT 2014]msg_ro.properties: 7ad65c33e3dd6e1a42400bfac76402abc02c3722
[Thu Apr 03 15:13:38 EDT 2014]msg_ru.properties: f75127509e6a7f9701fb518a41cc9458121ef030
[Thu Apr 03 15:13:38 EDT 2014]msg_sk.properties: d856a10f71311abd5c20ebe1319c25d6646cb75f
[Thu Apr 03 15:13:38 EDT 2014]msg_sl.properties: d116e334f288fec83aa7a578f0670b63a23d0872
[Thu Apr 03 15:13:38 EDT 2014]msg_sv.properties: 4e2acfd5006496320e05db314d36e4515ed0a350
[Thu Apr 03 15:13:38 EDT 2014]msg_th.properties: 4c910cf93c6a8607e27c3e86cffb8492ac36ca7e
[Thu Apr 03 15:13:38 EDT 2014]msg_tr.properties: d9e5fa7e207ae1291cf9df502edf218a5cee5da7
[Thu Apr 03 15:13:38 EDT 2014]msg_zh_CN.properties: bcd49ac9ca6577ca8585fa7a290a3e5ee6fd3ea5
[Thu Apr 03 15:13:38 EDT 2014]msg_zh_HK.properties: d856a10f71311abd5c20ebe1319c25d6646cb75f
[Thu Apr 03 15:13:38 EDT 2014]msg_zh_MO.properties: d856a10f71311abd5c20ebe1319c25d6646cb75f
[Thu Apr 03 15:13:38 EDT 2014]msg_zh_SG.properties: d856a10f71311abd5c20ebe1319c25d6646cb75f
[Thu Apr 03 15:13:38 EDT 2014]msg_zh_TW.properties: 1008bd7e08873e86a836f7cb9c174ca4704dde29
[Thu Apr 03 15:13:38 EDT 2014]icon_48x48: ceb7731d7cf0ba2d6f41b386c1018dde66c6149a
[Thu Apr 03 15:13:38 EDT 2014]preview_500x500: 0c9383a84735d6e4ed0413e557cbf6bcbd793101
[Thu Apr 03 15:13:38 EDT 2014]preview_320x320: fd207c877692f4d6c56336bac7ea22f06a22d5de
[Thu Apr 03 15:13:38 EDT 2014]preview_200x200: 13b66710662bf9def6117fa8083521e2bcdde7fe
[Thu Apr 03 15:13:38 EDT 2014]preview_270x200: 20d0cf58d57cc2fb115f09e187ae7220938bcd13
