[Mon Mar 03 10:10:32 EST 2014]Bundle opened in Visualization Customizer version 1.1.
[Mon Mar 03 10:10:32 EST 2014]SHAs for vis bundle entries:
[Mon Mar 03 10:10:32 EST 2014]definitionXml: c0e29430548a67efce5efd3c6b53a099f7e62250
[Mon Mar 03 10:10:32 EST 2014]vizJson: c10de623cde6138d23b3427d83588b23c65764c1
[Mon Mar 03 10:10:32 EST 2014]msg.properties: a3ea8f97ed7e182d19c50723a11812364477fbe1
[Mon Mar 03 10:10:32 EST 2014]msg_ca.properties: a3ea8f97ed7e182d19c50723a11812364477fbe1
[Mon Mar 03 10:10:32 EST 2014]msg_cs.properties: fcfc22f83fff134d78df73305470672baf8f9534
[Mon Mar 03 10:10:32 EST 2014]msg_da.properties: 4c5fe6d72367217bc5dc189e7f2e27eaf50d5ad0
[Mon Mar 03 10:10:32 EST 2014]msg_de.properties: e79e4efcb8f2b7e25d711ca4c2ae1300b9efdb24
[Mon Mar 03 10:10:32 EST 2014]msg_el.properties: a3ea8f97ed7e182d19c50723a11812364477fbe1
[Mon Mar 03 10:10:32 EST 2014]msg_en.properties: a3ea8f97ed7e182d19c50723a11812364477fbe1
[Mon Mar 03 10:10:32 EST 2014]msg_es.properties: bf7282f6f5154dc8968813f6aeb09117c2aeed7a
[Mon Mar 03 10:10:32 EST 2014]msg_fi.properties: f31a748c4c87298c9b4cee1def2d411609ba31d1
[Mon Mar 03 10:10:32 EST 2014]msg_fr.properties: e137b78a0b4b50d6f7906acd0c6136e5fcc01590
[Mon Mar 03 10:10:32 EST 2014]msg_hr.properties: b67a8c20a5b3d8e11fad96a90b07721fc8e2e457
[Mon Mar 03 10:10:32 EST 2014]msg_hu.properties: 5d342551cb84c79a453fe01b5686ceb2952d4336
[Mon Mar 03 10:10:32 EST 2014]msg_id.properties: a3ea8f97ed7e182d19c50723a11812364477fbe1
[Mon Mar 03 10:10:32 EST 2014]msg_in.properties: a3ea8f97ed7e182d19c50723a11812364477fbe1
[Mon Mar 03 10:10:32 EST 2014]msg_it.properties: debf59e431689efea0a88a1c60be22a0b364f231
[Mon Mar 03 10:10:32 EST 2014]msg_ja.properties: a1d589c1d1eb52cccf2f9d8619979b9a8e20531f
[Mon Mar 03 10:10:32 EST 2014]msg_kk.properties: 81b2e5f76ab48d7b869292a68e2525fa03accbfb
[Mon Mar 03 10:10:32 EST 2014]msg_ko.properties: ff0fa3e0890231d5f74bface75fcf561df04750a
[Mon Mar 03 10:10:32 EST 2014]msg_ms.properties: a3ea8f97ed7e182d19c50723a11812364477fbe1
[Mon Mar 03 10:10:32 EST 2014]msg_nb.properties: e33956a4c6875d8997e56986594d2b234f58b22c
[Mon Mar 03 10:10:32 EST 2014]msg_nl.properties: 5dc87ede4e2eb5dc3346ad10c968ef4da00aa5f7
[Mon Mar 03 10:10:32 EST 2014]msg_no.properties: e33956a4c6875d8997e56986594d2b234f58b22c
[Mon Mar 03 10:10:32 EST 2014]msg_pl.properties: 940992782c185087f3ddd47be1516dd8a7633b77
[Mon Mar 03 10:10:32 EST 2014]msg_pt.properties: 5b128ce19ff8471c8a37e0270effe20c5f8775d0
[Mon Mar 03 10:10:32 EST 2014]msg_ro.properties: 4798eff56e01ab350e823bef4fa24aa177aef2c0
[Mon Mar 03 10:10:32 EST 2014]msg_ru.properties: 64e6f1d6323104d2d748e3af98d2fd311428317b
[Mon Mar 03 10:10:32 EST 2014]msg_sk.properties: a3ea8f97ed7e182d19c50723a11812364477fbe1
[Mon Mar 03 10:10:32 EST 2014]msg_sl.properties: 21d951f4b37cac5f216052048163ab778063c5d5
[Mon Mar 03 10:10:32 EST 2014]msg_sv.properties: 1b2f36cdf979fa29fdcf850b132d71bf36d1cb5f
[Mon Mar 03 10:10:32 EST 2014]msg_th.properties: 624bd2883b802b2eaa8341bc078350e84e31f2db
[Mon Mar 03 10:10:32 EST 2014]msg_tr.properties: f86415fc67fb09ad3ca48cc56cee3bed42cd16b0
[Mon Mar 03 10:10:32 EST 2014]msg_zh_CN.properties: eb329b32be267145c5df0d5cbbf5c7585ac93e19
[Mon Mar 03 10:10:32 EST 2014]msg_zh_HK.properties: a3ea8f97ed7e182d19c50723a11812364477fbe1
[Mon Mar 03 10:10:32 EST 2014]msg_zh_MO.properties: a3ea8f97ed7e182d19c50723a11812364477fbe1
[Mon Mar 03 10:10:32 EST 2014]msg_zh_SG.properties: a3ea8f97ed7e182d19c50723a11812364477fbe1
[Mon Mar 03 10:10:32 EST 2014]msg_zh_TW.properties: 5ddedfd4e3de1450b38c09b1bd0516282bc36b1c
[Mon Mar 03 10:10:32 EST 2014]icon_48x48: 0fe28be0ac9c856afc93bce90b0170d47e8cefa9
[Mon Mar 03 10:10:32 EST 2014]preview_500x500: 8fe71f7ec18c4c0ff1ec95bf00a94ca859f8df93
[Mon Mar 03 10:10:32 EST 2014]preview_320x320: 9e422138e5dfbd8dc05367678a6c82b2e3a055eb
[Mon Mar 03 10:10:32 EST 2014]preview_200x200: 1b1714c64936745d25ad861a340f379b11c1443e
[Mon Mar 03 10:10:32 EST 2014]preview_270x200: f033368dd772680cf70aa8602b72ef859027be86
[Mon Mar 03 10:11:09 EST 2014]Bundle saved by Visualization Customizer version 1.1.
[Mon Mar 03 10:11:09 EST 2014]SHAs for vis bundle entries:
[Mon Mar 03 10:11:09 EST 2014]definitionXml: c0e29430548a67efce5efd3c6b53a099f7e62250
[Mon Mar 03 10:11:09 EST 2014]vizJson: 7d9d89527ed6cbc80b213ef2286669587de7b36d
[Mon Mar 03 10:11:09 EST 2014]msg.properties: a3ea8f97ed7e182d19c50723a11812364477fbe1
[Mon Mar 03 10:11:09 EST 2014]msg_ca.properties: a3ea8f97ed7e182d19c50723a11812364477fbe1
[Mon Mar 03 10:11:09 EST 2014]msg_cs.properties: fcfc22f83fff134d78df73305470672baf8f9534
[Mon Mar 03 10:11:09 EST 2014]msg_da.properties: 4c5fe6d72367217bc5dc189e7f2e27eaf50d5ad0
[Mon Mar 03 10:11:09 EST 2014]msg_de.properties: e79e4efcb8f2b7e25d711ca4c2ae1300b9efdb24
[Mon Mar 03 10:11:09 EST 2014]msg_el.properties: a3ea8f97ed7e182d19c50723a11812364477fbe1
[Mon Mar 03 10:11:09 EST 2014]msg_en.properties: a3ea8f97ed7e182d19c50723a11812364477fbe1
[Mon Mar 03 10:11:09 EST 2014]msg_es.properties: bf7282f6f5154dc8968813f6aeb09117c2aeed7a
[Mon Mar 03 10:11:09 EST 2014]msg_fi.properties: f31a748c4c87298c9b4cee1def2d411609ba31d1
[Mon Mar 03 10:11:09 EST 2014]msg_fr.properties: e137b78a0b4b50d6f7906acd0c6136e5fcc01590
[Mon Mar 03 10:11:09 EST 2014]msg_hr.properties: b67a8c20a5b3d8e11fad96a90b07721fc8e2e457
[Mon Mar 03 10:11:09 EST 2014]msg_hu.properties: 5d342551cb84c79a453fe01b5686ceb2952d4336
[Mon Mar 03 10:11:09 EST 2014]msg_id.properties: a3ea8f97ed7e182d19c50723a11812364477fbe1
[Mon Mar 03 10:11:09 EST 2014]msg_in.properties: a3ea8f97ed7e182d19c50723a11812364477fbe1
[Mon Mar 03 10:11:09 EST 2014]msg_it.properties: debf59e431689efea0a88a1c60be22a0b364f231
[Mon Mar 03 10:11:09 EST 2014]msg_ja.properties: a1d589c1d1eb52cccf2f9d8619979b9a8e20531f
[Mon Mar 03 10:11:09 EST 2014]msg_kk.properties: 81b2e5f76ab48d7b869292a68e2525fa03accbfb
[Mon Mar 03 10:11:09 EST 2014]msg_ko.properties: ff0fa3e0890231d5f74bface75fcf561df04750a
[Mon Mar 03 10:11:09 EST 2014]msg_ms.properties: a3ea8f97ed7e182d19c50723a11812364477fbe1
[Mon Mar 03 10:11:09 EST 2014]msg_nb.properties: e33956a4c6875d8997e56986594d2b234f58b22c
[Mon Mar 03 10:11:09 EST 2014]msg_nl.properties: 5dc87ede4e2eb5dc3346ad10c968ef4da00aa5f7
[Mon Mar 03 10:11:09 EST 2014]msg_no.properties: e33956a4c6875d8997e56986594d2b234f58b22c
[Mon Mar 03 10:11:09 EST 2014]msg_pl.properties: 940992782c185087f3ddd47be1516dd8a7633b77
[Mon Mar 03 10:11:09 EST 2014]msg_pt.properties: 5b128ce19ff8471c8a37e0270effe20c5f8775d0
[Mon Mar 03 10:11:09 EST 2014]msg_ro.properties: 4798eff56e01ab350e823bef4fa24aa177aef2c0
[Mon Mar 03 10:11:09 EST 2014]msg_ru.properties: 64e6f1d6323104d2d748e3af98d2fd311428317b
[Mon Mar 03 10:11:09 EST 2014]msg_sk.properties: a3ea8f97ed7e182d19c50723a11812364477fbe1
[Mon Mar 03 10:11:09 EST 2014]msg_sl.properties: 21d951f4b37cac5f216052048163ab778063c5d5
[Mon Mar 03 10:11:09 EST 2014]msg_sv.properties: 1b2f36cdf979fa29fdcf850b132d71bf36d1cb5f
[Mon Mar 03 10:11:09 EST 2014]msg_th.properties: 624bd2883b802b2eaa8341bc078350e84e31f2db
[Mon Mar 03 10:11:09 EST 2014]msg_tr.properties: f86415fc67fb09ad3ca48cc56cee3bed42cd16b0
[Mon Mar 03 10:11:09 EST 2014]msg_zh_CN.properties: eb329b32be267145c5df0d5cbbf5c7585ac93e19
[Mon Mar 03 10:11:09 EST 2014]msg_zh_HK.properties: a3ea8f97ed7e182d19c50723a11812364477fbe1
[Mon Mar 03 10:11:09 EST 2014]msg_zh_MO.properties: a3ea8f97ed7e182d19c50723a11812364477fbe1
[Mon Mar 03 10:11:09 EST 2014]msg_zh_SG.properties: a3ea8f97ed7e182d19c50723a11812364477fbe1
[Mon Mar 03 10:11:09 EST 2014]msg_zh_TW.properties: 5ddedfd4e3de1450b38c09b1bd0516282bc36b1c
[Mon Mar 03 10:11:09 EST 2014]icon_48x48: 0fe28be0ac9c856afc93bce90b0170d47e8cefa9
[Mon Mar 03 10:11:09 EST 2014]preview_500x500: 8fe71f7ec18c4c0ff1ec95bf00a94ca859f8df93
[Mon Mar 03 10:11:09 EST 2014]preview_320x320: 9e422138e5dfbd8dc05367678a6c82b2e3a055eb
[Mon Mar 03 10:11:09 EST 2014]preview_200x200: 1b1714c64936745d25ad861a340f379b11c1443e
[Mon Mar 03 10:11:09 EST 2014]preview_270x200: f033368dd772680cf70aa8602b72ef859027be86
