[Mon Mar 10 09:25:55 EDT 2014]Bundle opened in Visualization Customizer version 1.1.
[Mon Mar 10 09:25:55 EDT 2014]SHAs for vis bundle entries:
[Mon Mar 10 09:25:55 EDT 2014]definitionXml: 50720eeeb92ab7e44bcad43c5dba9af5aad867d2
[Mon Mar 10 09:25:55 EDT 2014]vizJson: 31f285d8e56a5285a4355fbb8f9e61a0e604e6cb
[Mon Mar 10 09:25:55 EDT 2014]msg.properties: 35b7a2a9e4ebfe6c5d51dc068672898b12c581a9
[Mon Mar 10 09:25:55 EDT 2014]msg_ca.properties: 35b7a2a9e4ebfe6c5d51dc068672898b12c581a9
[Mon Mar 10 09:25:55 EDT 2014]msg_cs.properties: d79fdaf00b01c68ceef3f775a78d4a64ac5e7aba
[Mon Mar 10 09:25:55 EDT 2014]msg_da.properties: e89785971129a8547b70d7d4d3693f03f9a96e82
[Mon Mar 10 09:25:55 EDT 2014]msg_de.properties: 27a13de204ba2eaaceb791612908cd44fa31eb12
[Mon Mar 10 09:25:55 EDT 2014]msg_el.properties: 35b7a2a9e4ebfe6c5d51dc068672898b12c581a9
[Mon Mar 10 09:25:55 EDT 2014]msg_en.properties: 35b7a2a9e4ebfe6c5d51dc068672898b12c581a9
[Mon Mar 10 09:25:55 EDT 2014]msg_es.properties: 0236fd69efdf7cff227e92571183329b1fc27565
[Mon Mar 10 09:25:55 EDT 2014]msg_fi.properties: 0aab7e21da858743a75fb1335ac077ce38317ae5
[Mon Mar 10 09:25:55 EDT 2014]msg_fr.properties: 5998d872c3bc0301f5ee0299117f44e45367655a
[Mon Mar 10 09:25:55 EDT 2014]msg_hr.properties: 8a0f83fe96548a0567eaefb8d1e3752bb96c934a
[Mon Mar 10 09:25:55 EDT 2014]msg_hu.properties: 8479190761d943d8ff0d93c9d3760c5a5e2d9d7c
[Mon Mar 10 09:25:55 EDT 2014]msg_id.properties: 35b7a2a9e4ebfe6c5d51dc068672898b12c581a9
[Mon Mar 10 09:25:55 EDT 2014]msg_in.properties: 35b7a2a9e4ebfe6c5d51dc068672898b12c581a9
[Mon Mar 10 09:25:55 EDT 2014]msg_it.properties: 3c11134fa1fa8266de2ebc1ea5328d9a763c21af
[Mon Mar 10 09:25:55 EDT 2014]msg_ja.properties: 22a0e30518ad1dea12ac99a83690f6ad6ce97c93
[Mon Mar 10 09:25:55 EDT 2014]msg_kk.properties: 819e43186c79533468cf21a2accb91c8af4c79c5
[Mon Mar 10 09:25:55 EDT 2014]msg_ko.properties: bc9d1e11ba5505d4aff051ed894ebc48d3625421
[Mon Mar 10 09:25:55 EDT 2014]msg_ms.properties: 35b7a2a9e4ebfe6c5d51dc068672898b12c581a9
[Mon Mar 10 09:25:55 EDT 2014]msg_nb.properties: c6b26e991e6ade08cbbc9cc6d80e72b5b840c3de
[Mon Mar 10 09:25:55 EDT 2014]msg_nl.properties: 7cac2125b13694be2fd63bde00a38a449926efbd
[Mon Mar 10 09:25:55 EDT 2014]msg_no.properties: c6b26e991e6ade08cbbc9cc6d80e72b5b840c3de
[Mon Mar 10 09:25:55 EDT 2014]msg_pl.properties: aa363be97ce9ea64e17bd37a7f7e4cc0ebfafd8d
[Mon Mar 10 09:25:55 EDT 2014]msg_pt.properties: 82bbf19ae78b6e80025b550b3c3a1d2b3c8a15a5
[Mon Mar 10 09:25:55 EDT 2014]msg_ro.properties: 00597de588b1703ad62b0cc41c3f114dd7dd5110
[Mon Mar 10 09:25:55 EDT 2014]msg_ru.properties: 1c722418b205c73986bae9db4f25a2cff82e487d
[Mon Mar 10 09:25:55 EDT 2014]msg_sk.properties: 35b7a2a9e4ebfe6c5d51dc068672898b12c581a9
[Mon Mar 10 09:25:55 EDT 2014]msg_sl.properties: b52a1d133577aa73ec14a4874cc07a012108233e
[Mon Mar 10 09:25:55 EDT 2014]msg_sv.properties: 09346b1d4eb23c9cf40f8ebc89db2abcc47fd408
[Mon Mar 10 09:25:55 EDT 2014]msg_th.properties: 42b92bf9cc05d01929409a826099c6f28bfa444c
[Mon Mar 10 09:25:55 EDT 2014]msg_tr.properties: 45e7ce9c3e362f871154dd4dd2797e11ca35bcd7
[Mon Mar 10 09:25:55 EDT 2014]msg_zh_CN.properties: 4115ca6a9bbf798a6b534d10381ad347d94ece2c
[Mon Mar 10 09:25:55 EDT 2014]msg_zh_HK.properties: 35b7a2a9e4ebfe6c5d51dc068672898b12c581a9
[Mon Mar 10 09:25:55 EDT 2014]msg_zh_MO.properties: 35b7a2a9e4ebfe6c5d51dc068672898b12c581a9
[Mon Mar 10 09:25:55 EDT 2014]msg_zh_SG.properties: 35b7a2a9e4ebfe6c5d51dc068672898b12c581a9
[Mon Mar 10 09:25:55 EDT 2014]msg_zh_TW.properties: f7d656c4fdcf945f2db3345f14513de1e8f6e44b
[Mon Mar 10 09:25:55 EDT 2014]icon_48x48: bfa4b4a901dd776c2c2ff97755e46a04f4a742f0
[Mon Mar 10 09:25:55 EDT 2014]preview_500x500: 197c40f9bd752f82f38ca705b45dfeb1c8a62e47
[Mon Mar 10 09:25:55 EDT 2014]preview_320x320: fd7682124e372f2e05e5bd820b2d3eaeca6b16b8
[Mon Mar 10 09:25:55 EDT 2014]preview_200x200: ce8b27aec5865cafca83318a33fdb072e68f2db1
[Mon Mar 10 09:25:55 EDT 2014]preview_270x200: 685e5c24bcd79ab9bd88b85b5af628d57a9d3268
[Mon Mar 10 11:00:09 EDT 2014]Bundle saved by Visualization Customizer version 1.1.
[Mon Mar 10 11:00:09 EDT 2014]SHAs for vis bundle entries:
[Mon Mar 10 11:00:09 EDT 2014]definitionXml: a2bc009efc60c15a934d8a9920a6042b05662635
[Mon Mar 10 11:00:09 EDT 2014]vizJson: 50dbe46a3df55384bf4d0b83304a2fe151120959
[Mon Mar 10 11:00:09 EDT 2014]msg.properties: 12588df5686ce72c9e3756c8e461f7e84bc2a0cb
[Mon Mar 10 11:00:09 EDT 2014]msg_ca.properties: 35b7a2a9e4ebfe6c5d51dc068672898b12c581a9
[Mon Mar 10 11:00:09 EDT 2014]msg_cs.properties: d79fdaf00b01c68ceef3f775a78d4a64ac5e7aba
[Mon Mar 10 11:00:09 EDT 2014]msg_da.properties: e89785971129a8547b70d7d4d3693f03f9a96e82
[Mon Mar 10 11:00:09 EDT 2014]msg_de.properties: 27a13de204ba2eaaceb791612908cd44fa31eb12
[Mon Mar 10 11:00:09 EDT 2014]msg_el.properties: 35b7a2a9e4ebfe6c5d51dc068672898b12c581a9
[Mon Mar 10 11:00:09 EDT 2014]msg_en.properties: 35b7a2a9e4ebfe6c5d51dc068672898b12c581a9
[Mon Mar 10 11:00:09 EDT 2014]msg_es.properties: 0236fd69efdf7cff227e92571183329b1fc27565
[Mon Mar 10 11:00:09 EDT 2014]msg_fi.properties: 0aab7e21da858743a75fb1335ac077ce38317ae5
[Mon Mar 10 11:00:09 EDT 2014]msg_fr.properties: 5998d872c3bc0301f5ee0299117f44e45367655a
[Mon Mar 10 11:00:09 EDT 2014]msg_hr.properties: 8a0f83fe96548a0567eaefb8d1e3752bb96c934a
[Mon Mar 10 11:00:09 EDT 2014]msg_hu.properties: 8479190761d943d8ff0d93c9d3760c5a5e2d9d7c
[Mon Mar 10 11:00:09 EDT 2014]msg_id.properties: 35b7a2a9e4ebfe6c5d51dc068672898b12c581a9
[Mon Mar 10 11:00:09 EDT 2014]msg_in.properties: 35b7a2a9e4ebfe6c5d51dc068672898b12c581a9
[Mon Mar 10 11:00:09 EDT 2014]msg_it.properties: 3c11134fa1fa8266de2ebc1ea5328d9a763c21af
[Mon Mar 10 11:00:09 EDT 2014]msg_ja.properties: 22a0e30518ad1dea12ac99a83690f6ad6ce97c93
[Mon Mar 10 11:00:09 EDT 2014]msg_kk.properties: 819e43186c79533468cf21a2accb91c8af4c79c5
[Mon Mar 10 11:00:09 EDT 2014]msg_ko.properties: bc9d1e11ba5505d4aff051ed894ebc48d3625421
[Mon Mar 10 11:00:09 EDT 2014]msg_ms.properties: 35b7a2a9e4ebfe6c5d51dc068672898b12c581a9
[Mon Mar 10 11:00:09 EDT 2014]msg_nb.properties: c6b26e991e6ade08cbbc9cc6d80e72b5b840c3de
[Mon Mar 10 11:00:09 EDT 2014]msg_nl.properties: 7cac2125b13694be2fd63bde00a38a449926efbd
[Mon Mar 10 11:00:09 EDT 2014]msg_no.properties: c6b26e991e6ade08cbbc9cc6d80e72b5b840c3de
[Mon Mar 10 11:00:09 EDT 2014]msg_pl.properties: aa363be97ce9ea64e17bd37a7f7e4cc0ebfafd8d
[Mon Mar 10 11:00:09 EDT 2014]msg_pt.properties: 82bbf19ae78b6e80025b550b3c3a1d2b3c8a15a5
[Mon Mar 10 11:00:09 EDT 2014]msg_ro.properties: 00597de588b1703ad62b0cc41c3f114dd7dd5110
[Mon Mar 10 11:00:09 EDT 2014]msg_ru.properties: 1c722418b205c73986bae9db4f25a2cff82e487d
[Mon Mar 10 11:00:09 EDT 2014]msg_sk.properties: 35b7a2a9e4ebfe6c5d51dc068672898b12c581a9
[Mon Mar 10 11:00:09 EDT 2014]msg_sl.properties: b52a1d133577aa73ec14a4874cc07a012108233e
[Mon Mar 10 11:00:09 EDT 2014]msg_sv.properties: 09346b1d4eb23c9cf40f8ebc89db2abcc47fd408
[Mon Mar 10 11:00:09 EDT 2014]msg_th.properties: 42b92bf9cc05d01929409a826099c6f28bfa444c
[Mon Mar 10 11:00:09 EDT 2014]msg_tr.properties: 45e7ce9c3e362f871154dd4dd2797e11ca35bcd7
[Mon Mar 10 11:00:09 EDT 2014]msg_zh_CN.properties: 4115ca6a9bbf798a6b534d10381ad347d94ece2c
[Mon Mar 10 11:00:09 EDT 2014]msg_zh_HK.properties: 35b7a2a9e4ebfe6c5d51dc068672898b12c581a9
[Mon Mar 10 11:00:09 EDT 2014]msg_zh_MO.properties: 35b7a2a9e4ebfe6c5d51dc068672898b12c581a9
[Mon Mar 10 11:00:09 EDT 2014]msg_zh_SG.properties: 35b7a2a9e4ebfe6c5d51dc068672898b12c581a9
[Mon Mar 10 11:00:09 EDT 2014]msg_zh_TW.properties: f7d656c4fdcf945f2db3345f14513de1e8f6e44b
[Mon Mar 10 11:00:09 EDT 2014]icon_48x48: 4c8e2d8cc7a989ba15029c69385cba5a16430716
[Mon Mar 10 11:00:09 EDT 2014]preview_500x500: bde568c8d9df295675a4dcd1182a1ff430914c42
[Mon Mar 10 11:00:09 EDT 2014]preview_320x320: a6c403b727e259be136d8a102ca5af0d37f556e0
[Mon Mar 10 11:00:09 EDT 2014]preview_200x200: ce8b27aec5865cafca83318a33fdb072e68f2db1
[Mon Mar 10 11:00:09 EDT 2014]preview_270x200: 8e2cd2f0a5dffeaafe0213e2b6eff05dea88481f
[Mon Mar 10 15:05:11 EDT 2014]Bundle opened in Visualization Customizer version 1.1.
[Mon Mar 10 15:05:11 EDT 2014]SHAs for vis bundle entries:
[Mon Mar 10 15:05:11 EDT 2014]definitionXml: a2bc009efc60c15a934d8a9920a6042b05662635
[Mon Mar 10 15:05:11 EDT 2014]vizJson: 50dbe46a3df55384bf4d0b83304a2fe151120959
[Mon Mar 10 15:05:11 EDT 2014]msg.properties: 54dbfe7cffcff5bfbd1c8f2cdae7ef035e846cc9
[Mon Mar 10 15:05:11 EDT 2014]msg_ca.properties: 040728b9fec15d0b15bb33f77aeb0cf6d746ead9
[Mon Mar 10 15:05:11 EDT 2014]msg_cs.properties: 15b6a05ef1af0edca075c41fa59e5c074361636c
[Mon Mar 10 15:05:11 EDT 2014]msg_da.properties: c3e144bb47e5e7e59daa7cafdca4743c9150d7da
[Mon Mar 10 15:05:11 EDT 2014]msg_de.properties: 25127e8f72f4162ebb063f0853039c7b90dfd84f
[Mon Mar 10 15:05:11 EDT 2014]msg_el.properties: 040728b9fec15d0b15bb33f77aeb0cf6d746ead9
[Mon Mar 10 15:05:11 EDT 2014]msg_en.properties: 040728b9fec15d0b15bb33f77aeb0cf6d746ead9
[Mon Mar 10 15:05:11 EDT 2014]msg_es.properties: 09a9385d43cf1a7860cdd3d447faae55a88e0ac0
[Mon Mar 10 15:05:11 EDT 2014]msg_fi.properties: 7c425f574bd09fe4169f0fe59911a8d076b23211
[Mon Mar 10 15:05:11 EDT 2014]msg_fr.properties: d1982bd79156ae73023dec2feeda572358760682
[Mon Mar 10 15:05:11 EDT 2014]msg_hr.properties: d01c98ed595b3f776738a6e29851ffaad0d3b3e8
[Mon Mar 10 15:05:11 EDT 2014]msg_hu.properties: 0ba7cd72e57ccef598b85a90f965cea95ea7add9
[Mon Mar 10 15:05:11 EDT 2014]msg_id.properties: 040728b9fec15d0b15bb33f77aeb0cf6d746ead9
[Mon Mar 10 15:05:11 EDT 2014]msg_in.properties: 040728b9fec15d0b15bb33f77aeb0cf6d746ead9
[Mon Mar 10 15:05:11 EDT 2014]msg_it.properties: dac7b9c81c24a4da663129535ffd1dcfa69b0d5d
[Mon Mar 10 15:05:11 EDT 2014]msg_ja.properties: 8debd7b2267f55aa3330609b00f5bc1fdae7cefc
[Mon Mar 10 15:05:11 EDT 2014]msg_kk.properties: 5b27fcd0f8d068eca53fcee74889c3fa28018d78
[Mon Mar 10 15:05:11 EDT 2014]msg_ko.properties: 055de4c570133fe02846e2af2719713e78cdb4b4
[Mon Mar 10 15:05:11 EDT 2014]msg_ms.properties: 040728b9fec15d0b15bb33f77aeb0cf6d746ead9
[Mon Mar 10 15:05:11 EDT 2014]msg_nb.properties: 90823a8949538912e0962b87d6a55f901a705550
[Mon Mar 10 15:05:11 EDT 2014]msg_nl.properties: a54368e59ce4f0384aa769b7de5208981aa36e72
[Mon Mar 10 15:05:11 EDT 2014]msg_no.properties: 90823a8949538912e0962b87d6a55f901a705550
[Mon Mar 10 15:05:11 EDT 2014]msg_pl.properties: 21ead444297a0b548a7922290cd333fa7874a5b8
[Mon Mar 10 15:05:11 EDT 2014]msg_pt.properties: 7d69495ca77d984cc7b190fe29cba7b7ebc0481f
[Mon Mar 10 15:05:11 EDT 2014]msg_ro.properties: 5ff430c3fb24bcf8944b07ca1679c3c56c16cf7b
[Mon Mar 10 15:05:11 EDT 2014]msg_ru.properties: 02aafcde21f27c708fca3262b10d5d549fdacc57
[Mon Mar 10 15:05:11 EDT 2014]msg_sk.properties: 040728b9fec15d0b15bb33f77aeb0cf6d746ead9
[Mon Mar 10 15:05:11 EDT 2014]msg_sl.properties: a9f69e79e2037a23da4f0038b7b2dec2711dc4dd
[Mon Mar 10 15:05:11 EDT 2014]msg_sv.properties: 9aaca9e0dfcb7bb5bac40038382bddb86cc068c1
[Mon Mar 10 15:05:11 EDT 2014]msg_th.properties: f7e1bba78de06d5825b8d6c7533ffce29d41e6dc
[Mon Mar 10 15:05:11 EDT 2014]msg_tr.properties: 8304e9659709877b8e3db61dcd8bddc60cf5b842
[Mon Mar 10 15:05:11 EDT 2014]msg_zh_CN.properties: 4dee9f654a2d41c2f450b5237c0cbbd3a5ab733b
[Mon Mar 10 15:05:11 EDT 2014]msg_zh_HK.properties: 040728b9fec15d0b15bb33f77aeb0cf6d746ead9
[Mon Mar 10 15:05:11 EDT 2014]msg_zh_MO.properties: 040728b9fec15d0b15bb33f77aeb0cf6d746ead9
[Mon Mar 10 15:05:11 EDT 2014]msg_zh_SG.properties: 040728b9fec15d0b15bb33f77aeb0cf6d746ead9
[Mon Mar 10 15:05:11 EDT 2014]msg_zh_TW.properties: f522bc09dd2c06ad6f8d13ecee8f4c101aebf2c5
[Mon Mar 10 15:05:11 EDT 2014]icon_48x48: 4c8e2d8cc7a989ba15029c69385cba5a16430716
[Mon Mar 10 15:05:11 EDT 2014]preview_500x500: bde568c8d9df295675a4dcd1182a1ff430914c42
[Mon Mar 10 15:05:11 EDT 2014]preview_320x320: a6c403b727e259be136d8a102ca5af0d37f556e0
[Mon Mar 10 15:05:11 EDT 2014]preview_200x200: ce8b27aec5865cafca83318a33fdb072e68f2db1
[Mon Mar 10 15:05:11 EDT 2014]preview_270x200: 8e2cd2f0a5dffeaafe0213e2b6eff05dea88481f
[Mon Mar 10 15:10:58 EDT 2014]Bundle saved by Visualization Customizer version 1.1.
[Mon Mar 10 15:10:58 EDT 2014]SHAs for vis bundle entries:
[Mon Mar 10 15:10:58 EDT 2014]definitionXml: a2bc009efc60c15a934d8a9920a6042b05662635
[Mon Mar 10 15:10:58 EDT 2014]vizJson: d4a8cbf30339f9cd913f856d05d2fd9b9750f6a2
[Mon Mar 10 15:10:58 EDT 2014]msg.properties: 54dbfe7cffcff5bfbd1c8f2cdae7ef035e846cc9
[Mon Mar 10 15:10:58 EDT 2014]msg_ca.properties: 040728b9fec15d0b15bb33f77aeb0cf6d746ead9
[Mon Mar 10 15:10:58 EDT 2014]msg_cs.properties: 15b6a05ef1af0edca075c41fa59e5c074361636c
[Mon Mar 10 15:10:58 EDT 2014]msg_da.properties: c3e144bb47e5e7e59daa7cafdca4743c9150d7da
[Mon Mar 10 15:10:58 EDT 2014]msg_de.properties: 25127e8f72f4162ebb063f0853039c7b90dfd84f
[Mon Mar 10 15:10:58 EDT 2014]msg_el.properties: 040728b9fec15d0b15bb33f77aeb0cf6d746ead9
[Mon Mar 10 15:10:58 EDT 2014]msg_en.properties: 040728b9fec15d0b15bb33f77aeb0cf6d746ead9
[Mon Mar 10 15:10:58 EDT 2014]msg_es.properties: 09a9385d43cf1a7860cdd3d447faae55a88e0ac0
[Mon Mar 10 15:10:58 EDT 2014]msg_fi.properties: 7c425f574bd09fe4169f0fe59911a8d076b23211
[Mon Mar 10 15:10:58 EDT 2014]msg_fr.properties: d1982bd79156ae73023dec2feeda572358760682
[Mon Mar 10 15:10:58 EDT 2014]msg_hr.properties: d01c98ed595b3f776738a6e29851ffaad0d3b3e8
[Mon Mar 10 15:10:58 EDT 2014]msg_hu.properties: 0ba7cd72e57ccef598b85a90f965cea95ea7add9
[Mon Mar 10 15:10:58 EDT 2014]msg_id.properties: 040728b9fec15d0b15bb33f77aeb0cf6d746ead9
[Mon Mar 10 15:10:58 EDT 2014]msg_in.properties: 040728b9fec15d0b15bb33f77aeb0cf6d746ead9
[Mon Mar 10 15:10:58 EDT 2014]msg_it.properties: dac7b9c81c24a4da663129535ffd1dcfa69b0d5d
[Mon Mar 10 15:10:58 EDT 2014]msg_ja.properties: 8debd7b2267f55aa3330609b00f5bc1fdae7cefc
[Mon Mar 10 15:10:58 EDT 2014]msg_kk.properties: 5b27fcd0f8d068eca53fcee74889c3fa28018d78
[Mon Mar 10 15:10:58 EDT 2014]msg_ko.properties: 055de4c570133fe02846e2af2719713e78cdb4b4
[Mon Mar 10 15:10:58 EDT 2014]msg_ms.properties: 040728b9fec15d0b15bb33f77aeb0cf6d746ead9
[Mon Mar 10 15:10:58 EDT 2014]msg_nb.properties: 90823a8949538912e0962b87d6a55f901a705550
[Mon Mar 10 15:10:58 EDT 2014]msg_nl.properties: a54368e59ce4f0384aa769b7de5208981aa36e72
[Mon Mar 10 15:10:58 EDT 2014]msg_no.properties: 90823a8949538912e0962b87d6a55f901a705550
[Mon Mar 10 15:10:58 EDT 2014]msg_pl.properties: 21ead444297a0b548a7922290cd333fa7874a5b8
[Mon Mar 10 15:10:58 EDT 2014]msg_pt.properties: 7d69495ca77d984cc7b190fe29cba7b7ebc0481f
[Mon Mar 10 15:10:58 EDT 2014]msg_ro.properties: 5ff430c3fb24bcf8944b07ca1679c3c56c16cf7b
[Mon Mar 10 15:10:58 EDT 2014]msg_ru.properties: 02aafcde21f27c708fca3262b10d5d549fdacc57
[Mon Mar 10 15:10:58 EDT 2014]msg_sk.properties: 040728b9fec15d0b15bb33f77aeb0cf6d746ead9
[Mon Mar 10 15:10:58 EDT 2014]msg_sl.properties: a9f69e79e2037a23da4f0038b7b2dec2711dc4dd
[Mon Mar 10 15:10:58 EDT 2014]msg_sv.properties: 9aaca9e0dfcb7bb5bac40038382bddb86cc068c1
[Mon Mar 10 15:10:58 EDT 2014]msg_th.properties: f7e1bba78de06d5825b8d6c7533ffce29d41e6dc
[Mon Mar 10 15:10:58 EDT 2014]msg_tr.properties: 8304e9659709877b8e3db61dcd8bddc60cf5b842
[Mon Mar 10 15:10:58 EDT 2014]msg_zh_CN.properties: 4dee9f654a2d41c2f450b5237c0cbbd3a5ab733b
[Mon Mar 10 15:10:58 EDT 2014]msg_zh_HK.properties: 040728b9fec15d0b15bb33f77aeb0cf6d746ead9
[Mon Mar 10 15:10:58 EDT 2014]msg_zh_MO.properties: 040728b9fec15d0b15bb33f77aeb0cf6d746ead9
[Mon Mar 10 15:10:58 EDT 2014]msg_zh_SG.properties: 040728b9fec15d0b15bb33f77aeb0cf6d746ead9
[Mon Mar 10 15:10:58 EDT 2014]msg_zh_TW.properties: f522bc09dd2c06ad6f8d13ecee8f4c101aebf2c5
[Mon Mar 10 15:10:58 EDT 2014]icon_48x48: 4c8e2d8cc7a989ba15029c69385cba5a16430716
[Mon Mar 10 15:10:58 EDT 2014]preview_500x500: bde568c8d9df295675a4dcd1182a1ff430914c42
[Mon Mar 10 15:10:58 EDT 2014]preview_320x320: a6c403b727e259be136d8a102ca5af0d37f556e0
[Mon Mar 10 15:10:58 EDT 2014]preview_200x200: ce8b27aec5865cafca83318a33fdb072e68f2db1
[Mon Mar 10 15:10:58 EDT 2014]preview_270x200: 8e2cd2f0a5dffeaafe0213e2b6eff05dea88481f
[Wed Mar 12 09:03:55 EDT 2014]Bundle opened in Visualization Customizer version 1.1.
[Wed Mar 12 09:03:55 EDT 2014]SHAs for vis bundle entries:
[Wed Mar 12 09:03:55 EDT 2014]definitionXml: a2bc009efc60c15a934d8a9920a6042b05662635
[Wed Mar 12 09:03:55 EDT 2014]vizJson: d4a8cbf30339f9cd913f856d05d2fd9b9750f6a2
[Wed Mar 12 09:03:55 EDT 2014]msg.properties: 53f4e5ad0923b9436b67a226feaa780a8ce3cc13
[Wed Mar 12 09:03:55 EDT 2014]msg_ca.properties: 9327aeef1c2a13c6217b10708b11e89e9b80fb9a
[Wed Mar 12 09:03:55 EDT 2014]msg_cs.properties: 1f2d3d21744b6a7d5a7e47a0d2d02d28ca6d6f39
[Wed Mar 12 09:03:55 EDT 2014]msg_da.properties: 7c4d411c78d6ff1ba501eaaced097435950804c4
[Wed Mar 12 09:03:55 EDT 2014]msg_de.properties: 9e291a717c00fc45f5ec26e8927ebf702c38efc0
[Wed Mar 12 09:03:55 EDT 2014]msg_el.properties: 9327aeef1c2a13c6217b10708b11e89e9b80fb9a
[Wed Mar 12 09:03:55 EDT 2014]msg_en.properties: 9327aeef1c2a13c6217b10708b11e89e9b80fb9a
[Wed Mar 12 09:03:55 EDT 2014]msg_es.properties: 8f66ea8f911ba4247e83e3394038e82a6fd99d67
[Wed Mar 12 09:03:55 EDT 2014]msg_fi.properties: 8834be5130cb8af7d96b8e9a506fa9da39e06af8
[Wed Mar 12 09:03:55 EDT 2014]msg_fr.properties: 915cf038e5a9f07a168f917be9ca9bcfb660ace8
[Wed Mar 12 09:03:55 EDT 2014]msg_hr.properties: 1430f783b2c0cad7566a8f42ba0e2799a2d7cd45
[Wed Mar 12 09:03:55 EDT 2014]msg_hu.properties: ee920658d83dcc934ec5f419f077e548c13cd36c
[Wed Mar 12 09:03:55 EDT 2014]msg_id.properties: 9327aeef1c2a13c6217b10708b11e89e9b80fb9a
[Wed Mar 12 09:03:55 EDT 2014]msg_in.properties: 9327aeef1c2a13c6217b10708b11e89e9b80fb9a
[Wed Mar 12 09:03:55 EDT 2014]msg_it.properties: 5f600cfb0c4eee63a5f241da1f7f7fcb72548d64
[Wed Mar 12 09:03:55 EDT 2014]msg_ja.properties: 245810fa92dfefef22e26b627843c5fac66a3298
[Wed Mar 12 09:03:55 EDT 2014]msg_kk.properties: 7a71fe536823db318ba13ac6c1ec8873e34e854e
[Wed Mar 12 09:03:55 EDT 2014]msg_ko.properties: 09c2e107c135e7997f6cd07e335c33f5c219e82d
[Wed Mar 12 09:03:55 EDT 2014]msg_ms.properties: 9327aeef1c2a13c6217b10708b11e89e9b80fb9a
[Wed Mar 12 09:03:55 EDT 2014]msg_nb.properties: 16f631b848840021391eaba0030112678e10574e
[Wed Mar 12 09:03:55 EDT 2014]msg_nl.properties: aa05e63b4b01e5b5492037c20fae99151ece4eed
[Wed Mar 12 09:03:55 EDT 2014]msg_no.properties: 16f631b848840021391eaba0030112678e10574e
[Wed Mar 12 09:03:55 EDT 2014]msg_pl.properties: 8b03d8428129234ada5caa009c88fc5d95b20364
[Wed Mar 12 09:03:55 EDT 2014]msg_pt.properties: 6f46474f8f7a19409bf1f14507a2ff1c972ba37f
[Wed Mar 12 09:03:55 EDT 2014]msg_ro.properties: fa3b59192b7867468aa728989c4318cc4b709baa
[Wed Mar 12 09:03:55 EDT 2014]msg_ru.properties: e8f3e196186f2e02a596042f04c87340b743a5ac
[Wed Mar 12 09:03:55 EDT 2014]msg_sk.properties: 9327aeef1c2a13c6217b10708b11e89e9b80fb9a
[Wed Mar 12 09:03:55 EDT 2014]msg_sl.properties: 13ff4301d1d117aff9fc082a0f22524d5a372f31
[Wed Mar 12 09:03:55 EDT 2014]msg_sv.properties: 2c39ab63125be6a1161e2253140bc0fcf0905700
[Wed Mar 12 09:03:55 EDT 2014]msg_th.properties: 0c4c4699fa2872e598db0eebffd3104c1c9af3b1
[Wed Mar 12 09:03:55 EDT 2014]msg_tr.properties: 59d0f8abc83794b97c349b9efd234884c8f3fe41
[Wed Mar 12 09:03:55 EDT 2014]msg_zh_CN.properties: 24b0bf30426b321dc4b24d1299229563ab2f5356
[Wed Mar 12 09:03:55 EDT 2014]msg_zh_HK.properties: 9327aeef1c2a13c6217b10708b11e89e9b80fb9a
[Wed Mar 12 09:03:55 EDT 2014]msg_zh_MO.properties: 9327aeef1c2a13c6217b10708b11e89e9b80fb9a
[Wed Mar 12 09:03:55 EDT 2014]msg_zh_SG.properties: 9327aeef1c2a13c6217b10708b11e89e9b80fb9a
[Wed Mar 12 09:03:55 EDT 2014]msg_zh_TW.properties: 33d45395df2a292b6d28ec4cda069ed3a15d879e
[Wed Mar 12 09:03:55 EDT 2014]icon_48x48: 4c8e2d8cc7a989ba15029c69385cba5a16430716
[Wed Mar 12 09:03:55 EDT 2014]preview_500x500: bde568c8d9df295675a4dcd1182a1ff430914c42
[Wed Mar 12 09:03:55 EDT 2014]preview_320x320: a6c403b727e259be136d8a102ca5af0d37f556e0
[Wed Mar 12 09:03:55 EDT 2014]preview_200x200: ce8b27aec5865cafca83318a33fdb072e68f2db1
[Wed Mar 12 09:03:55 EDT 2014]preview_270x200: 8e2cd2f0a5dffeaafe0213e2b6eff05dea88481f
[Wed Mar 12 11:57:54 EDT 2014]Bundle saved by Visualization Customizer version 1.1.
[Wed Mar 12 11:57:54 EDT 2014]SHAs for vis bundle entries:
[Wed Mar 12 11:57:54 EDT 2014]definitionXml: a2bc009efc60c15a934d8a9920a6042b05662635
[Wed Mar 12 11:57:54 EDT 2014]vizJson: 60ceb5a8d24f26bb5aea09b21a042df0d600b737
[Wed Mar 12 11:57:54 EDT 2014]msg.properties: 53f4e5ad0923b9436b67a226feaa780a8ce3cc13
[Wed Mar 12 11:57:54 EDT 2014]msg_ca.properties: 9327aeef1c2a13c6217b10708b11e89e9b80fb9a
[Wed Mar 12 11:57:54 EDT 2014]msg_cs.properties: 1f2d3d21744b6a7d5a7e47a0d2d02d28ca6d6f39
[Wed Mar 12 11:57:54 EDT 2014]msg_da.properties: 7c4d411c78d6ff1ba501eaaced097435950804c4
[Wed Mar 12 11:57:54 EDT 2014]msg_de.properties: 9e291a717c00fc45f5ec26e8927ebf702c38efc0
[Wed Mar 12 11:57:54 EDT 2014]msg_el.properties: 9327aeef1c2a13c6217b10708b11e89e9b80fb9a
[Wed Mar 12 11:57:54 EDT 2014]msg_en.properties: 9327aeef1c2a13c6217b10708b11e89e9b80fb9a
[Wed Mar 12 11:57:54 EDT 2014]msg_es.properties: 8f66ea8f911ba4247e83e3394038e82a6fd99d67
[Wed Mar 12 11:57:54 EDT 2014]msg_fi.properties: 8834be5130cb8af7d96b8e9a506fa9da39e06af8
[Wed Mar 12 11:57:54 EDT 2014]msg_fr.properties: 915cf038e5a9f07a168f917be9ca9bcfb660ace8
[Wed Mar 12 11:57:54 EDT 2014]msg_hr.properties: 1430f783b2c0cad7566a8f42ba0e2799a2d7cd45
[Wed Mar 12 11:57:54 EDT 2014]msg_hu.properties: ee920658d83dcc934ec5f419f077e548c13cd36c
[Wed Mar 12 11:57:54 EDT 2014]msg_id.properties: 9327aeef1c2a13c6217b10708b11e89e9b80fb9a
[Wed Mar 12 11:57:54 EDT 2014]msg_in.properties: 9327aeef1c2a13c6217b10708b11e89e9b80fb9a
[Wed Mar 12 11:57:54 EDT 2014]msg_it.properties: 5f600cfb0c4eee63a5f241da1f7f7fcb72548d64
[Wed Mar 12 11:57:54 EDT 2014]msg_ja.properties: 245810fa92dfefef22e26b627843c5fac66a3298
[Wed Mar 12 11:57:54 EDT 2014]msg_kk.properties: 7a71fe536823db318ba13ac6c1ec8873e34e854e
[Wed Mar 12 11:57:54 EDT 2014]msg_ko.properties: 09c2e107c135e7997f6cd07e335c33f5c219e82d
[Wed Mar 12 11:57:54 EDT 2014]msg_ms.properties: 9327aeef1c2a13c6217b10708b11e89e9b80fb9a
[Wed Mar 12 11:57:54 EDT 2014]msg_nb.properties: 16f631b848840021391eaba0030112678e10574e
[Wed Mar 12 11:57:54 EDT 2014]msg_nl.properties: aa05e63b4b01e5b5492037c20fae99151ece4eed
[Wed Mar 12 11:57:54 EDT 2014]msg_no.properties: 16f631b848840021391eaba0030112678e10574e
[Wed Mar 12 11:57:54 EDT 2014]msg_pl.properties: 8b03d8428129234ada5caa009c88fc5d95b20364
[Wed Mar 12 11:57:54 EDT 2014]msg_pt.properties: 6f46474f8f7a19409bf1f14507a2ff1c972ba37f
[Wed Mar 12 11:57:54 EDT 2014]msg_ro.properties: fa3b59192b7867468aa728989c4318cc4b709baa
[Wed Mar 12 11:57:54 EDT 2014]msg_ru.properties: e8f3e196186f2e02a596042f04c87340b743a5ac
[Wed Mar 12 11:57:54 EDT 2014]msg_sk.properties: 9327aeef1c2a13c6217b10708b11e89e9b80fb9a
[Wed Mar 12 11:57:54 EDT 2014]msg_sl.properties: 13ff4301d1d117aff9fc082a0f22524d5a372f31
[Wed Mar 12 11:57:54 EDT 2014]msg_sv.properties: 2c39ab63125be6a1161e2253140bc0fcf0905700
[Wed Mar 12 11:57:54 EDT 2014]msg_th.properties: 0c4c4699fa2872e598db0eebffd3104c1c9af3b1
[Wed Mar 12 11:57:54 EDT 2014]msg_tr.properties: 59d0f8abc83794b97c349b9efd234884c8f3fe41
[Wed Mar 12 11:57:54 EDT 2014]msg_zh_CN.properties: 24b0bf30426b321dc4b24d1299229563ab2f5356
[Wed Mar 12 11:57:54 EDT 2014]msg_zh_HK.properties: 9327aeef1c2a13c6217b10708b11e89e9b80fb9a
[Wed Mar 12 11:57:54 EDT 2014]msg_zh_MO.properties: 9327aeef1c2a13c6217b10708b11e89e9b80fb9a
[Wed Mar 12 11:57:54 EDT 2014]msg_zh_SG.properties: 9327aeef1c2a13c6217b10708b11e89e9b80fb9a
[Wed Mar 12 11:57:54 EDT 2014]msg_zh_TW.properties: 33d45395df2a292b6d28ec4cda069ed3a15d879e
[Wed Mar 12 11:57:54 EDT 2014]icon_48x48: 4c8e2d8cc7a989ba15029c69385cba5a16430716
[Wed Mar 12 11:57:54 EDT 2014]preview_500x500: bde568c8d9df295675a4dcd1182a1ff430914c42
[Wed Mar 12 11:57:54 EDT 2014]preview_320x320: a6c403b727e259be136d8a102ca5af0d37f556e0
[Wed Mar 12 11:57:54 EDT 2014]preview_200x200: ce8b27aec5865cafca83318a33fdb072e68f2db1
[Wed Mar 12 11:57:54 EDT 2014]preview_270x200: 8e2cd2f0a5dffeaafe0213e2b6eff05dea88481f
[Fri Mar 14 08:45:36 EDT 2014]Bundle opened in Visualization Customizer version 1.1.
[Fri Mar 14 08:45:36 EDT 2014]SHAs for vis bundle entries:
[Fri Mar 14 08:45:36 EDT 2014]definitionXml: a2bc009efc60c15a934d8a9920a6042b05662635
[Fri Mar 14 08:45:36 EDT 2014]vizJson: 126dc7d9e3b94e3b2a35a049c96e79ae472bb836
[Fri Mar 14 08:45:36 EDT 2014]msg.properties: 54dbfe7cffcff5bfbd1c8f2cdae7ef035e846cc9
[Fri Mar 14 08:45:36 EDT 2014]msg_ca.properties: 040728b9fec15d0b15bb33f77aeb0cf6d746ead9
[Fri Mar 14 08:45:36 EDT 2014]msg_cs.properties: 15b6a05ef1af0edca075c41fa59e5c074361636c
[Fri Mar 14 08:45:36 EDT 2014]msg_da.properties: c3e144bb47e5e7e59daa7cafdca4743c9150d7da
[Fri Mar 14 08:45:36 EDT 2014]msg_de.properties: 25127e8f72f4162ebb063f0853039c7b90dfd84f
[Fri Mar 14 08:45:36 EDT 2014]msg_el.properties: 040728b9fec15d0b15bb33f77aeb0cf6d746ead9
[Fri Mar 14 08:45:36 EDT 2014]msg_en.properties: 040728b9fec15d0b15bb33f77aeb0cf6d746ead9
[Fri Mar 14 08:45:36 EDT 2014]msg_es.properties: 09a9385d43cf1a7860cdd3d447faae55a88e0ac0
[Fri Mar 14 08:45:36 EDT 2014]msg_fi.properties: 7c425f574bd09fe4169f0fe59911a8d076b23211
[Fri Mar 14 08:45:36 EDT 2014]msg_fr.properties: d1982bd79156ae73023dec2feeda572358760682
[Fri Mar 14 08:45:36 EDT 2014]msg_hr.properties: d01c98ed595b3f776738a6e29851ffaad0d3b3e8
[Fri Mar 14 08:45:36 EDT 2014]msg_hu.properties: 0ba7cd72e57ccef598b85a90f965cea95ea7add9
[Fri Mar 14 08:45:36 EDT 2014]msg_id.properties: 040728b9fec15d0b15bb33f77aeb0cf6d746ead9
[Fri Mar 14 08:45:36 EDT 2014]msg_in.properties: 040728b9fec15d0b15bb33f77aeb0cf6d746ead9
[Fri Mar 14 08:45:36 EDT 2014]msg_it.properties: dac7b9c81c24a4da663129535ffd1dcfa69b0d5d
[Fri Mar 14 08:45:36 EDT 2014]msg_ja.properties: 8debd7b2267f55aa3330609b00f5bc1fdae7cefc
[Fri Mar 14 08:45:36 EDT 2014]msg_kk.properties: 5b27fcd0f8d068eca53fcee74889c3fa28018d78
[Fri Mar 14 08:45:36 EDT 2014]msg_ko.properties: 055de4c570133fe02846e2af2719713e78cdb4b4
[Fri Mar 14 08:45:36 EDT 2014]msg_ms.properties: 040728b9fec15d0b15bb33f77aeb0cf6d746ead9
[Fri Mar 14 08:45:36 EDT 2014]msg_nb.properties: 90823a8949538912e0962b87d6a55f901a705550
[Fri Mar 14 08:45:36 EDT 2014]msg_nl.properties: a54368e59ce4f0384aa769b7de5208981aa36e72
[Fri Mar 14 08:45:36 EDT 2014]msg_no.properties: 90823a8949538912e0962b87d6a55f901a705550
[Fri Mar 14 08:45:36 EDT 2014]msg_pl.properties: 21ead444297a0b548a7922290cd333fa7874a5b8
[Fri Mar 14 08:45:36 EDT 2014]msg_pt.properties: 7d69495ca77d984cc7b190fe29cba7b7ebc0481f
[Fri Mar 14 08:45:36 EDT 2014]msg_ro.properties: 5ff430c3fb24bcf8944b07ca1679c3c56c16cf7b
[Fri Mar 14 08:45:36 EDT 2014]msg_ru.properties: 02aafcde21f27c708fca3262b10d5d549fdacc57
[Fri Mar 14 08:45:36 EDT 2014]msg_sk.properties: 040728b9fec15d0b15bb33f77aeb0cf6d746ead9
[Fri Mar 14 08:45:36 EDT 2014]msg_sl.properties: a9f69e79e2037a23da4f0038b7b2dec2711dc4dd
[Fri Mar 14 08:45:36 EDT 2014]msg_sv.properties: 9aaca9e0dfcb7bb5bac40038382bddb86cc068c1
[Fri Mar 14 08:45:36 EDT 2014]msg_th.properties: f7e1bba78de06d5825b8d6c7533ffce29d41e6dc
[Fri Mar 14 08:45:36 EDT 2014]msg_tr.properties: 8304e9659709877b8e3db61dcd8bddc60cf5b842
[Fri Mar 14 08:45:36 EDT 2014]msg_zh_CN.properties: 4dee9f654a2d41c2f450b5237c0cbbd3a5ab733b
[Fri Mar 14 08:45:36 EDT 2014]msg_zh_HK.properties: 040728b9fec15d0b15bb33f77aeb0cf6d746ead9
[Fri Mar 14 08:45:36 EDT 2014]msg_zh_MO.properties: 040728b9fec15d0b15bb33f77aeb0cf6d746ead9
[Fri Mar 14 08:45:36 EDT 2014]msg_zh_SG.properties: 040728b9fec15d0b15bb33f77aeb0cf6d746ead9
[Fri Mar 14 08:45:36 EDT 2014]msg_zh_TW.properties: f522bc09dd2c06ad6f8d13ecee8f4c101aebf2c5
[Fri Mar 14 08:45:36 EDT 2014]icon_48x48: 4c8e2d8cc7a989ba15029c69385cba5a16430716
[Fri Mar 14 08:45:36 EDT 2014]preview_500x500: bde568c8d9df295675a4dcd1182a1ff430914c42
[Fri Mar 14 08:45:36 EDT 2014]preview_320x320: a6c403b727e259be136d8a102ca5af0d37f556e0
[Fri Mar 14 08:45:36 EDT 2014]preview_200x200: ce8b27aec5865cafca83318a33fdb072e68f2db1
[Fri Mar 14 08:45:36 EDT 2014]preview_270x200: 8e2cd2f0a5dffeaafe0213e2b6eff05dea88481f
[Fri Mar 14 08:59:43 EDT 2014]Bundle saved by Visualization Customizer version 1.1.
[Fri Mar 14 08:59:43 EDT 2014]SHAs for vis bundle entries:
[Fri Mar 14 08:59:43 EDT 2014]definitionXml: a2bc009efc60c15a934d8a9920a6042b05662635
[Fri Mar 14 08:59:43 EDT 2014]vizJson: 72f6951c06fc3e09f25d2ae7dba4040f30d4ee36
[Fri Mar 14 08:59:43 EDT 2014]msg.properties: 12588df5686ce72c9e3756c8e461f7e84bc2a0cb
[Fri Mar 14 08:59:43 EDT 2014]msg_ca.properties: 040728b9fec15d0b15bb33f77aeb0cf6d746ead9
[Fri Mar 14 08:59:43 EDT 2014]msg_cs.properties: 15b6a05ef1af0edca075c41fa59e5c074361636c
[Fri Mar 14 08:59:43 EDT 2014]msg_da.properties: c3e144bb47e5e7e59daa7cafdca4743c9150d7da
[Fri Mar 14 08:59:43 EDT 2014]msg_de.properties: 25127e8f72f4162ebb063f0853039c7b90dfd84f
[Fri Mar 14 08:59:43 EDT 2014]msg_el.properties: 040728b9fec15d0b15bb33f77aeb0cf6d746ead9
[Fri Mar 14 08:59:43 EDT 2014]msg_en.properties: 040728b9fec15d0b15bb33f77aeb0cf6d746ead9
[Fri Mar 14 08:59:43 EDT 2014]msg_es.properties: 09a9385d43cf1a7860cdd3d447faae55a88e0ac0
[Fri Mar 14 08:59:43 EDT 2014]msg_fi.properties: 7c425f574bd09fe4169f0fe59911a8d076b23211
[Fri Mar 14 08:59:43 EDT 2014]msg_fr.properties: d1982bd79156ae73023dec2feeda572358760682
[Fri Mar 14 08:59:43 EDT 2014]msg_hr.properties: d01c98ed595b3f776738a6e29851ffaad0d3b3e8
[Fri Mar 14 08:59:43 EDT 2014]msg_hu.properties: 0ba7cd72e57ccef598b85a90f965cea95ea7add9
[Fri Mar 14 08:59:43 EDT 2014]msg_id.properties: 040728b9fec15d0b15bb33f77aeb0cf6d746ead9
[Fri Mar 14 08:59:43 EDT 2014]msg_in.properties: 040728b9fec15d0b15bb33f77aeb0cf6d746ead9
[Fri Mar 14 08:59:43 EDT 2014]msg_it.properties: dac7b9c81c24a4da663129535ffd1dcfa69b0d5d
[Fri Mar 14 08:59:43 EDT 2014]msg_ja.properties: 8debd7b2267f55aa3330609b00f5bc1fdae7cefc
[Fri Mar 14 08:59:43 EDT 2014]msg_kk.properties: 5b27fcd0f8d068eca53fcee74889c3fa28018d78
[Fri Mar 14 08:59:43 EDT 2014]msg_ko.properties: 055de4c570133fe02846e2af2719713e78cdb4b4
[Fri Mar 14 08:59:43 EDT 2014]msg_ms.properties: 040728b9fec15d0b15bb33f77aeb0cf6d746ead9
[Fri Mar 14 08:59:43 EDT 2014]msg_nb.properties: 90823a8949538912e0962b87d6a55f901a705550
[Fri Mar 14 08:59:43 EDT 2014]msg_nl.properties: a54368e59ce4f0384aa769b7de5208981aa36e72
[Fri Mar 14 08:59:43 EDT 2014]msg_no.properties: 90823a8949538912e0962b87d6a55f901a705550
[Fri Mar 14 08:59:43 EDT 2014]msg_pl.properties: 21ead444297a0b548a7922290cd333fa7874a5b8
[Fri Mar 14 08:59:43 EDT 2014]msg_pt.properties: 7d69495ca77d984cc7b190fe29cba7b7ebc0481f
[Fri Mar 14 08:59:43 EDT 2014]msg_ro.properties: 5ff430c3fb24bcf8944b07ca1679c3c56c16cf7b
[Fri Mar 14 08:59:43 EDT 2014]msg_ru.properties: 02aafcde21f27c708fca3262b10d5d549fdacc57
[Fri Mar 14 08:59:43 EDT 2014]msg_sk.properties: 040728b9fec15d0b15bb33f77aeb0cf6d746ead9
[Fri Mar 14 08:59:43 EDT 2014]msg_sl.properties: a9f69e79e2037a23da4f0038b7b2dec2711dc4dd
[Fri Mar 14 08:59:43 EDT 2014]msg_sv.properties: 9aaca9e0dfcb7bb5bac40038382bddb86cc068c1
[Fri Mar 14 08:59:43 EDT 2014]msg_th.properties: f7e1bba78de06d5825b8d6c7533ffce29d41e6dc
[Fri Mar 14 08:59:43 EDT 2014]msg_tr.properties: 8304e9659709877b8e3db61dcd8bddc60cf5b842
[Fri Mar 14 08:59:43 EDT 2014]msg_zh_CN.properties: 4dee9f654a2d41c2f450b5237c0cbbd3a5ab733b
[Fri Mar 14 08:59:43 EDT 2014]msg_zh_HK.properties: 040728b9fec15d0b15bb33f77aeb0cf6d746ead9
[Fri Mar 14 08:59:43 EDT 2014]msg_zh_MO.properties: 040728b9fec15d0b15bb33f77aeb0cf6d746ead9
[Fri Mar 14 08:59:43 EDT 2014]msg_zh_SG.properties: 040728b9fec15d0b15bb33f77aeb0cf6d746ead9
[Fri Mar 14 08:59:43 EDT 2014]msg_zh_TW.properties: f522bc09dd2c06ad6f8d13ecee8f4c101aebf2c5
[Fri Mar 14 08:59:43 EDT 2014]icon_48x48: 57ffb0d47cd8f38ce5eaae43cd2ca38ff784d875
[Fri Mar 14 08:59:43 EDT 2014]preview_500x500: 0dee07b07aecb3cc43fed634aa5ec14bd9afa717
[Fri Mar 14 08:59:43 EDT 2014]preview_320x320: e7980e796346c4e6e39c7f3c8b0ab646c5a5349d
[Fri Mar 14 08:59:43 EDT 2014]preview_200x200: ce8b27aec5865cafca83318a33fdb072e68f2db1
[Fri Mar 14 08:59:43 EDT 2014]preview_270x200: 0fba271b8e183548baef2727b589c59d0f333c6e
