[Mon Mar 03 12:51:46 EST 2014]Bundle opened in Visualization Customizer version 1.1.
[Mon Mar 03 12:51:46 EST 2014]SHAs for vis bundle entries:
[Mon Mar 03 12:51:46 EST 2014]definitionXml: 5727af3db0bdeea89362c78414d02677e91a15a3
[Mon Mar 03 12:51:46 EST 2014]vizJson: 3fa752d6033ae84da7b935fbeaef3e4917dd6514
[Mon Mar 03 12:51:46 EST 2014]msg.properties: 6e41740921fd4febf0a24434e9ad580874d14bfd
[Mon Mar 03 12:51:46 EST 2014]icon_48x48: 735f26687d769797bf2882742219d3d9adbb40f8
[Mon Mar 03 12:51:46 EST 2014]preview_320x320: bd9418ccd9447ed5da40b7cf6f68492c73142efc
[Mon Mar 03 12:51:46 EST 2014]preview_500x500: 65b442853a4d52cfaa4d17ec5cbe678cc3e411e3
[Mon Mar 03 12:51:46 EST 2014]preview_270x200: 2bf68f5911262f189a17254332f291f766ecf3e9
[Mon Mar 03 13:15:54 EST 2014]Bundle saved by Visualization Customizer version 1.1.
[Mon Mar 03 13:15:54 EST 2014]SHAs for vis bundle entries:
[Mon Mar 03 13:15:54 EST 2014]definitionXml: db21702e8c70543020f10c060870e35adbf42d5d
[Mon Mar 03 13:15:54 EST 2014]vizJson: 21b651c7f497a39f6a503b7defe2f6ac012d371a
[Mon Mar 03 13:15:54 EST 2014]msg.properties: a9d958cdb6cf5a676f10c0a8c100560d47b35b04
[Mon Mar 03 13:15:54 EST 2014]icon_48x48: 2e971271304e2c4d266aed1bf827e7da83f37689
[Mon Mar 03 13:15:54 EST 2014]preview_320x320: f629ee9416c6244b26c57131d73e39bc0892a065
[Mon Mar 03 13:15:54 EST 2014]preview_500x500: 094f6c403aa41e658bb0db8c89920354d5da2854
[Mon Mar 03 13:15:54 EST 2014]preview_270x200: 604340b800c07b2876540badf7fa79777e3cf849
[Thu May 08 11:08:58 EDT 2014]Bundle opened in Visualization Customizer version 1.1.
[Thu May 08 11:08:58 EDT 2014]SHAs for vis bundle entries:
[Thu May 08 11:08:58 EDT 2014]definitionXml: 5a5d754f9dbb63398ec5375306f25a9eedae61a6
[Thu May 08 11:08:58 EDT 2014]vizJson: 21b651c7f497a39f6a503b7defe2f6ac012d371a
[Thu May 08 11:08:58 EDT 2014]msg.properties: ef2f4ff221042051b8df6162fff404fb96ef018d
[Thu May 08 11:08:58 EDT 2014]icon_48x48: 2e971271304e2c4d266aed1bf827e7da83f37689
[Thu May 08 11:08:58 EDT 2014]preview_320x320: f629ee9416c6244b26c57131d73e39bc0892a065
[Thu May 08 11:08:58 EDT 2014]preview_500x500: 094f6c403aa41e658bb0db8c89920354d5da2854
[Thu May 08 11:08:58 EDT 2014]preview_270x200: 604340b800c07b2876540badf7fa79777e3cf849
[Thu May 08 11:09:43 EDT 2014]Bundle saved by Visualization Customizer version 1.1.
[Thu May 08 11:09:43 EDT 2014]SHAs for vis bundle entries:
[Thu May 08 11:09:43 EDT 2014]definitionXml: 5a5d754f9dbb63398ec5375306f25a9eedae61a6
[Thu May 08 11:09:43 EDT 2014]vizJson: 21b651c7f497a39f6a503b7defe2f6ac012d371a
[Thu May 08 11:09:43 EDT 2014]msg.properties: ef2f4ff221042051b8df6162fff404fb96ef018d
[Thu May 08 11:09:43 EDT 2014]icon_48x48: 2e971271304e2c4d266aed1bf827e7da83f37689
[Thu May 08 11:09:43 EDT 2014]preview_320x320: f629ee9416c6244b26c57131d73e39bc0892a065
[Thu May 08 11:09:43 EDT 2014]preview_500x500: 094f6c403aa41e658bb0db8c89920354d5da2854
[Thu May 08 11:09:43 EDT 2014]preview_270x200: 604340b800c07b2876540badf7fa79777e3cf849
[Thu May 08 11:13:52 EDT 2014]Bundle opened in Visualization Customizer version 1.1.
[Thu May 08 11:13:52 EDT 2014]SHAs for vis bundle entries:
[Thu May 08 11:13:52 EDT 2014]definitionXml: 5a5d754f9dbb63398ec5375306f25a9eedae61a6
[Thu May 08 11:13:52 EDT 2014]vizJson: bc7f18e74d8a65e731c726d68130d9cb7357dfc8
[Thu May 08 11:13:52 EDT 2014]msg.properties: 69a117c1ddab59b2677435bddecfa35db16e9987
[Thu May 08 11:13:52 EDT 2014]icon_48x48: 2e971271304e2c4d266aed1bf827e7da83f37689
[Thu May 08 11:13:52 EDT 2014]preview_320x320: f629ee9416c6244b26c57131d73e39bc0892a065
[Thu May 08 11:13:52 EDT 2014]preview_500x500: 094f6c403aa41e658bb0db8c89920354d5da2854
[Thu May 08 11:13:52 EDT 2014]preview_270x200: 604340b800c07b2876540badf7fa79777e3cf849
[Thu May 08 11:37:12 EDT 2014]Bundle saved by Visualization Customizer version 1.1.
[Thu May 08 11:37:12 EDT 2014]SHAs for vis bundle entries:
[Thu May 08 11:37:12 EDT 2014]definitionXml: 5a5d754f9dbb63398ec5375306f25a9eedae61a6
[Thu May 08 11:37:12 EDT 2014]vizJson: fc1119e58d694171a49ce6fb6346d7b6db9bebc7
[Thu May 08 11:37:12 EDT 2014]msg.properties: 69a117c1ddab59b2677435bddecfa35db16e9987
[Thu May 08 11:37:12 EDT 2014]icon_48x48: 2e971271304e2c4d266aed1bf827e7da83f37689
[Thu May 08 11:37:12 EDT 2014]preview_320x320: f629ee9416c6244b26c57131d73e39bc0892a065
[Thu May 08 11:37:12 EDT 2014]preview_500x500: 094f6c403aa41e658bb0db8c89920354d5da2854
[Thu May 08 11:37:12 EDT 2014]preview_270x200: 604340b800c07b2876540badf7fa79777e3cf849
[Thu May 08 16:01:31 EDT 2014]Bundle opened in Visualization Customizer version 1.1.
[Thu May 08 16:01:32 EDT 2014]SHAs for vis bundle entries:
[Thu May 08 16:01:32 EDT 2014]definitionXml: 0fd4eed0ad73ab8a088be8197d3be3502f41209e
[Thu May 08 16:01:32 EDT 2014]vizJson: ae1ee8220e710cea036bc83e363636dd92fe5690
[Thu May 08 16:01:32 EDT 2014]msg.properties: 1034e551ed6aca907650c76b6c47917df4a60e17
[Thu May 08 16:01:32 EDT 2014]icon_48x48: 6eb273801f9a8c4616364687db1cb764ec65b2eb
[Thu May 08 16:01:32 EDT 2014]preview_320x320: ba914ac65956d89aa330585177c64112acbdbe35
[Thu May 08 16:01:32 EDT 2014]preview_500x500: 0ac22c95e2c8dca82b1c0fb8b4007c0882acc1e4
[Thu May 08 16:01:32 EDT 2014]preview_270x200: 31ae4347cc3d442269c86feca0b23c7fbaf07e03
[Fri May 09 08:55:36 EDT 2014]Bundle saved by Visualization Customizer version 1.1.
[Fri May 09 08:55:36 EDT 2014]SHAs for vis bundle entries:
[Fri May 09 08:55:36 EDT 2014]definitionXml: 0fd4eed0ad73ab8a088be8197d3be3502f41209e
[Fri May 09 08:55:36 EDT 2014]vizJson: 27c97fb92442ef43996e18f2b81e49c6ed2b5fba
[Fri May 09 08:55:36 EDT 2014]msg.properties: 1034e551ed6aca907650c76b6c47917df4a60e17
[Fri May 09 08:55:36 EDT 2014]icon_48x48: 6eb273801f9a8c4616364687db1cb764ec65b2eb
[Fri May 09 08:55:36 EDT 2014]preview_320x320: ba914ac65956d89aa330585177c64112acbdbe35
[Fri May 09 08:55:36 EDT 2014]preview_500x500: 0ac22c95e2c8dca82b1c0fb8b4007c0882acc1e4
[Fri May 09 08:55:36 EDT 2014]preview_270x200: 31ae4347cc3d442269c86feca0b23c7fbaf07e03
[Mon May 12 09:48:16 EDT 2014]Bundle opened in Visualization Customizer version 1.1.
[Mon May 12 09:48:16 EDT 2014]SHAs for vis bundle entries:
[Mon May 12 09:48:16 EDT 2014]definitionXml: 0fd4eed0ad73ab8a088be8197d3be3502f41209e
[Mon May 12 09:48:16 EDT 2014]vizJson: d46b53f192922e76820981db9167db9f23946e9a
[Mon May 12 09:48:16 EDT 2014]msg.properties: 1034e551ed6aca907650c76b6c47917df4a60e17
[Mon May 12 09:48:16 EDT 2014]icon_48x48: 6eb273801f9a8c4616364687db1cb764ec65b2eb
[Mon May 12 09:48:16 EDT 2014]preview_320x320: ba914ac65956d89aa330585177c64112acbdbe35
[Mon May 12 09:48:16 EDT 2014]preview_500x500: 0ac22c95e2c8dca82b1c0fb8b4007c0882acc1e4
[Mon May 12 09:48:16 EDT 2014]preview_270x200: 31ae4347cc3d442269c86feca0b23c7fbaf07e03
[Mon May 12 11:47:48 EDT 2014]Bundle opened in Visualization Customizer version 1.1.
[Mon May 12 11:47:48 EDT 2014]SHAs for vis bundle entries:
[Mon May 12 11:47:48 EDT 2014]definitionXml: d6e88e2bd186c626a79d86dd482abcdc8b525119
[Mon May 12 11:47:48 EDT 2014]vizJson: 1a2b6499154598c7675401eb1107ad6f0db68d99
[Mon May 12 11:47:48 EDT 2014]msg.properties: 1034e551ed6aca907650c76b6c47917df4a60e17
[Mon May 12 11:47:48 EDT 2014]icon_48x48: eddb5ec82a6a6345e7945ba6018ed3d3bc486bef
[Mon May 12 11:47:48 EDT 2014]preview_320x320: 25d449da3eae077d775762d71cf30d779b3bc18e
[Mon May 12 11:47:48 EDT 2014]preview_500x500: 8c949ff24dc723eed233974fbeae286f915ad06f
[Mon May 12 11:47:48 EDT 2014]preview_270x200: f267ad621d027d09e7b7bdc6b1bf307c2674052d
[Mon May 12 11:48:42 EDT 2014]Bundle saved by Visualization Customizer version 1.1.
[Mon May 12 11:48:42 EDT 2014]SHAs for vis bundle entries:
[Mon May 12 11:48:42 EDT 2014]definitionXml: 0fd4eed0ad73ab8a088be8197d3be3502f41209e
[Mon May 12 11:48:42 EDT 2014]vizJson: 28c01cb0a2ce2351c5f515dc44d7d0d9a1439454
[Mon May 12 11:48:42 EDT 2014]msg.properties: 09b169318d6da07b016396214aac825bc8bbd005
[Mon May 12 11:48:42 EDT 2014]icon_48x48: eddb5ec82a6a6345e7945ba6018ed3d3bc486bef
[Mon May 12 11:48:42 EDT 2014]preview_320x320: 25d449da3eae077d775762d71cf30d779b3bc18e
[Mon May 12 11:48:42 EDT 2014]preview_500x500: 8c949ff24dc723eed233974fbeae286f915ad06f
[Mon May 12 11:48:42 EDT 2014]preview_270x200: f267ad621d027d09e7b7bdc6b1bf307c2674052d
