[Mon Mar 17 13:43:44 EDT 2014]Bundle opened in Visualization Customizer version 1.1.
[Mon Mar 17 13:43:44 EDT 2014]SHAs for vis bundle entries:
[Mon Mar 17 13:43:44 EDT 2014]definitionXml: 8433b06f78cbffd4b381e369450ec42869a4a8f7
[Mon Mar 17 13:43:44 EDT 2014]vizJson: 5af97adfea0801d177c9ea6fbcc8d49485ec67c5
[Mon Mar 17 13:43:44 EDT 2014]msg.properties: d461d93493b0cc8db320ce9e46635330cca8dc54
[Mon Mar 17 13:43:44 EDT 2014]msg_ca.properties: d461d93493b0cc8db320ce9e46635330cca8dc54
[Mon Mar 17 13:43:44 EDT 2014]msg_cs.properties: 9d603cc4b4a5715faf569e891fc3265420a25ef0
[Mon Mar 17 13:43:44 EDT 2014]msg_da.properties: 4f39173daf75e4d152e45ea57f9b823bd2109681
[Mon Mar 17 13:43:44 EDT 2014]msg_de.properties: f6a8990f8c6c6fa47fabd0c8e8fa06db02d4a5a8
[Mon Mar 17 13:43:44 EDT 2014]msg_el.properties: d461d93493b0cc8db320ce9e46635330cca8dc54
[Mon Mar 17 13:43:44 EDT 2014]msg_en.properties: d461d93493b0cc8db320ce9e46635330cca8dc54
[Mon Mar 17 13:43:44 EDT 2014]msg_es.properties: 4fdbd883ddea4b158b68e3c333f7a576f27ea064
[Mon Mar 17 13:43:44 EDT 2014]msg_fi.properties: 76104f029140d21c83e2c6a6498bb0032bc3bc80
[Mon Mar 17 13:43:44 EDT 2014]msg_fr.properties: 1f011351fc31e6f65ae51cf47097afc274794066
[Mon Mar 17 13:43:44 EDT 2014]msg_hr.properties: 71236813ff5b0efa60c46d5ba64fde904f0a68c1
[Mon Mar 17 13:43:44 EDT 2014]msg_hu.properties: 089933e13d34868a6f8a6d3fd6b08b461c9b79de
[Mon Mar 17 13:43:44 EDT 2014]msg_id.properties: d461d93493b0cc8db320ce9e46635330cca8dc54
[Mon Mar 17 13:43:44 EDT 2014]msg_in.properties: d461d93493b0cc8db320ce9e46635330cca8dc54
[Mon Mar 17 13:43:44 EDT 2014]msg_it.properties: 17421e7a992c01efa68e125435b969f51207a308
[Mon Mar 17 13:43:44 EDT 2014]msg_ja.properties: aa839da41c7ba17a8112a9e31a8bfd9910b5d919
[Mon Mar 17 13:43:44 EDT 2014]msg_kk.properties: d30de7c6ecd395342e74405e4fa7e72e582d576d
[Mon Mar 17 13:43:44 EDT 2014]msg_ko.properties: 94ed139a6e5961783bd34edf27a59f7a8c308e85
[Mon Mar 17 13:43:44 EDT 2014]msg_ms.properties: d461d93493b0cc8db320ce9e46635330cca8dc54
[Mon Mar 17 13:43:44 EDT 2014]msg_nb.properties: 79acf673cda938b130c23fe7b2e0808d9bc4cfbd
[Mon Mar 17 13:43:44 EDT 2014]msg_nl.properties: 2005a80e76bc953d65e10952f50bc00a4ffb1c50
[Mon Mar 17 13:43:44 EDT 2014]msg_no.properties: 79acf673cda938b130c23fe7b2e0808d9bc4cfbd
[Mon Mar 17 13:43:44 EDT 2014]msg_pl.properties: 1b25f330cfdc74f9ca8a7e6e1219384164020b16
[Mon Mar 17 13:43:44 EDT 2014]msg_pt.properties: 5ba498c47702494317aa9dd94af968118151a814
[Mon Mar 17 13:43:44 EDT 2014]msg_ro.properties: a5dc0c99bb1c7bce455dc53858c41e2497fff7a6
[Mon Mar 17 13:43:44 EDT 2014]msg_ru.properties: 4ec268ad9fa48ab14bcf7e1a5564e268ea6ac7f0
[Mon Mar 17 13:43:44 EDT 2014]msg_sk.properties: d461d93493b0cc8db320ce9e46635330cca8dc54
[Mon Mar 17 13:43:44 EDT 2014]msg_sl.properties: cdbeefe018edb5792d0c5be04eb9dda8c45feccd
[Mon Mar 17 13:43:44 EDT 2014]msg_sv.properties: 2794921281be291a8c7c59134522d36885c6a1b1
[Mon Mar 17 13:43:44 EDT 2014]msg_th.properties: 28eee92e5c7d9ce67f921fa4deb5c8893b78ca6a
[Mon Mar 17 13:43:44 EDT 2014]msg_tr.properties: e7e5a1ebe16957ee15f712c54762a0190ec89a98
[Mon Mar 17 13:43:44 EDT 2014]msg_zh_CN.properties: f05b98955f6310f9b0ad887ef5ef7fe12db8a3ee
[Mon Mar 17 13:43:44 EDT 2014]msg_zh_HK.properties: d461d93493b0cc8db320ce9e46635330cca8dc54
[Mon Mar 17 13:43:44 EDT 2014]msg_zh_MO.properties: d461d93493b0cc8db320ce9e46635330cca8dc54
[Mon Mar 17 13:43:44 EDT 2014]msg_zh_SG.properties: d461d93493b0cc8db320ce9e46635330cca8dc54
[Mon Mar 17 13:43:44 EDT 2014]msg_zh_TW.properties: 68a320be4b5e7b9823365a5c1e3a54324fbd152a
[Mon Mar 17 13:43:44 EDT 2014]icon_48x48: 48e2f175a4e737e92daf4f2b4774faaf39b5fbd3
[Mon Mar 17 13:43:44 EDT 2014]preview_500x500: b39848413958443d58c17cdab6973838706c1b9a
[Mon Mar 17 13:43:44 EDT 2014]preview_320x320: e0fbf3233dc86c37904ab48df716a9ad345d44f0
[Mon Mar 17 13:43:44 EDT 2014]preview_200x200: 255f3aaac447683d89b0c2dd2609afec0ed234d1
[Mon Mar 17 13:43:44 EDT 2014]preview_270x200: 33a45ed128bec82c0b3481cd5fb95343fac73f22
[Mon Mar 17 14:11:32 EDT 2014]Bundle saved by Visualization Customizer version 1.1.
[Mon Mar 17 14:11:32 EDT 2014]SHAs for vis bundle entries:
[Mon Mar 17 14:11:32 EDT 2014]definitionXml: 309fd8ccbaeb59ff136d159840eaf2aa12b68577
[Mon Mar 17 14:11:32 EDT 2014]vizJson: 3e83b558372af86e943fe79ef59d7bddefb5d277
[Mon Mar 17 14:11:32 EDT 2014]msg.properties: c924f574f609ddf4ef3f1d074372af1220c21f76
[Mon Mar 17 14:11:32 EDT 2014]msg_ca.properties: d461d93493b0cc8db320ce9e46635330cca8dc54
[Mon Mar 17 14:11:32 EDT 2014]msg_cs.properties: 9d603cc4b4a5715faf569e891fc3265420a25ef0
[Mon Mar 17 14:11:32 EDT 2014]msg_da.properties: 4f39173daf75e4d152e45ea57f9b823bd2109681
[Mon Mar 17 14:11:32 EDT 2014]msg_de.properties: f6a8990f8c6c6fa47fabd0c8e8fa06db02d4a5a8
[Mon Mar 17 14:11:32 EDT 2014]msg_el.properties: d461d93493b0cc8db320ce9e46635330cca8dc54
[Mon Mar 17 14:11:32 EDT 2014]msg_en.properties: d461d93493b0cc8db320ce9e46635330cca8dc54
[Mon Mar 17 14:11:32 EDT 2014]msg_es.properties: 4fdbd883ddea4b158b68e3c333f7a576f27ea064
[Mon Mar 17 14:11:32 EDT 2014]msg_fi.properties: 76104f029140d21c83e2c6a6498bb0032bc3bc80
[Mon Mar 17 14:11:32 EDT 2014]msg_fr.properties: 1f011351fc31e6f65ae51cf47097afc274794066
[Mon Mar 17 14:11:32 EDT 2014]msg_hr.properties: 71236813ff5b0efa60c46d5ba64fde904f0a68c1
[Mon Mar 17 14:11:32 EDT 2014]msg_hu.properties: 089933e13d34868a6f8a6d3fd6b08b461c9b79de
[Mon Mar 17 14:11:32 EDT 2014]msg_id.properties: d461d93493b0cc8db320ce9e46635330cca8dc54
[Mon Mar 17 14:11:32 EDT 2014]msg_in.properties: d461d93493b0cc8db320ce9e46635330cca8dc54
[Mon Mar 17 14:11:32 EDT 2014]msg_it.properties: 17421e7a992c01efa68e125435b969f51207a308
[Mon Mar 17 14:11:32 EDT 2014]msg_ja.properties: aa839da41c7ba17a8112a9e31a8bfd9910b5d919
[Mon Mar 17 14:11:32 EDT 2014]msg_kk.properties: d30de7c6ecd395342e74405e4fa7e72e582d576d
[Mon Mar 17 14:11:32 EDT 2014]msg_ko.properties: 94ed139a6e5961783bd34edf27a59f7a8c308e85
[Mon Mar 17 14:11:32 EDT 2014]msg_ms.properties: d461d93493b0cc8db320ce9e46635330cca8dc54
[Mon Mar 17 14:11:32 EDT 2014]msg_nb.properties: 79acf673cda938b130c23fe7b2e0808d9bc4cfbd
[Mon Mar 17 14:11:32 EDT 2014]msg_nl.properties: 2005a80e76bc953d65e10952f50bc00a4ffb1c50
[Mon Mar 17 14:11:32 EDT 2014]msg_no.properties: 79acf673cda938b130c23fe7b2e0808d9bc4cfbd
[Mon Mar 17 14:11:32 EDT 2014]msg_pl.properties: 1b25f330cfdc74f9ca8a7e6e1219384164020b16
[Mon Mar 17 14:11:32 EDT 2014]msg_pt.properties: 5ba498c47702494317aa9dd94af968118151a814
[Mon Mar 17 14:11:32 EDT 2014]msg_ro.properties: a5dc0c99bb1c7bce455dc53858c41e2497fff7a6
[Mon Mar 17 14:11:32 EDT 2014]msg_ru.properties: 4ec268ad9fa48ab14bcf7e1a5564e268ea6ac7f0
[Mon Mar 17 14:11:32 EDT 2014]msg_sk.properties: d461d93493b0cc8db320ce9e46635330cca8dc54
[Mon Mar 17 14:11:32 EDT 2014]msg_sl.properties: cdbeefe018edb5792d0c5be04eb9dda8c45feccd
[Mon Mar 17 14:11:32 EDT 2014]msg_sv.properties: 2794921281be291a8c7c59134522d36885c6a1b1
[Mon Mar 17 14:11:32 EDT 2014]msg_th.properties: 28eee92e5c7d9ce67f921fa4deb5c8893b78ca6a
[Mon Mar 17 14:11:32 EDT 2014]msg_tr.properties: e7e5a1ebe16957ee15f712c54762a0190ec89a98
[Mon Mar 17 14:11:32 EDT 2014]msg_zh_CN.properties: f05b98955f6310f9b0ad887ef5ef7fe12db8a3ee
[Mon Mar 17 14:11:32 EDT 2014]msg_zh_HK.properties: d461d93493b0cc8db320ce9e46635330cca8dc54
[Mon Mar 17 14:11:32 EDT 2014]msg_zh_MO.properties: d461d93493b0cc8db320ce9e46635330cca8dc54
[Mon Mar 17 14:11:32 EDT 2014]msg_zh_SG.properties: d461d93493b0cc8db320ce9e46635330cca8dc54
[Mon Mar 17 14:11:32 EDT 2014]msg_zh_TW.properties: 68a320be4b5e7b9823365a5c1e3a54324fbd152a
[Mon Mar 17 14:11:32 EDT 2014]icon_48x48: ad9b2a6d376b0aa6beb642a06d98976c3df8421f
[Mon Mar 17 14:11:32 EDT 2014]preview_500x500: b32cf1cf5ef849eadc281685f86b331a2f4be292
[Mon Mar 17 14:11:32 EDT 2014]preview_320x320: 03a5c4fcbce7936408de49a46da4bef38574fd39
[Mon Mar 17 14:11:32 EDT 2014]preview_200x200: 255f3aaac447683d89b0c2dd2609afec0ed234d1
[Mon Mar 17 14:11:32 EDT 2014]preview_270x200: 08e3a7dc3724971bbd5d4b1e11c1fdc408b18639
[Fri Mar 28 13:54:22 EDT 2014]Bundle opened in Visualization Customizer version 1.1.
[Fri Mar 28 13:54:22 EDT 2014]SHAs for vis bundle entries:
[Fri Mar 28 13:54:22 EDT 2014]definitionXml: 309fd8ccbaeb59ff136d159840eaf2aa12b68577
[Fri Mar 28 13:54:22 EDT 2014]vizJson: 3e83b558372af86e943fe79ef59d7bddefb5d277
[Fri Mar 28 13:54:22 EDT 2014]msg.properties: ab670b9a57fdeac36d6cdca7b6e9ba1f066cf46c
[Fri Mar 28 13:54:22 EDT 2014]msg_ca.properties: 55fa344d118f89d0238f043ea331fb6e6e2a6be1
[Fri Mar 28 13:54:22 EDT 2014]msg_cs.properties: 9d79fd392306886fefc5d819a51e0a14d0f047b3
[Fri Mar 28 13:54:22 EDT 2014]msg_da.properties: b071a54284577a859cfca80540f5a9bc8ce9ecac
[Fri Mar 28 13:54:22 EDT 2014]msg_de.properties: 0a74eb738a9c2be07c758c6d2970aea665972b56
[Fri Mar 28 13:54:22 EDT 2014]msg_el.properties: 55fa344d118f89d0238f043ea331fb6e6e2a6be1
[Fri Mar 28 13:54:22 EDT 2014]msg_en.properties: 55fa344d118f89d0238f043ea331fb6e6e2a6be1
[Fri Mar 28 13:54:22 EDT 2014]msg_es.properties: 0b4aa406f396d6ed5b2b0934d5a77266728d8460
[Fri Mar 28 13:54:22 EDT 2014]msg_fi.properties: 144f9b4dd07c967d4f2f11917224d3ae95756348
[Fri Mar 28 13:54:22 EDT 2014]msg_fr.properties: 822684ca2837db46679c97e3c6d694978fc12153
[Fri Mar 28 13:54:22 EDT 2014]msg_hr.properties: 35745673aca582a43c14e783f9a143bdaabe0079
[Fri Mar 28 13:54:22 EDT 2014]msg_hu.properties: 89ae06d118dc60ebb7cd211a31db095d9e853e0f
[Fri Mar 28 13:54:22 EDT 2014]msg_id.properties: 55fa344d118f89d0238f043ea331fb6e6e2a6be1
[Fri Mar 28 13:54:22 EDT 2014]msg_in.properties: 55fa344d118f89d0238f043ea331fb6e6e2a6be1
[Fri Mar 28 13:54:22 EDT 2014]msg_it.properties: 042ad8c66ac032851c6df6947429a940d184d788
[Fri Mar 28 13:54:22 EDT 2014]msg_ja.properties: b3d3ffedd150fff5ef7b09a952b5ffe636ae4d27
[Fri Mar 28 13:54:22 EDT 2014]msg_kk.properties: e5644dca3ed1283e266404b7e6e571bacf6534e8
[Fri Mar 28 13:54:22 EDT 2014]msg_ko.properties: 11f4e0ebf80e48057c6af66c2d39eaf87694f915
[Fri Mar 28 13:54:22 EDT 2014]msg_ms.properties: 55fa344d118f89d0238f043ea331fb6e6e2a6be1
[Fri Mar 28 13:54:22 EDT 2014]msg_nb.properties: e03464d8ff173b32447d4d9e77e478e8d5d1f9fd
[Fri Mar 28 13:54:22 EDT 2014]msg_nl.properties: 79a9f176256bf8f64274e3737e273d95ff8d8fe5
[Fri Mar 28 13:54:22 EDT 2014]msg_no.properties: e03464d8ff173b32447d4d9e77e478e8d5d1f9fd
[Fri Mar 28 13:54:22 EDT 2014]msg_pl.properties: c8e0dec800e419d855190b1d41752b4a828ebd22
[Fri Mar 28 13:54:22 EDT 2014]msg_pt.properties: c250e343976b311d129fedcdb264b055c77d1ca0
[Fri Mar 28 13:54:22 EDT 2014]msg_ro.properties: 28867244c9afaa63f7d2e37ab4e979345672f554
[Fri Mar 28 13:54:22 EDT 2014]msg_ru.properties: a3326b99391a3cc26d3c0a15bf78b6bf03b160c6
[Fri Mar 28 13:54:22 EDT 2014]msg_sk.properties: 55fa344d118f89d0238f043ea331fb6e6e2a6be1
[Fri Mar 28 13:54:22 EDT 2014]msg_sl.properties: c8ee012d79f3a8316041993fe77f2ab82fbe8658
[Fri Mar 28 13:54:22 EDT 2014]msg_sv.properties: 3ddeca0652d3e77fdd7496d2300e8f9b75ba9f91
[Fri Mar 28 13:54:22 EDT 2014]msg_th.properties: 0bdbd319686252e2f0c4a190e3a17359bafa743b
[Fri Mar 28 13:54:22 EDT 2014]msg_tr.properties: eb1666eef9aefc1cd1248fa74812f15e8253f041
[Fri Mar 28 13:54:22 EDT 2014]msg_zh_CN.properties: 7854b562719117cb0eff9f7dca0c64ad3767e2eb
[Fri Mar 28 13:54:22 EDT 2014]msg_zh_HK.properties: 55fa344d118f89d0238f043ea331fb6e6e2a6be1
[Fri Mar 28 13:54:22 EDT 2014]msg_zh_MO.properties: 55fa344d118f89d0238f043ea331fb6e6e2a6be1
[Fri Mar 28 13:54:22 EDT 2014]msg_zh_SG.properties: 55fa344d118f89d0238f043ea331fb6e6e2a6be1
[Fri Mar 28 13:54:22 EDT 2014]msg_zh_TW.properties: 3f298c247582138153a439fd964ceab4408b3381
[Fri Mar 28 13:54:22 EDT 2014]icon_48x48: ad9b2a6d376b0aa6beb642a06d98976c3df8421f
[Fri Mar 28 13:54:22 EDT 2014]preview_500x500: b32cf1cf5ef849eadc281685f86b331a2f4be292
[Fri Mar 28 13:54:22 EDT 2014]preview_320x320: 03a5c4fcbce7936408de49a46da4bef38574fd39
[Fri Mar 28 13:54:22 EDT 2014]preview_200x200: 255f3aaac447683d89b0c2dd2609afec0ed234d1
[Fri Mar 28 13:54:22 EDT 2014]preview_270x200: 08e3a7dc3724971bbd5d4b1e11c1fdc408b18639
[Fri Mar 28 14:24:02 EDT 2014]Bundle saved by Visualization Customizer version 1.1.
[Fri Mar 28 14:24:02 EDT 2014]SHAs for vis bundle entries:
[Fri Mar 28 14:24:02 EDT 2014]definitionXml: 309fd8ccbaeb59ff136d159840eaf2aa12b68577
[Fri Mar 28 14:24:02 EDT 2014]vizJson: 96ef323fbbcca06eb1b319ec81dffe741b5bc3fc
[Fri Mar 28 14:24:02 EDT 2014]msg.properties: ab670b9a57fdeac36d6cdca7b6e9ba1f066cf46c
[Fri Mar 28 14:24:02 EDT 2014]msg_ca.properties: 55fa344d118f89d0238f043ea331fb6e6e2a6be1
[Fri Mar 28 14:24:02 EDT 2014]msg_cs.properties: 9d79fd392306886fefc5d819a51e0a14d0f047b3
[Fri Mar 28 14:24:02 EDT 2014]msg_da.properties: b071a54284577a859cfca80540f5a9bc8ce9ecac
[Fri Mar 28 14:24:02 EDT 2014]msg_de.properties: 0a74eb738a9c2be07c758c6d2970aea665972b56
[Fri Mar 28 14:24:02 EDT 2014]msg_el.properties: 55fa344d118f89d0238f043ea331fb6e6e2a6be1
[Fri Mar 28 14:24:02 EDT 2014]msg_en.properties: 55fa344d118f89d0238f043ea331fb6e6e2a6be1
[Fri Mar 28 14:24:02 EDT 2014]msg_es.properties: 0b4aa406f396d6ed5b2b0934d5a77266728d8460
[Fri Mar 28 14:24:02 EDT 2014]msg_fi.properties: 144f9b4dd07c967d4f2f11917224d3ae95756348
[Fri Mar 28 14:24:02 EDT 2014]msg_fr.properties: 822684ca2837db46679c97e3c6d694978fc12153
[Fri Mar 28 14:24:02 EDT 2014]msg_hr.properties: 35745673aca582a43c14e783f9a143bdaabe0079
[Fri Mar 28 14:24:02 EDT 2014]msg_hu.properties: 89ae06d118dc60ebb7cd211a31db095d9e853e0f
[Fri Mar 28 14:24:02 EDT 2014]msg_id.properties: 55fa344d118f89d0238f043ea331fb6e6e2a6be1
[Fri Mar 28 14:24:02 EDT 2014]msg_in.properties: 55fa344d118f89d0238f043ea331fb6e6e2a6be1
[Fri Mar 28 14:24:02 EDT 2014]msg_it.properties: 042ad8c66ac032851c6df6947429a940d184d788
[Fri Mar 28 14:24:02 EDT 2014]msg_ja.properties: b3d3ffedd150fff5ef7b09a952b5ffe636ae4d27
[Fri Mar 28 14:24:02 EDT 2014]msg_kk.properties: e5644dca3ed1283e266404b7e6e571bacf6534e8
[Fri Mar 28 14:24:02 EDT 2014]msg_ko.properties: 11f4e0ebf80e48057c6af66c2d39eaf87694f915
[Fri Mar 28 14:24:02 EDT 2014]msg_ms.properties: 55fa344d118f89d0238f043ea331fb6e6e2a6be1
[Fri Mar 28 14:24:02 EDT 2014]msg_nb.properties: e03464d8ff173b32447d4d9e77e478e8d5d1f9fd
[Fri Mar 28 14:24:02 EDT 2014]msg_nl.properties: 79a9f176256bf8f64274e3737e273d95ff8d8fe5
[Fri Mar 28 14:24:02 EDT 2014]msg_no.properties: e03464d8ff173b32447d4d9e77e478e8d5d1f9fd
[Fri Mar 28 14:24:02 EDT 2014]msg_pl.properties: c8e0dec800e419d855190b1d41752b4a828ebd22
[Fri Mar 28 14:24:02 EDT 2014]msg_pt.properties: c250e343976b311d129fedcdb264b055c77d1ca0
[Fri Mar 28 14:24:02 EDT 2014]msg_ro.properties: 28867244c9afaa63f7d2e37ab4e979345672f554
[Fri Mar 28 14:24:02 EDT 2014]msg_ru.properties: a3326b99391a3cc26d3c0a15bf78b6bf03b160c6
[Fri Mar 28 14:24:02 EDT 2014]msg_sk.properties: 55fa344d118f89d0238f043ea331fb6e6e2a6be1
[Fri Mar 28 14:24:02 EDT 2014]msg_sl.properties: c8ee012d79f3a8316041993fe77f2ab82fbe8658
[Fri Mar 28 14:24:02 EDT 2014]msg_sv.properties: 3ddeca0652d3e77fdd7496d2300e8f9b75ba9f91
[Fri Mar 28 14:24:02 EDT 2014]msg_th.properties: 0bdbd319686252e2f0c4a190e3a17359bafa743b
[Fri Mar 28 14:24:02 EDT 2014]msg_tr.properties: eb1666eef9aefc1cd1248fa74812f15e8253f041
[Fri Mar 28 14:24:02 EDT 2014]msg_zh_CN.properties: 7854b562719117cb0eff9f7dca0c64ad3767e2eb
[Fri Mar 28 14:24:02 EDT 2014]msg_zh_HK.properties: 55fa344d118f89d0238f043ea331fb6e6e2a6be1
[Fri Mar 28 14:24:02 EDT 2014]msg_zh_MO.properties: 55fa344d118f89d0238f043ea331fb6e6e2a6be1
[Fri Mar 28 14:24:02 EDT 2014]msg_zh_SG.properties: 55fa344d118f89d0238f043ea331fb6e6e2a6be1
[Fri Mar 28 14:24:02 EDT 2014]msg_zh_TW.properties: 3f298c247582138153a439fd964ceab4408b3381
[Fri Mar 28 14:24:02 EDT 2014]icon_48x48: ad9b2a6d376b0aa6beb642a06d98976c3df8421f
[Fri Mar 28 14:24:02 EDT 2014]preview_500x500: b32cf1cf5ef849eadc281685f86b331a2f4be292
[Fri Mar 28 14:24:02 EDT 2014]preview_320x320: 03a5c4fcbce7936408de49a46da4bef38574fd39
[Fri Mar 28 14:24:02 EDT 2014]preview_200x200: 255f3aaac447683d89b0c2dd2609afec0ed234d1
[Fri Mar 28 14:24:02 EDT 2014]preview_270x200: 08e3a7dc3724971bbd5d4b1e11c1fdc408b18639
