[Mon Dec 02 13:01:36 EST 2013]Bundle opened in Visualization Customizer version 1.1.
[Mon Dec 02 13:01:36 EST 2013]SHAs for vis bundle entries:
[Mon Dec 02 13:01:36 EST 2013]definitionXml: 426b6a516199a2b6368de0ee450dc18aabdb8928
[Mon Dec 02 13:01:36 EST 2013]vizJson: 54f67a46b2ca43f0ae3d4439177984b122764aeb
[Mon Dec 02 13:01:36 EST 2013]msg.properties: 932012a2033b54e95ab2cb9401e17d23929a2182
[Mon Dec 02 13:01:36 EST 2013]msg_ca.properties: 932012a2033b54e95ab2cb9401e17d23929a2182
[Mon Dec 02 13:01:36 EST 2013]msg_cs.properties: e99d5e081bf7d236a5a5dec1ce2c5628afe4fdf4
[Mon Dec 02 13:01:36 EST 2013]msg_da.properties: 8dbba4f313897589f921cf3262219b3816229d3c
[Mon Dec 02 13:01:36 EST 2013]msg_de.properties: c3f6c2955322dbddaed06476eaad5f1c55fe3cf8
[Mon Dec 02 13:01:36 EST 2013]msg_el.properties: 932012a2033b54e95ab2cb9401e17d23929a2182
[Mon Dec 02 13:01:36 EST 2013]msg_en.properties: 932012a2033b54e95ab2cb9401e17d23929a2182
[Mon Dec 02 13:01:36 EST 2013]msg_es.properties: 4c24aa4468260fb5773cf87c5c630e29b43f33ce
[Mon Dec 02 13:01:36 EST 2013]msg_fi.properties: af96c2ef42d1c9e45f0682234065625244d912fa
[Mon Dec 02 13:01:36 EST 2013]msg_fr.properties: 719ef058332ac0ac14b4c57e87ef319a74581759
[Mon Dec 02 13:01:36 EST 2013]msg_hr.properties: bf76329a4e4af13834ce7c0b64d8b4d9b7e382b1
[Mon Dec 02 13:01:36 EST 2013]msg_hu.properties: e2814139960549debd79afbc7d20cc2808e33541
[Mon Dec 02 13:01:36 EST 2013]msg_id.properties: 932012a2033b54e95ab2cb9401e17d23929a2182
[Mon Dec 02 13:01:36 EST 2013]msg_in.properties: 932012a2033b54e95ab2cb9401e17d23929a2182
[Mon Dec 02 13:01:36 EST 2013]msg_it.properties: 5260f208dddfcfed1516531c2c3154f14d1c7a4d
[Mon Dec 02 13:01:36 EST 2013]msg_ja.properties: b4dc69bc473063243096171d582c8baa85a07f8a
[Mon Dec 02 13:01:36 EST 2013]msg_kk.properties: b51bcb166d1be7048553f92d600ef6517c4fbd39
[Mon Dec 02 13:01:36 EST 2013]msg_ko.properties: 9e0bcea915e729bbc936ddb599395de63bdfa02e
[Mon Dec 02 13:01:36 EST 2013]msg_ms.properties: 932012a2033b54e95ab2cb9401e17d23929a2182
[Mon Dec 02 13:01:36 EST 2013]msg_nb.properties: 688c9e35d824e05a93de4685090f5f0d1ae9a40f
[Mon Dec 02 13:01:36 EST 2013]msg_nl.properties: d019491a5a3fc4c7c4a7c27674625237122c5cf7
[Mon Dec 02 13:01:36 EST 2013]msg_no.properties: 688c9e35d824e05a93de4685090f5f0d1ae9a40f
[Mon Dec 02 13:01:36 EST 2013]msg_pl.properties: b8d96948acc189ca1178dc372f8bc51a480dffca
[Mon Dec 02 13:01:36 EST 2013]msg_pt.properties: 0f31843f3a7554e0a25e4a0d2e9f41476fbc06d9
[Mon Dec 02 13:01:36 EST 2013]msg_ro.properties: 707cc31612dee36c58e5f220052222902da10e23
[Mon Dec 02 13:01:36 EST 2013]msg_ru.properties: 051f4a82ef956030113403c0da5f70de814d5754
[Mon Dec 02 13:01:36 EST 2013]msg_sk.properties: 932012a2033b54e95ab2cb9401e17d23929a2182
[Mon Dec 02 13:01:36 EST 2013]msg_sl.properties: 74e766320a063158cbec9868166341f662a80cae
[Mon Dec 02 13:01:36 EST 2013]msg_sv.properties: 2b04dc24248742bec83743e13d3c38a2af4b99e2
[Mon Dec 02 13:01:36 EST 2013]msg_th.properties: cb11afae5b597b63bcdbfce5e36aa38fbff0fa37
[Mon Dec 02 13:01:36 EST 2013]msg_tr.properties: 6ca9aa6435ddefb98ad1581ee302cc00555ff6da
[Mon Dec 02 13:01:36 EST 2013]msg_zh_CN.properties: faa77846e4729851d16f8c94d079cba78ca6f85b
[Mon Dec 02 13:01:36 EST 2013]msg_zh_HK.properties: 932012a2033b54e95ab2cb9401e17d23929a2182
[Mon Dec 02 13:01:36 EST 2013]msg_zh_MO.properties: 932012a2033b54e95ab2cb9401e17d23929a2182
[Mon Dec 02 13:01:36 EST 2013]msg_zh_SG.properties: 932012a2033b54e95ab2cb9401e17d23929a2182
[Mon Dec 02 13:01:36 EST 2013]msg_zh_TW.properties: 8aa45076f45de9cc1ef479902393f0014f13af02
[Mon Dec 02 13:01:36 EST 2013]icon_48x48: c248cd12e12e7c42564146219240c1e899e8bd43
[Mon Dec 02 13:01:36 EST 2013]preview_500x500: 7e33e5e07d29a23a18419f73046d99f357e6a823
[Mon Dec 02 13:01:36 EST 2013]preview_320x320: f9e78ca9253124989fb4a429d89dcde084eff86f
[Mon Dec 02 13:01:36 EST 2013]preview_200x200: cfa389c83ededdaf8c81238e3ae5c1bea539fe09
[Mon Dec 02 13:01:36 EST 2013]preview_270x200: cc80541b2b315bde7befb761538c9145b7ac2987
[Mon Dec 02 13:09:39 EST 2013]Bundle saved by Visualization Customizer version 1.1.
[Mon Dec 02 13:09:39 EST 2013]SHAs for vis bundle entries:
[Mon Dec 02 13:09:39 EST 2013]definitionXml: f11a243bea55373d866cd115d72d5da7a0bf1888
[Mon Dec 02 13:09:39 EST 2013]vizJson: fd5d5e10b0c85ba5bb1fa52d0f329fefbf25377a
[Mon Dec 02 13:09:39 EST 2013]msg.properties: 4e5306601de999ba9f900c1f7d32ea59e00a89bd
[Mon Dec 02 13:09:39 EST 2013]msg_ca.properties: 932012a2033b54e95ab2cb9401e17d23929a2182
[Mon Dec 02 13:09:39 EST 2013]msg_cs.properties: e99d5e081bf7d236a5a5dec1ce2c5628afe4fdf4
[Mon Dec 02 13:09:39 EST 2013]msg_da.properties: 8dbba4f313897589f921cf3262219b3816229d3c
[Mon Dec 02 13:09:39 EST 2013]msg_de.properties: c3f6c2955322dbddaed06476eaad5f1c55fe3cf8
[Mon Dec 02 13:09:39 EST 2013]msg_el.properties: 932012a2033b54e95ab2cb9401e17d23929a2182
[Mon Dec 02 13:09:39 EST 2013]msg_en.properties: 932012a2033b54e95ab2cb9401e17d23929a2182
[Mon Dec 02 13:09:39 EST 2013]msg_es.properties: 4c24aa4468260fb5773cf87c5c630e29b43f33ce
[Mon Dec 02 13:09:39 EST 2013]msg_fi.properties: af96c2ef42d1c9e45f0682234065625244d912fa
[Mon Dec 02 13:09:39 EST 2013]msg_fr.properties: 719ef058332ac0ac14b4c57e87ef319a74581759
[Mon Dec 02 13:09:39 EST 2013]msg_hr.properties: bf76329a4e4af13834ce7c0b64d8b4d9b7e382b1
[Mon Dec 02 13:09:39 EST 2013]msg_hu.properties: e2814139960549debd79afbc7d20cc2808e33541
[Mon Dec 02 13:09:39 EST 2013]msg_id.properties: 932012a2033b54e95ab2cb9401e17d23929a2182
[Mon Dec 02 13:09:39 EST 2013]msg_in.properties: 932012a2033b54e95ab2cb9401e17d23929a2182
[Mon Dec 02 13:09:39 EST 2013]msg_it.properties: 5260f208dddfcfed1516531c2c3154f14d1c7a4d
[Mon Dec 02 13:09:39 EST 2013]msg_ja.properties: b4dc69bc473063243096171d582c8baa85a07f8a
[Mon Dec 02 13:09:39 EST 2013]msg_kk.properties: b51bcb166d1be7048553f92d600ef6517c4fbd39
[Mon Dec 02 13:09:39 EST 2013]msg_ko.properties: 9e0bcea915e729bbc936ddb599395de63bdfa02e
[Mon Dec 02 13:09:39 EST 2013]msg_ms.properties: 932012a2033b54e95ab2cb9401e17d23929a2182
[Mon Dec 02 13:09:39 EST 2013]msg_nb.properties: 688c9e35d824e05a93de4685090f5f0d1ae9a40f
[Mon Dec 02 13:09:39 EST 2013]msg_nl.properties: d019491a5a3fc4c7c4a7c27674625237122c5cf7
[Mon Dec 02 13:09:39 EST 2013]msg_no.properties: 688c9e35d824e05a93de4685090f5f0d1ae9a40f
[Mon Dec 02 13:09:39 EST 2013]msg_pl.properties: b8d96948acc189ca1178dc372f8bc51a480dffca
[Mon Dec 02 13:09:39 EST 2013]msg_pt.properties: 0f31843f3a7554e0a25e4a0d2e9f41476fbc06d9
[Mon Dec 02 13:09:39 EST 2013]msg_ro.properties: 707cc31612dee36c58e5f220052222902da10e23
[Mon Dec 02 13:09:39 EST 2013]msg_ru.properties: 051f4a82ef956030113403c0da5f70de814d5754
[Mon Dec 02 13:09:39 EST 2013]msg_sk.properties: 932012a2033b54e95ab2cb9401e17d23929a2182
[Mon Dec 02 13:09:39 EST 2013]msg_sl.properties: 74e766320a063158cbec9868166341f662a80cae
[Mon Dec 02 13:09:39 EST 2013]msg_sv.properties: 2b04dc24248742bec83743e13d3c38a2af4b99e2
[Mon Dec 02 13:09:39 EST 2013]msg_th.properties: cb11afae5b597b63bcdbfce5e36aa38fbff0fa37
[Mon Dec 02 13:09:39 EST 2013]msg_tr.properties: 6ca9aa6435ddefb98ad1581ee302cc00555ff6da
[Mon Dec 02 13:09:39 EST 2013]msg_zh_CN.properties: faa77846e4729851d16f8c94d079cba78ca6f85b
[Mon Dec 02 13:09:39 EST 2013]msg_zh_HK.properties: 932012a2033b54e95ab2cb9401e17d23929a2182
[Mon Dec 02 13:09:39 EST 2013]msg_zh_MO.properties: 932012a2033b54e95ab2cb9401e17d23929a2182
[Mon Dec 02 13:09:39 EST 2013]msg_zh_SG.properties: 932012a2033b54e95ab2cb9401e17d23929a2182
[Mon Dec 02 13:09:39 EST 2013]msg_zh_TW.properties: 8aa45076f45de9cc1ef479902393f0014f13af02
[Mon Dec 02 13:09:39 EST 2013]icon_48x48: b28bc572322f11c671a4a6dbd0a9a6bbc4966438
[Mon Dec 02 13:09:39 EST 2013]preview_500x500: a1f7fdc2f600259f4a5323690b74eb7a485168fb
[Mon Dec 02 13:09:39 EST 2013]preview_320x320: 4c418a0eba42526d0d64b1f45e80a1b0ea38e9a1
[Mon Dec 02 13:09:39 EST 2013]preview_200x200: cfa389c83ededdaf8c81238e3ae5c1bea539fe09
[Mon Dec 02 13:09:39 EST 2013]preview_270x200: dde7ac2f735bdb32b2fa2909affeb9a928e5bfeb
[Wed Mar 12 07:57:46 EDT 2014]Bundle opened in Visualization Customizer version 1.1.
[Wed Mar 12 07:57:46 EDT 2014]SHAs for vis bundle entries:
[Wed Mar 12 07:57:46 EDT 2014]definitionXml: f11a243bea55373d866cd115d72d5da7a0bf1888
[Wed Mar 12 07:57:46 EDT 2014]vizJson: fd5d5e10b0c85ba5bb1fa52d0f329fefbf25377a
[Wed Mar 12 07:57:46 EDT 2014]msg.properties: d34cb4901d7cc46de4af9929a297e6bd83d38ad9
[Wed Mar 12 07:57:46 EDT 2014]msg_ca.properties: f8950b183745fe117467d338e1a3933c203194a1
[Wed Mar 12 07:57:46 EDT 2014]msg_cs.properties: 8db85372839a0c19181f66e03572c05edca9904e
[Wed Mar 12 07:57:46 EDT 2014]msg_da.properties: 28c292e4963a61ce92addf521b7998763d9e4528
[Wed Mar 12 07:57:46 EDT 2014]msg_de.properties: 03da53acd109c26b955c8a17dfc42a202e45d503
[Wed Mar 12 07:57:46 EDT 2014]msg_el.properties: f8950b183745fe117467d338e1a3933c203194a1
[Wed Mar 12 07:57:46 EDT 2014]msg_en.properties: f8950b183745fe117467d338e1a3933c203194a1
[Wed Mar 12 07:57:46 EDT 2014]msg_es.properties: 5a28f3144b8d45d61e2ba189454ff570449d82ef
[Wed Mar 12 07:57:46 EDT 2014]msg_fi.properties: 97cef13e126223f35c0cea93310d7e18f94fcbaf
[Wed Mar 12 07:57:46 EDT 2014]msg_fr.properties: bbbfb2fbea37f056a4b70e3db32554de051c9021
[Wed Mar 12 07:57:46 EDT 2014]msg_hr.properties: 80c5c82f9789cb3f660d933f227cc421538201a1
[Wed Mar 12 07:57:46 EDT 2014]msg_hu.properties: fb7ed885b21f40f1d096a11082cfd680c21f9bad
[Wed Mar 12 07:57:46 EDT 2014]msg_id.properties: f8950b183745fe117467d338e1a3933c203194a1
[Wed Mar 12 07:57:46 EDT 2014]msg_in.properties: f8950b183745fe117467d338e1a3933c203194a1
[Wed Mar 12 07:57:46 EDT 2014]msg_it.properties: 0aa2b9cc45901e19d94ebc788102fbe7bd888bd8
[Wed Mar 12 07:57:46 EDT 2014]msg_ja.properties: 6955071d8d2209facd438a5f15957b66791a12a6
[Wed Mar 12 07:57:46 EDT 2014]msg_kk.properties: 35524710c4361635dd714b1cfff8c9f9f8210f9c
[Wed Mar 12 07:57:46 EDT 2014]msg_ko.properties: fed74b2764b573ce1df6e1fabf31693826835f06
[Wed Mar 12 07:57:46 EDT 2014]msg_ms.properties: f8950b183745fe117467d338e1a3933c203194a1
[Wed Mar 12 07:57:46 EDT 2014]msg_nb.properties: a271c9d27844237141cee6420bba5ee95ab4b6a6
[Wed Mar 12 07:57:46 EDT 2014]msg_nl.properties: 3f83fa9ade7cff3002b9310f9f866a70b00f3985
[Wed Mar 12 07:57:46 EDT 2014]msg_no.properties: a271c9d27844237141cee6420bba5ee95ab4b6a6
[Wed Mar 12 07:57:46 EDT 2014]msg_pl.properties: eb3d0397010a9169566f60068c298645fb94c6db
[Wed Mar 12 07:57:46 EDT 2014]msg_pt.properties: a804c609c4d402b0931713134f354a773bea0ddf
[Wed Mar 12 07:57:46 EDT 2014]msg_ro.properties: ef74eb6cd544e860c3abcc05f0a92df21b6a8b8f
[Wed Mar 12 07:57:46 EDT 2014]msg_ru.properties: 091fb004ec15994578276c63733505262004f11e
[Wed Mar 12 07:57:46 EDT 2014]msg_sk.properties: f8950b183745fe117467d338e1a3933c203194a1
[Wed Mar 12 07:57:46 EDT 2014]msg_sl.properties: d94c38c4c087c2a87aa0c985ce0decb217892ca5
[Wed Mar 12 07:57:46 EDT 2014]msg_sv.properties: 6c443e0336aa6fcd11d3268feb7764606907806f
[Wed Mar 12 07:57:46 EDT 2014]msg_th.properties: d90e73a16309007ff8cd7eeccb8da1406a1fb3d1
[Wed Mar 12 07:57:46 EDT 2014]msg_tr.properties: 08ffd91a236f795fc3bd03905f6e159c460fdabd
[Wed Mar 12 07:57:46 EDT 2014]msg_zh_CN.properties: 7b8e17b269bbb36d3c85ec25790c9ffa26184238
[Wed Mar 12 07:57:46 EDT 2014]msg_zh_HK.properties: f8950b183745fe117467d338e1a3933c203194a1
[Wed Mar 12 07:57:46 EDT 2014]msg_zh_MO.properties: f8950b183745fe117467d338e1a3933c203194a1
[Wed Mar 12 07:57:46 EDT 2014]msg_zh_SG.properties: f8950b183745fe117467d338e1a3933c203194a1
[Wed Mar 12 07:57:46 EDT 2014]msg_zh_TW.properties: 9f6d67da5641d8c2d26b5a8f115c2e7e8d706b47
[Wed Mar 12 07:57:46 EDT 2014]icon_48x48: b28bc572322f11c671a4a6dbd0a9a6bbc4966438
[Wed Mar 12 07:57:46 EDT 2014]preview_500x500: a1f7fdc2f600259f4a5323690b74eb7a485168fb
[Wed Mar 12 07:57:46 EDT 2014]preview_320x320: 4c418a0eba42526d0d64b1f45e80a1b0ea38e9a1
[Wed Mar 12 07:57:46 EDT 2014]preview_200x200: cfa389c83ededdaf8c81238e3ae5c1bea539fe09
[Wed Mar 12 07:57:46 EDT 2014]preview_270x200: dde7ac2f735bdb32b2fa2909affeb9a928e5bfeb
[Wed Mar 12 08:39:22 EDT 2014]Bundle saved by Visualization Customizer version 1.1.
[Wed Mar 12 08:39:22 EDT 2014]SHAs for vis bundle entries:
[Wed Mar 12 08:39:22 EDT 2014]definitionXml: b07af27e91b40e29d7cb4964865fb93ba6f37f45
[Wed Mar 12 08:39:22 EDT 2014]vizJson: fd5d5e10b0c85ba5bb1fa52d0f329fefbf25377a
[Wed Mar 12 08:39:22 EDT 2014]msg.properties: 861c8599a2b6ddd463a38b1d3f0664c1c2b10cc3
[Wed Mar 12 08:39:22 EDT 2014]msg_ca.properties: f8950b183745fe117467d338e1a3933c203194a1
[Wed Mar 12 08:39:22 EDT 2014]msg_cs.properties: 8db85372839a0c19181f66e03572c05edca9904e
[Wed Mar 12 08:39:22 EDT 2014]msg_da.properties: 28c292e4963a61ce92addf521b7998763d9e4528
[Wed Mar 12 08:39:22 EDT 2014]msg_de.properties: 03da53acd109c26b955c8a17dfc42a202e45d503
[Wed Mar 12 08:39:22 EDT 2014]msg_el.properties: f8950b183745fe117467d338e1a3933c203194a1
[Wed Mar 12 08:39:22 EDT 2014]msg_en.properties: f8950b183745fe117467d338e1a3933c203194a1
[Wed Mar 12 08:39:22 EDT 2014]msg_es.properties: 5a28f3144b8d45d61e2ba189454ff570449d82ef
[Wed Mar 12 08:39:22 EDT 2014]msg_fi.properties: 97cef13e126223f35c0cea93310d7e18f94fcbaf
[Wed Mar 12 08:39:22 EDT 2014]msg_fr.properties: bbbfb2fbea37f056a4b70e3db32554de051c9021
[Wed Mar 12 08:39:22 EDT 2014]msg_hr.properties: 80c5c82f9789cb3f660d933f227cc421538201a1
[Wed Mar 12 08:39:22 EDT 2014]msg_hu.properties: fb7ed885b21f40f1d096a11082cfd680c21f9bad
[Wed Mar 12 08:39:22 EDT 2014]msg_id.properties: f8950b183745fe117467d338e1a3933c203194a1
[Wed Mar 12 08:39:22 EDT 2014]msg_in.properties: f8950b183745fe117467d338e1a3933c203194a1
[Wed Mar 12 08:39:22 EDT 2014]msg_it.properties: 0aa2b9cc45901e19d94ebc788102fbe7bd888bd8
[Wed Mar 12 08:39:22 EDT 2014]msg_ja.properties: 6955071d8d2209facd438a5f15957b66791a12a6
[Wed Mar 12 08:39:22 EDT 2014]msg_kk.properties: 35524710c4361635dd714b1cfff8c9f9f8210f9c
[Wed Mar 12 08:39:22 EDT 2014]msg_ko.properties: fed74b2764b573ce1df6e1fabf31693826835f06
[Wed Mar 12 08:39:22 EDT 2014]msg_ms.properties: f8950b183745fe117467d338e1a3933c203194a1
[Wed Mar 12 08:39:22 EDT 2014]msg_nb.properties: a271c9d27844237141cee6420bba5ee95ab4b6a6
[Wed Mar 12 08:39:22 EDT 2014]msg_nl.properties: 3f83fa9ade7cff3002b9310f9f866a70b00f3985
[Wed Mar 12 08:39:22 EDT 2014]msg_no.properties: a271c9d27844237141cee6420bba5ee95ab4b6a6
[Wed Mar 12 08:39:22 EDT 2014]msg_pl.properties: eb3d0397010a9169566f60068c298645fb94c6db
[Wed Mar 12 08:39:22 EDT 2014]msg_pt.properties: a804c609c4d402b0931713134f354a773bea0ddf
[Wed Mar 12 08:39:22 EDT 2014]msg_ro.properties: ef74eb6cd544e860c3abcc05f0a92df21b6a8b8f
[Wed Mar 12 08:39:22 EDT 2014]msg_ru.properties: 091fb004ec15994578276c63733505262004f11e
[Wed Mar 12 08:39:22 EDT 2014]msg_sk.properties: f8950b183745fe117467d338e1a3933c203194a1
[Wed Mar 12 08:39:22 EDT 2014]msg_sl.properties: d94c38c4c087c2a87aa0c985ce0decb217892ca5
[Wed Mar 12 08:39:22 EDT 2014]msg_sv.properties: 6c443e0336aa6fcd11d3268feb7764606907806f
[Wed Mar 12 08:39:22 EDT 2014]msg_th.properties: d90e73a16309007ff8cd7eeccb8da1406a1fb3d1
[Wed Mar 12 08:39:22 EDT 2014]msg_tr.properties: 08ffd91a236f795fc3bd03905f6e159c460fdabd
[Wed Mar 12 08:39:22 EDT 2014]msg_zh_CN.properties: 7b8e17b269bbb36d3c85ec25790c9ffa26184238
[Wed Mar 12 08:39:22 EDT 2014]msg_zh_HK.properties: f8950b183745fe117467d338e1a3933c203194a1
[Wed Mar 12 08:39:22 EDT 2014]msg_zh_MO.properties: f8950b183745fe117467d338e1a3933c203194a1
[Wed Mar 12 08:39:22 EDT 2014]msg_zh_SG.properties: f8950b183745fe117467d338e1a3933c203194a1
[Wed Mar 12 08:39:22 EDT 2014]msg_zh_TW.properties: 9f6d67da5641d8c2d26b5a8f115c2e7e8d706b47
[Wed Mar 12 08:39:22 EDT 2014]icon_48x48: b28bc572322f11c671a4a6dbd0a9a6bbc4966438
[Wed Mar 12 08:39:22 EDT 2014]preview_500x500: a1f7fdc2f600259f4a5323690b74eb7a485168fb
[Wed Mar 12 08:39:22 EDT 2014]preview_320x320: 4c418a0eba42526d0d64b1f45e80a1b0ea38e9a1
[Wed Mar 12 08:39:22 EDT 2014]preview_200x200: cfa389c83ededdaf8c81238e3ae5c1bea539fe09
[Wed Mar 12 08:39:22 EDT 2014]preview_270x200: dde7ac2f735bdb32b2fa2909affeb9a928e5bfeb
