[Mon Mar 03 12:51:46 EST 2014]Bundle opened in Visualization Customizer version 1.1.
[Mon Mar 03 12:51:46 EST 2014]SHAs for vis bundle entries:
[Mon Mar 03 12:51:46 EST 2014]definitionXml: 5727af3db0bdeea89362c78414d02677e91a15a3
[Mon Mar 03 12:51:46 EST 2014]vizJson: 3fa752d6033ae84da7b935fbeaef3e4917dd6514
[Mon Mar 03 12:51:46 EST 2014]msg.properties: 6e41740921fd4febf0a24434e9ad580874d14bfd
[Mon Mar 03 12:51:46 EST 2014]icon_48x48: 735f26687d769797bf2882742219d3d9adbb40f8
[Mon Mar 03 12:51:46 EST 2014]preview_320x320: bd9418ccd9447ed5da40b7cf6f68492c73142efc
[Mon Mar 03 12:51:46 EST 2014]preview_500x500: 65b442853a4d52cfaa4d17ec5cbe678cc3e411e3
[Mon Mar 03 12:51:46 EST 2014]preview_270x200: 2bf68f5911262f189a17254332f291f766ecf3e9
[Mon Mar 03 13:15:54 EST 2014]Bundle saved by Visualization Customizer version 1.1.
[Mon Mar 03 13:15:54 EST 2014]SHAs for vis bundle entries:
[Mon Mar 03 13:15:54 EST 2014]definitionXml: db21702e8c70543020f10c060870e35adbf42d5d
[Mon Mar 03 13:15:54 EST 2014]vizJson: 21b651c7f497a39f6a503b7defe2f6ac012d371a
[Mon Mar 03 13:15:54 EST 2014]msg.properties: a9d958cdb6cf5a676f10c0a8c100560d47b35b04
[Mon Mar 03 13:15:54 EST 2014]icon_48x48: 2e971271304e2c4d266aed1bf827e7da83f37689
[Mon Mar 03 13:15:54 EST 2014]preview_320x320: f629ee9416c6244b26c57131d73e39bc0892a065
[Mon Mar 03 13:15:54 EST 2014]preview_500x500: 094f6c403aa41e658bb0db8c89920354d5da2854
[Mon Mar 03 13:15:54 EST 2014]preview_270x200: 604340b800c07b2876540badf7fa79777e3cf849
[Tue Mar 04 12:58:32 EST 2014]Bundle opened in Visualization Customizer version 1.1.
[Tue Mar 04 12:58:32 EST 2014]SHAs for vis bundle entries:
[Tue Mar 04 12:58:32 EST 2014]definitionXml: 5a5d754f9dbb63398ec5375306f25a9eedae61a6
[Tue Mar 04 12:58:32 EST 2014]vizJson: 21b651c7f497a39f6a503b7defe2f6ac012d371a
[Tue Mar 04 12:58:32 EST 2014]msg.properties: ef2f4ff221042051b8df6162fff404fb96ef018d
[Tue Mar 04 12:58:32 EST 2014]icon_48x48: 2e971271304e2c4d266aed1bf827e7da83f37689
[Tue Mar 04 12:58:32 EST 2014]preview_320x320: f629ee9416c6244b26c57131d73e39bc0892a065
[Tue Mar 04 12:58:32 EST 2014]preview_500x500: 094f6c403aa41e658bb0db8c89920354d5da2854
[Tue Mar 04 12:58:32 EST 2014]preview_270x200: 604340b800c07b2876540badf7fa79777e3cf849
[Tue Mar 04 14:30:00 EST 2014]Bundle saved by Visualization Customizer version 1.1.
[Tue Mar 04 14:30:00 EST 2014]SHAs for vis bundle entries:
[Tue Mar 04 14:30:00 EST 2014]definitionXml: 7d399eaee04675a9c6fee8f076a055ef8da0a30f
[Tue Mar 04 14:30:00 EST 2014]vizJson: c5342ec91d6da998098fb6846cb682ed3df34ba0
[Tue Mar 04 14:30:00 EST 2014]msg.properties: 5d66cfabb87a06d0b8f93834bce21bd526660739
[Tue Mar 04 14:30:00 EST 2014]icon_48x48: ecb4668f1181bd90b531e1fb8c5ff1234aa5acb6
[Tue Mar 04 14:30:00 EST 2014]preview_320x320: 2b71792f401c6a629e0daed2a6cc3917ca970340
[Tue Mar 04 14:30:00 EST 2014]preview_500x500: 0624471a19a4f9e39214ee791fff1bef54145e45
[Tue Mar 04 14:30:00 EST 2014]preview_270x200: c4e0b8ebcc6a324dd76e5e3ded5c46668b3d1a32
[Tue Mar 04 17:18:42 EST 2014]Bundle opened in Visualization Customizer version 1.1.
[Tue Mar 04 17:18:42 EST 2014]SHAs for vis bundle entries:
[Tue Mar 04 17:18:42 EST 2014]definitionXml: 7d399eaee04675a9c6fee8f076a055ef8da0a30f
[Tue Mar 04 17:18:42 EST 2014]vizJson: c5342ec91d6da998098fb6846cb682ed3df34ba0
[Tue Mar 04 17:18:42 EST 2014]msg.properties: 847cfe8111f7bbbe0ac027c55ba2203ab5b52f59
[Tue Mar 04 17:18:42 EST 2014]icon_48x48: ecb4668f1181bd90b531e1fb8c5ff1234aa5acb6
[Tue Mar 04 17:18:42 EST 2014]preview_320x320: 2b71792f401c6a629e0daed2a6cc3917ca970340
[Tue Mar 04 17:18:42 EST 2014]preview_500x500: 0624471a19a4f9e39214ee791fff1bef54145e45
[Tue Mar 04 17:18:42 EST 2014]preview_270x200: c4e0b8ebcc6a324dd76e5e3ded5c46668b3d1a32
[Tue Mar 04 17:22:01 EST 2014]Bundle saved by Visualization Customizer version 1.1.
[Tue Mar 04 17:22:01 EST 2014]SHAs for vis bundle entries:
[Tue Mar 04 17:22:01 EST 2014]definitionXml: 7d399eaee04675a9c6fee8f076a055ef8da0a30f
[Tue Mar 04 17:22:01 EST 2014]vizJson: 10e79895d57a08c0c0ac35a676c5279baa7f1124
[Tue Mar 04 17:22:01 EST 2014]msg.properties: 847cfe8111f7bbbe0ac027c55ba2203ab5b52f59
[Tue Mar 04 17:22:01 EST 2014]icon_48x48: ecb4668f1181bd90b531e1fb8c5ff1234aa5acb6
[Tue Mar 04 17:22:01 EST 2014]preview_320x320: 2b71792f401c6a629e0daed2a6cc3917ca970340
[Tue Mar 04 17:22:01 EST 2014]preview_500x500: 0624471a19a4f9e39214ee791fff1bef54145e45
[Tue Mar 04 17:22:01 EST 2014]preview_270x200: c4e0b8ebcc6a324dd76e5e3ded5c46668b3d1a32
[Wed Mar 19 08:03:52 EDT 2014]Bundle opened in Visualization Customizer version 1.1.
[Wed Mar 19 08:03:52 EDT 2014]SHAs for vis bundle entries:
[Wed Mar 19 08:03:52 EDT 2014]definitionXml: 7d399eaee04675a9c6fee8f076a055ef8da0a30f
[Wed Mar 19 08:03:52 EDT 2014]vizJson: a882591f56d51926642c3d766df06675ee93c21b
[Wed Mar 19 08:03:52 EDT 2014]msg.properties: 1c23807bd9b9b814677efae49cac9c90beb20c78
[Wed Mar 19 08:03:52 EDT 2014]icon_48x48: ecb4668f1181bd90b531e1fb8c5ff1234aa5acb6
[Wed Mar 19 08:03:52 EDT 2014]preview_320x320: 2b71792f401c6a629e0daed2a6cc3917ca970340
[Wed Mar 19 08:03:52 EDT 2014]preview_500x500: 0624471a19a4f9e39214ee791fff1bef54145e45
[Wed Mar 19 08:03:52 EDT 2014]preview_270x200: c4e0b8ebcc6a324dd76e5e3ded5c46668b3d1a32
[Wed Mar 19 10:06:05 EDT 2014]Bundle saved by Visualization Customizer version 1.1.
[Wed Mar 19 10:06:05 EDT 2014]SHAs for vis bundle entries:
[Wed Mar 19 10:06:05 EDT 2014]definitionXml: 7d399eaee04675a9c6fee8f076a055ef8da0a30f
[Wed Mar 19 10:06:05 EDT 2014]vizJson: bef531fddc2dfc775e21824736db54fe77178993
[Wed Mar 19 10:06:05 EDT 2014]msg.properties: 1c23807bd9b9b814677efae49cac9c90beb20c78
[Wed Mar 19 10:06:05 EDT 2014]icon_48x48: 4fdba634763604cf17704ffdf68770c04f0c69b7
[Wed Mar 19 10:06:05 EDT 2014]preview_320x320: d4f9a5ec275a7203a2c547077a70b40083098e78
[Wed Mar 19 10:06:05 EDT 2014]preview_500x500: 20ed697ac6846e8cf7f14eb0a6b4126e517fcd11
[Wed Mar 19 10:06:05 EDT 2014]preview_270x200: b3e0b3f8daef872861561bf49d8a7899f59ebc25
[Wed Mar 19 10:22:12 EDT 2014]Bundle opened in Visualization Customizer version 1.1.
[Wed Mar 19 10:22:12 EDT 2014]SHAs for vis bundle entries:
[Wed Mar 19 10:22:12 EDT 2014]definitionXml: 7d399eaee04675a9c6fee8f076a055ef8da0a30f
[Wed Mar 19 10:22:12 EDT 2014]vizJson: bef531fddc2dfc775e21824736db54fe77178993
[Wed Mar 19 10:22:12 EDT 2014]msg.properties: 847cfe8111f7bbbe0ac027c55ba2203ab5b52f59
[Wed Mar 19 10:22:12 EDT 2014]icon_48x48: 4fdba634763604cf17704ffdf68770c04f0c69b7
[Wed Mar 19 10:22:12 EDT 2014]preview_320x320: d4f9a5ec275a7203a2c547077a70b40083098e78
[Wed Mar 19 10:22:12 EDT 2014]preview_500x500: 20ed697ac6846e8cf7f14eb0a6b4126e517fcd11
[Wed Mar 19 10:22:12 EDT 2014]preview_270x200: b3e0b3f8daef872861561bf49d8a7899f59ebc25
[Wed Mar 19 10:22:35 EDT 2014]Bundle saved by Visualization Customizer version 1.1.
[Wed Mar 19 10:22:35 EDT 2014]SHAs for vis bundle entries:
[Wed Mar 19 10:22:35 EDT 2014]definitionXml: 7d399eaee04675a9c6fee8f076a055ef8da0a30f
[Wed Mar 19 10:22:35 EDT 2014]vizJson: 184673a05574fe92d44c1f9cddeddeb99de86ec7
[Wed Mar 19 10:22:35 EDT 2014]msg.properties: 847cfe8111f7bbbe0ac027c55ba2203ab5b52f59
[Wed Mar 19 10:22:35 EDT 2014]icon_48x48: 3d8db7359a5d5f1a5608f660c5c68625db6e1e42
[Wed Mar 19 10:22:35 EDT 2014]preview_320x320: 680d402411cfae9d1c64045940c8aef2bfbdb228
[Wed Mar 19 10:22:35 EDT 2014]preview_500x500: 3c47ad56bcd34b71f236c08029e2df4736c4f559
[Wed Mar 19 10:22:35 EDT 2014]preview_270x200: 70173c4e6e94ceb73183075aebc9beb75b2138d0
